<?xml version="1.0" encoding="UTF-8"?>
<coverage generated="1653415146799" clover="3.2.0">
  <project timestamp="1653415146799" name="All files">
    <metrics statements="3951" coveredstatements="14" conditionals="3758" coveredconditionals="2" methods="966" coveredmethods="6" elements="8675" coveredelements="22" complexity="0" loc="3951" ncloc="3951" packages="9" files="83" classes="83">
      <package name="src">
        <metrics statements="1133" coveredstatements="14" conditionals="490" coveredconditionals="2" methods="41" coveredmethods="6"/>
        <file name="App.js" path="D:\Project Numerical\frontend\src\App.js">
          <metrics statements="1" coveredstatements="1" conditionals="0" coveredconditionals="0" methods="1" coveredmethods="1"/>
          <line num="7" count="6" type="stmt"/>
        </file>
        <file name="Home.js" path="D:\Project Numerical\frontend\src\Home.js">
          <metrics statements="1114" coveredstatements="13" conditionals="486" coveredconditionals="2" methods="36" coveredmethods="5"/>
          <line num="21" count="6" type="stmt"/>
          <line num="22" count="5" type="stmt"/>
          <line num="89" count="0" type="stmt"/>
          <line num="90" count="0" type="stmt"/>
          <line num="101" count="0" type="stmt"/>
          <line num="106" count="0" type="stmt"/>
          <line num="140" count="0" type="stmt"/>
          <line num="141" count="0" type="stmt"/>
          <line num="148" count="0" type="cond" truecount="0" falsecount="2"/>
          <line num="149" count="0" type="stmt"/>
          <line num="162" count="0" type="stmt"/>
          <line num="182" count="0" type="stmt"/>
          <line num="183" count="0" type="cond" truecount="0" falsecount="2"/>
          <line num="184" count="0" type="cond" truecount="0" falsecount="2"/>
          <line num="187" count="0" type="stmt"/>
          <line num="188" count="0" type="stmt"/>
          <line num="189" count="0" type="stmt"/>
          <line num="190" count="0" type="stmt"/>
          <line num="191" count="0" type="cond" truecount="0" falsecount="4"/>
          <line num="193" count="0" type="stmt"/>
          <line num="194" count="0" type="stmt"/>
          <line num="195" count="0" type="stmt"/>
          <line num="197" count="0" type="stmt"/>
          <line num="201" count="0" type="stmt"/>
          <line num="207" count="0" type="cond" truecount="0" falsecount="2"/>
          <line num="209" count="0" type="stmt"/>
          <line num="211" count="0" type="cond" truecount="0" falsecount="4"/>
          <line num="213" count="0" type="stmt"/>
          <line num="214" count="0" type="stmt"/>
          <line num="218" count="0" type="stmt"/>
          <line num="220" count="0" type="cond" truecount="0" falsecount="4"/>
          <line num="222" count="0" type="stmt"/>
          <line num="223" count="0" type="stmt"/>
          <line num="228" count="0" type="cond" truecount="0" falsecount="6"/>
          <line num="234" count="0" type="stmt"/>
          <line num="235" count="0" type="stmt"/>
          <line num="236" count="0" type="stmt"/>
          <line num="237" count="0" type="stmt"/>
          <line num="238" count="0" type="stmt"/>
          <line num="239" count="0" type="stmt"/>
          <line num="240" count="0" type="cond" truecount="0" falsecount="2"/>
          <line num="245" count="0" type="stmt"/>
          <line num="246" count="0" type="stmt"/>
          <line num="247" count="0" type="stmt"/>
          <line num="249" count="0" type="stmt"/>
          <line num="257" count="0" type="stmt"/>
          <line num="263" count="0" type="stmt"/>
          <line num="264" count="0" type="stmt"/>
          <line num="265" count="0" type="stmt"/>
          <line num="268" count="0" type="cond" truecount="0" falsecount="2"/>
          <line num="270" count="0" type="stmt"/>
          <line num="272" count="0" type="cond" truecount="0" falsecount="4"/>
          <line num="274" count="0" type="stmt"/>
          <line num="275" count="0" type="stmt"/>
          <line num="279" count="0" type="stmt"/>
          <line num="281" count="0" type="cond" truecount="0" falsecount="4"/>
          <line num="283" count="0" type="stmt"/>
          <line num="284" count="0" type="stmt"/>
          <line num="289" count="0" type="cond" truecount="0" falsecount="5"/>
          <line num="294" count="0" type="stmt"/>
          <line num="295" count="0" type="stmt"/>
          <line num="296" count="0" type="stmt"/>
          <line num="297" count="0" type="stmt"/>
          <line num="298" count="0" type="stmt"/>
          <line num="299" count="0" type="stmt"/>
          <line num="300" count="0" type="cond" truecount="0" falsecount="2"/>
          <line num="305" count="0" type="stmt"/>
          <line num="306" count="0" type="stmt"/>
          <line num="307" count="0" type="stmt"/>
          <line num="309" count="0" type="stmt"/>
          <line num="317" count="0" type="stmt"/>
          <line num="322" count="0" type="stmt"/>
          <line num="328" count="0" type="stmt"/>
          <line num="329" count="0" type="stmt"/>
          <line num="330" count="0" type="stmt"/>
          <line num="333" count="0" type="stmt"/>
          <line num="334" count="0" type="cond" truecount="0" falsecount="5"/>
          <line num="336" count="0" type="stmt"/>
          <line num="338" count="0" type="cond" truecount="0" falsecount="5"/>
          <line num="342" count="0" type="stmt"/>
          <line num="343" count="0" type="stmt"/>
          <line num="348" count="0" type="stmt"/>
          <line num="350" count="0" type="cond" truecount="0" falsecount="5"/>
          <line num="354" count="0" type="stmt"/>
          <line num="355" count="0" type="stmt"/>
          <line num="359" count="0" type="cond" truecount="0" falsecount="4"/>
          <line num="362" count="0" type="stmt"/>
          <line num="363" count="0" type="stmt"/>
          <line num="364" count="0" type="stmt"/>
          <line num="365" count="0" type="stmt"/>
          <line num="366" count="0" type="cond" truecount="0" falsecount="4"/>
          <line num="368" count="0" type="stmt"/>
          <line num="369" count="0" type="stmt"/>
          <line num="370" count="0" type="stmt"/>
          <line num="372" count="0" type="stmt"/>
          <line num="376" count="0" type="stmt"/>
          <line num="382" count="0" type="cond" truecount="0" falsecount="2"/>
          <line num="384" count="0" type="stmt"/>
          <line num="386" count="0" type="cond" truecount="0" falsecount="4"/>
          <line num="388" count="0" type="stmt"/>
          <line num="389" count="0" type="stmt"/>
          <line num="393" count="0" type="stmt"/>
          <line num="395" count="0" type="cond" truecount="0" falsecount="4"/>
          <line num="397" count="0" type="stmt"/>
          <line num="398" count="0" type="stmt"/>
          <line num="403" count="0" type="cond" truecount="0" falsecount="2"/>
          <line num="406" count="0" type="stmt"/>
          <line num="407" count="0" type="stmt"/>
          <line num="408" count="0" type="stmt"/>
          <line num="409" count="0" type="stmt"/>
          <line num="412" count="0" type="stmt"/>
          <line num="414" count="0" type="stmt"/>
          <line num="415" count="0" type="cond" truecount="0" falsecount="4"/>
          <line num="417" count="0" type="stmt"/>
          <line num="418" count="0" type="stmt"/>
          <line num="419" count="0" type="stmt"/>
          <line num="421" count="0" type="cond" truecount="0" falsecount="2"/>
          <line num="423" count="0" type="stmt"/>
          <line num="428" count="0" type="cond" truecount="0" falsecount="2"/>
          <line num="430" count="0" type="stmt"/>
          <line num="435" count="0" type="cond" truecount="0" falsecount="2"/>
          <line num="437" count="0" type="stmt"/>
          <line num="445" count="0" type="stmt"/>
          <line num="446" count="0" type="stmt"/>
          <line num="453" count="0" type="cond" truecount="0" falsecount="6"/>
          <line num="455" count="0" type="stmt"/>
          <line num="457" count="0" type="cond" truecount="0" falsecount="6"/>
          <line num="462" count="0" type="stmt"/>
          <line num="463" count="0" type="stmt"/>
          <line num="469" count="0" type="stmt"/>
          <line num="471" count="0" type="cond" truecount="0" falsecount="6"/>
          <line num="476" count="0" type="stmt"/>
          <line num="477" count="0" type="stmt"/>
          <line num="482" count="0" type="stmt"/>
          <line num="486" count="0" type="stmt"/>
          <line num="487" count="0" type="cond" truecount="0" falsecount="5"/>
          <line num="489" count="0" type="cond" truecount="0" falsecount="23"/>
          <line num="491" count="0" type="stmt"/>
          <line num="492" count="0" type="stmt"/>
          <line num="495" count="0" type="stmt"/>
          <line num="496" count="0" type="stmt"/>
          <line num="499" count="0" type="stmt"/>
          <line num="500" count="0" type="stmt"/>
          <line num="503" count="0" type="stmt"/>
          <line num="504" count="0" type="stmt"/>
          <line num="507" count="0" type="stmt"/>
          <line num="508" count="0" type="stmt"/>
          <line num="511" count="0" type="stmt"/>
          <line num="512" count="0" type="stmt"/>
          <line num="515" count="0" type="stmt"/>
          <line num="516" count="0" type="stmt"/>
          <line num="520" count="0" type="stmt"/>
          <line num="524" count="0" type="stmt"/>
          <line num="527" count="0" type="stmt"/>
          <line num="528" count="0" type="stmt"/>
          <line num="531" count="0" type="stmt"/>
          <line num="532" count="0" type="stmt"/>
          <line num="535" count="0" type="stmt"/>
          <line num="536" count="0" type="stmt"/>
          <line num="539" count="0" type="stmt"/>
          <line num="540" count="0" type="stmt"/>
          <line num="543" count="0" type="stmt"/>
          <line num="544" count="0" type="stmt"/>
          <line num="547" count="0" type="stmt"/>
          <line num="548" count="0" type="stmt"/>
          <line num="551" count="0" type="stmt"/>
          <line num="552" count="0" type="stmt"/>
          <line num="555" count="0" type="stmt"/>
          <line num="556" count="0" type="stmt"/>
          <line num="559" count="0" type="stmt"/>
          <line num="560" count="0" type="stmt"/>
          <line num="563" count="0" type="stmt"/>
          <line num="564" count="0" type="stmt"/>
          <line num="567" count="0" type="stmt"/>
          <line num="568" count="0" type="stmt"/>
          <line num="571" count="0" type="stmt"/>
          <line num="572" count="0" type="stmt"/>
          <line num="575" count="0" type="cond" truecount="0" falsecount="7"/>
          <line num="578" count="0" type="stmt"/>
          <line num="582" count="0" type="stmt"/>
          <line num="584" count="0" type="stmt"/>
          <line num="587" count="0" type="stmt"/>
          <line num="589" count="0" type="stmt"/>
          <line num="594" count="0" type="stmt"/>
          <line num="598" count="0" type="stmt"/>
          <line num="599" count="0" type="cond" truecount="0" falsecount="23"/>
          <line num="601" count="0" type="stmt"/>
          <line num="610" count="0" type="stmt"/>
          <line num="613" count="0" type="stmt"/>
          <line num="622" count="0" type="stmt"/>
          <line num="625" count="0" type="stmt"/>
          <line num="633" count="0" type="stmt"/>
          <line num="636" count="0" type="stmt"/>
          <line num="644" count="0" type="stmt"/>
          <line num="647" count="0" type="stmt"/>
          <line num="656" count="0" type="stmt"/>
          <line num="659" count="0" type="stmt"/>
          <line num="669" count="0" type="stmt"/>
          <line num="672" count="0" type="stmt"/>
          <line num="681" count="0" type="stmt"/>
          <line num="684" count="0" type="stmt"/>
          <line num="693" count="0" type="stmt"/>
          <line num="696" count="0" type="stmt"/>
          <line num="705" count="0" type="stmt"/>
          <line num="708" count="0" type="stmt"/>
          <line num="718" count="0" type="stmt"/>
          <line num="721" count="0" type="stmt"/>
          <line num="731" count="0" type="stmt"/>
          <line num="734" count="0" type="stmt"/>
          <line num="745" count="0" type="stmt"/>
          <line num="748" count="0" type="stmt"/>
          <line num="758" count="0" type="stmt"/>
          <line num="761" count="0" type="stmt"/>
          <line num="771" count="0" type="stmt"/>
          <line num="774" count="0" type="stmt"/>
          <line num="783" count="0" type="stmt"/>
          <line num="786" count="0" type="stmt"/>
          <line num="795" count="0" type="stmt"/>
          <line num="798" count="0" type="stmt"/>
          <line num="811" count="0" type="stmt"/>
          <line num="814" count="0" type="stmt"/>
          <line num="824" count="0" type="stmt"/>
          <line num="827" count="0" type="stmt"/>
          <line num="838" count="0" type="stmt"/>
          <line num="841" count="0" type="stmt"/>
          <line num="851" count="0" type="stmt"/>
          <line num="854" count="0" type="stmt"/>
          <line num="865" count="0" type="stmt"/>
          <line num="868" count="0" type="stmt"/>
          <line num="879" count="0" type="stmt"/>
          <line num="882" count="0" type="stmt"/>
          <line num="888" count="0" type="stmt"/>
          <line num="892" count="0" type="stmt"/>
          <line num="893" count="0" type="stmt"/>
          <line num="895" count="0" type="stmt"/>
          <line num="899" count="0" type="stmt"/>
          <line num="900" count="0" type="stmt"/>
          <line num="901" count="0" type="stmt"/>
          <line num="902" count="0" type="stmt"/>
          <line num="905" count="0" type="stmt"/>
          <line num="906" count="0" type="stmt"/>
          <line num="908" count="0" type="stmt"/>
          <line num="909" count="0" type="cond" truecount="0" falsecount="2"/>
          <line num="910" count="0" type="stmt"/>
          <line num="913" count="0" type="stmt"/>
          <line num="914" count="0" type="stmt"/>
          <line num="918" count="0" type="stmt"/>
          <line num="919" count="0" type="stmt"/>
          <line num="921" count="0" type="stmt"/>
          <line num="922" count="0" type="stmt"/>
          <line num="924" count="0" type="cond" truecount="0" falsecount="2"/>
          <line num="925" count="0" type="stmt"/>
          <line num="929" count="0" type="cond" truecount="0" falsecount="2"/>
          <line num="930" count="0" type="stmt"/>
          <line num="931" count="0" type="stmt"/>
          <line num="932" count="0" type="stmt"/>
          <line num="933" count="0" type="stmt"/>
          <line num="934" count="0" type="stmt"/>
          <line num="935" count="0" type="stmt"/>
          <line num="936" count="0" type="stmt"/>
          <line num="937" count="0" type="stmt"/>
          <line num="938" count="0" type="stmt"/>
          <line num="939" count="0" type="stmt"/>
          <line num="940" count="0" type="stmt"/>
          <line num="941" count="0" type="stmt"/>
          <line num="943" count="0" type="stmt"/>
          <line num="944" count="0" type="stmt"/>
          <line num="946" count="0" type="stmt"/>
          <line num="947" count="0" type="stmt"/>
          <line num="949" count="0" type="cond" truecount="0" falsecount="2"/>
          <line num="950" count="0" type="stmt"/>
          <line num="952" count="0" type="stmt"/>
          <line num="954" count="0" type="stmt"/>
          <line num="958" count="0" type="stmt"/>
          <line num="967" count="0" type="stmt"/>
          <line num="968" count="0" type="stmt"/>
          <line num="969" count="0" type="stmt"/>
          <line num="970" count="0" type="stmt"/>
          <line num="971" count="0" type="stmt"/>
          <line num="972" count="0" type="stmt"/>
          <line num="973" count="0" type="stmt"/>
          <line num="974" count="0" type="stmt"/>
          <line num="975" count="0" type="stmt"/>
          <line num="976" count="0" type="stmt"/>
          <line num="977" count="0" type="stmt"/>
          <line num="980" count="0" type="cond" truecount="0" falsecount="23"/>
          <line num="982" count="0" type="stmt"/>
          <line num="983" count="0" type="stmt"/>
          <line num="984" count="0" type="stmt"/>
          <line num="985" count="0" type="stmt"/>
          <line num="987" count="0" type="stmt"/>
          <line num="988" count="0" type="stmt"/>
          <line num="989" count="0" type="stmt"/>
          <line num="990" count="0" type="stmt"/>
          <line num="991" count="0" type="cond" truecount="0" falsecount="2"/>
          <line num="992" count="0" type="stmt"/>
          <line num="993" count="0" type="stmt"/>
          <line num="995" count="0" type="stmt"/>
          <line num="996" count="0" type="stmt"/>
          <line num="1000" count="0" type="stmt"/>
          <line num="1001" count="0" type="cond" truecount="0" falsecount="4"/>
          <line num="1006" count="0" type="stmt"/>
          <line num="1018" count="0" type="stmt"/>
          <line num="1023" count="0" type="stmt"/>
          <line num="1046" count="0" type="stmt"/>
          <line num="1049" count="0" type="stmt"/>
          <line num="1050" count="0" type="stmt"/>
          <line num="1051" count="0" type="stmt"/>
          <line num="1056" count="0" type="stmt"/>
          <line num="1057" count="0" type="stmt"/>
          <line num="1059" count="0" type="cond" truecount="0" falsecount="2"/>
          <line num="1060" count="0" type="stmt"/>
          <line num="1061" count="0" type="stmt"/>
          <line num="1063" count="0" type="stmt"/>
          <line num="1064" count="0" type="stmt"/>
          <line num="1066" count="0" type="stmt"/>
          <line num="1068" count="0" type="stmt"/>
          <line num="1069" count="0" type="cond" truecount="0" falsecount="4"/>
          <line num="1070" count="0" type="stmt"/>
          <line num="1078" count="0" type="stmt"/>
          <line num="1084" count="0" type="stmt"/>
          <line num="1107" count="0" type="stmt"/>
          <line num="1110" count="0" type="stmt"/>
          <line num="1112" count="0" type="stmt"/>
          <line num="1113" count="0" type="stmt"/>
          <line num="1114" count="0" type="stmt"/>
          <line num="1115" count="0" type="stmt"/>
          <line num="1116" count="0" type="cond" truecount="0" falsecount="2"/>
          <line num="1117" count="0" type="stmt"/>
          <line num="1118" count="0" type="stmt"/>
          <line num="1119" count="0" type="stmt"/>
          <line num="1121" count="0" type="stmt"/>
          <line num="1122" count="0" type="cond" truecount="0" falsecount="4"/>
          <line num="1123" count="0" type="stmt"/>
          <line num="1131" count="0" type="stmt"/>
          <line num="1137" count="0" type="stmt"/>
          <line num="1140" count="0" type="stmt"/>
          <line num="1141" count="0" type="stmt"/>
          <line num="1164" count="0" type="stmt"/>
          <line num="1167" count="0" type="stmt"/>
          <line num="1168" count="0" type="stmt"/>
          <line num="1169" count="0" type="stmt"/>
          <line num="1171" count="0" type="stmt"/>
          <line num="1177" count="0" type="stmt"/>
          <line num="1179" count="0" type="cond" truecount="0" falsecount="2"/>
          <line num="1180" count="0" type="stmt"/>
          <line num="1181" count="0" type="stmt"/>
          <line num="1183" count="0" type="stmt"/>
          <line num="1185" count="0" type="stmt"/>
          <line num="1188" count="0" type="stmt"/>
          <line num="1189" count="0" type="cond" truecount="0" falsecount="4"/>
          <line num="1190" count="0" type="stmt"/>
          <line num="1198" count="0" type="stmt"/>
          <line num="1205" count="0" type="stmt"/>
          <line num="1228" count="0" type="stmt"/>
          <line num="1231" count="0" type="stmt"/>
          <line num="1232" count="0" type="stmt"/>
          <line num="1233" count="0" type="stmt"/>
          <line num="1235" count="0" type="stmt"/>
          <line num="1237" count="0" type="stmt"/>
          <line num="1241" count="0" type="stmt"/>
          <line num="1242" count="0" type="stmt"/>
          <line num="1243" count="0" type="stmt"/>
          <line num="1246" count="0" type="stmt"/>
          <line num="1248" count="0" type="stmt"/>
          <line num="1249" count="0" type="stmt"/>
          <line num="1256" count="0" type="stmt"/>
          <line num="1261" count="0" type="stmt"/>
          <line num="1264" count="0" type="stmt"/>
          <line num="1265" count="0" type="stmt"/>
          <line num="1266" count="0" type="stmt"/>
          <line num="1267" count="0" type="stmt"/>
          <line num="1268" count="0" type="stmt"/>
          <line num="1269" count="0" type="stmt"/>
          <line num="1270" count="0" type="stmt"/>
          <line num="1271" count="0" type="stmt"/>
          <line num="1272" count="0" type="stmt"/>
          <line num="1273" count="0" type="stmt"/>
          <line num="1275" count="0" type="stmt"/>
          <line num="1276" count="0" type="stmt"/>
          <line num="1281" count="0" type="stmt"/>
          <line num="1282" count="0" type="stmt"/>
          <line num="1284" count="0" type="stmt"/>
          <line num="1285" count="0" type="stmt"/>
          <line num="1286" count="0" type="stmt"/>
          <line num="1287" count="0" type="stmt"/>
          <line num="1290" count="0" type="stmt"/>
          <line num="1294" count="0" type="stmt"/>
          <line num="1297" count="0" type="stmt"/>
          <line num="1299" count="0" type="stmt"/>
          <line num="1300" count="0" type="stmt"/>
          <line num="1301" count="0" type="stmt"/>
          <line num="1303" count="0" type="stmt"/>
          <line num="1306" count="0" type="stmt"/>
          <line num="1308" count="0" type="stmt"/>
          <line num="1311" count="0" type="stmt"/>
          <line num="1312" count="0" type="stmt"/>
          <line num="1315" count="0" type="stmt"/>
          <line num="1318" count="0" type="stmt"/>
          <line num="1320" count="0" type="stmt"/>
          <line num="1323" count="0" type="stmt"/>
          <line num="1324" count="0" type="stmt"/>
          <line num="1325" count="0" type="stmt"/>
          <line num="1326" count="0" type="stmt"/>
          <line num="1327" count="0" type="stmt"/>
          <line num="1328" count="0" type="cond" truecount="0" falsecount="2"/>
          <line num="1329" count="0" type="stmt"/>
          <line num="1331" count="0" type="stmt"/>
          <line num="1334" count="0" type="cond" truecount="0" falsecount="2"/>
          <line num="1335" count="0" type="stmt"/>
          <line num="1336" count="0" type="stmt"/>
          <line num="1337" count="0" type="stmt"/>
          <line num="1339" count="0" type="stmt"/>
          <line num="1346" count="0" type="stmt"/>
          <line num="1349" count="0" type="stmt"/>
          <line num="1354" count="0" type="stmt"/>
          <line num="1357" count="0" type="stmt"/>
          <line num="1359" count="0" type="stmt"/>
          <line num="1360" count="0" type="stmt"/>
          <line num="1363" count="0" type="stmt"/>
          <line num="1366" count="0" type="stmt"/>
          <line num="1369" count="0" type="stmt"/>
          <line num="1370" count="0" type="stmt"/>
          <line num="1373" count="0" type="stmt"/>
          <line num="1374" count="0" type="stmt"/>
          <line num="1376" count="0" type="stmt"/>
          <line num="1377" count="0" type="stmt"/>
          <line num="1378" count="0" type="stmt"/>
          <line num="1407" count="0" type="stmt"/>
          <line num="1410" count="0" type="stmt"/>
          <line num="1415" count="0" type="stmt"/>
          <line num="1418" count="0" type="stmt"/>
          <line num="1420" count="0" type="stmt"/>
          <line num="1421" count="0" type="stmt"/>
          <line num="1424" count="0" type="stmt"/>
          <line num="1425" count="0" type="stmt"/>
          <line num="1426" count="0" type="stmt"/>
          <line num="1428" count="0" type="stmt"/>
          <line num="1429" count="0" type="stmt"/>
          <line num="1430" count="0" type="stmt"/>
          <line num="1431" count="0" type="stmt"/>
          <line num="1434" count="0" type="stmt"/>
          <line num="1436" count="0" type="stmt"/>
          <line num="1437" count="0" type="stmt"/>
          <line num="1439" count="0" type="stmt"/>
          <line num="1440" count="0" type="stmt"/>
          <line num="1441" count="0" type="stmt"/>
          <line num="1442" count="0" type="stmt"/>
          <line num="1443" count="0" type="stmt"/>
          <line num="1444" count="0" type="stmt"/>
          <line num="1445" count="0" type="stmt"/>
          <line num="1446" count="0" type="cond" truecount="0" falsecount="2"/>
          <line num="1447" count="0" type="stmt"/>
          <line num="1450" count="0" type="stmt"/>
          <line num="1451" count="0" type="stmt"/>
          <line num="1453" count="0" type="stmt"/>
          <line num="1455" count="0" type="stmt"/>
          <line num="1456" count="0" type="cond" truecount="0" falsecount="2"/>
          <line num="1457" count="0" type="stmt"/>
          <line num="1460" count="0" type="stmt"/>
          <line num="1462" count="0" type="cond" truecount="0" falsecount="2"/>
          <line num="1463" count="0" type="stmt"/>
          <line num="1464" count="0" type="stmt"/>
          <line num="1470" count="0" type="stmt"/>
          <line num="1472" count="0" type="stmt"/>
          <line num="1478" count="0" type="stmt"/>
          <line num="1481" count="0" type="stmt"/>
          <line num="1483" count="0" type="stmt"/>
          <line num="1484" count="0" type="stmt"/>
          <line num="1486" count="0" type="stmt"/>
          <line num="1487" count="0" type="stmt"/>
          <line num="1490" count="0" type="stmt"/>
          <line num="1491" count="0" type="stmt"/>
          <line num="1492" count="0" type="stmt"/>
          <line num="1495" count="0" type="stmt"/>
          <line num="1497" count="0" type="stmt"/>
          <line num="1498" count="0" type="stmt"/>
          <line num="1500" count="0" type="stmt"/>
          <line num="1501" count="0" type="stmt"/>
          <line num="1502" count="0" type="stmt"/>
          <line num="1503" count="0" type="stmt"/>
          <line num="1504" count="0" type="stmt"/>
          <line num="1505" count="0" type="stmt"/>
          <line num="1506" count="0" type="cond" truecount="0" falsecount="2"/>
          <line num="1507" count="0" type="stmt"/>
          <line num="1510" count="0" type="stmt"/>
          <line num="1513" count="0" type="stmt"/>
          <line num="1515" count="0" type="stmt"/>
          <line num="1516" count="0" type="stmt"/>
          <line num="1517" count="0" type="cond" truecount="0" falsecount="2"/>
          <line num="1518" count="0" type="stmt"/>
          <line num="1521" count="0" type="cond" truecount="0" falsecount="2"/>
          <line num="1522" count="0" type="stmt"/>
          <line num="1523" count="0" type="stmt"/>
          <line num="1529" count="0" type="stmt"/>
          <line num="1532" count="0" type="stmt"/>
          <line num="1537" count="0" type="stmt"/>
          <line num="1540" count="0" type="stmt"/>
          <line num="1542" count="0" type="stmt"/>
          <line num="1543" count="0" type="stmt"/>
          <line num="1544" count="0" type="stmt"/>
          <line num="1547" count="0" type="stmt"/>
          <line num="1550" count="0" type="stmt"/>
          <line num="1552" count="0" type="stmt"/>
          <line num="1554" count="0" type="stmt"/>
          <line num="1556" count="0" type="stmt"/>
          <line num="1558" count="0" type="stmt"/>
          <line num="1560" count="0" type="stmt"/>
          <line num="1562" count="0" type="stmt"/>
          <line num="1564" count="0" type="stmt"/>
          <line num="1566" count="0" type="stmt"/>
          <line num="1567" count="0" type="cond" truecount="0" falsecount="2"/>
          <line num="1568" count="0" type="stmt"/>
          <line num="1569" count="0" type="stmt"/>
          <line num="1571" count="0" type="stmt"/>
          <line num="1579" count="0" type="stmt"/>
          <line num="1580" count="0" type="stmt"/>
          <line num="1581" count="0" type="stmt"/>
          <line num="1584" count="0" type="stmt"/>
          <line num="1593" count="0" type="stmt"/>
          <line num="1597" count="0" type="stmt"/>
          <line num="1598" count="0" type="stmt"/>
          <line num="1599" count="0" type="stmt"/>
          <line num="1602" count="0" type="stmt"/>
          <line num="1604" count="0" type="stmt"/>
          <line num="1605" count="0" type="stmt"/>
          <line num="1612" count="0" type="stmt"/>
          <line num="1618" count="0" type="stmt"/>
          <line num="1621" count="0" type="stmt"/>
          <line num="1625" count="0" type="stmt"/>
          <line num="1629" count="0" type="stmt"/>
          <line num="1630" count="0" type="stmt"/>
          <line num="1631" count="0" type="stmt"/>
          <line num="1632" count="0" type="stmt"/>
          <line num="1633" count="0" type="stmt"/>
          <line num="1634" count="0" type="stmt"/>
          <line num="1635" count="0" type="stmt"/>
          <line num="1636" count="0" type="stmt"/>
          <line num="1637" count="0" type="stmt"/>
          <line num="1638" count="0" type="stmt"/>
          <line num="1639" count="0" type="stmt"/>
          <line num="1640" count="0" type="stmt"/>
          <line num="1641" count="0" type="cond" truecount="0" falsecount="2"/>
          <line num="1642" count="0" type="stmt"/>
          <line num="1643" count="0" type="stmt"/>
          <line num="1646" count="0" type="stmt"/>
          <line num="1648" count="0" type="stmt"/>
          <line num="1653" count="0" type="stmt"/>
          <line num="1657" count="0" type="stmt"/>
          <line num="1658" count="0" type="stmt"/>
          <line num="1660" count="0" type="stmt"/>
          <line num="1661" count="0" type="stmt"/>
          <line num="1662" count="0" type="stmt"/>
          <line num="1663" count="0" type="stmt"/>
          <line num="1664" count="0" type="stmt"/>
          <line num="1665" count="0" type="stmt"/>
          <line num="1666" count="0" type="stmt"/>
          <line num="1667" count="0" type="stmt"/>
          <line num="1668" count="0" type="stmt"/>
          <line num="1669" count="0" type="stmt"/>
          <line num="1671" count="0" type="stmt"/>
          <line num="1672" count="0" type="stmt"/>
          <line num="1673" count="0" type="stmt"/>
          <line num="1675" count="0" type="stmt"/>
          <line num="1676" count="0" type="stmt"/>
          <line num="1679" count="0" type="stmt"/>
          <line num="1680" count="0" type="stmt"/>
          <line num="1685" count="0" type="cond" truecount="0" falsecount="2"/>
          <line num="1687" count="0" type="stmt"/>
          <line num="1689" count="0" type="stmt"/>
          <line num="1691" count="0" type="stmt"/>
          <line num="1692" count="0" type="stmt"/>
          <line num="1693" count="0" type="stmt"/>
          <line num="1696" count="0" type="stmt"/>
          <line num="1715" count="0" type="stmt"/>
          <line num="1718" count="0" type="stmt"/>
          <line num="1719" count="0" type="stmt"/>
          <line num="1721" count="0" type="stmt"/>
          <line num="1722" count="0" type="stmt"/>
          <line num="1723" count="0" type="stmt"/>
          <line num="1724" count="0" type="stmt"/>
          <line num="1725" count="0" type="stmt"/>
          <line num="1726" count="0" type="stmt"/>
          <line num="1727" count="0" type="stmt"/>
          <line num="1728" count="0" type="stmt"/>
          <line num="1729" count="0" type="stmt"/>
          <line num="1730" count="0" type="stmt"/>
          <line num="1731" count="0" type="stmt"/>
          <line num="1732" count="0" type="stmt"/>
          <line num="1734" count="0" type="stmt"/>
          <line num="1735" count="0" type="stmt"/>
          <line num="1736" count="0" type="stmt"/>
          <line num="1739" count="0" type="stmt"/>
          <line num="1740" count="0" type="stmt"/>
          <line num="1742" count="0" type="stmt"/>
          <line num="1744" count="0" type="stmt"/>
          <line num="1745" count="0" type="stmt"/>
          <line num="1746" count="0" type="stmt"/>
          <line num="1747" count="0" type="stmt"/>
          <line num="1749" count="0" type="stmt"/>
          <line num="1750" count="0" type="stmt"/>
          <line num="1755" count="0" type="cond" truecount="0" falsecount="2"/>
          <line num="1756" count="0" type="cond" truecount="0" falsecount="2"/>
          <line num="1757" count="0" type="stmt"/>
          <line num="1759" count="0" type="stmt"/>
          <line num="1761" count="0" type="stmt"/>
          <line num="1780" count="0" type="stmt"/>
          <line num="1784" count="0" type="stmt"/>
          <line num="1786" count="0" type="stmt"/>
          <line num="1787" count="0" type="stmt"/>
          <line num="1788" count="0" type="stmt"/>
          <line num="1789" count="0" type="stmt"/>
          <line num="1790" count="0" type="stmt"/>
          <line num="1791" count="0" type="stmt"/>
          <line num="1792" count="0" type="stmt"/>
          <line num="1793" count="0" type="stmt"/>
          <line num="1794" count="0" type="stmt"/>
          <line num="1795" count="0" type="stmt"/>
          <line num="1796" count="0" type="stmt"/>
          <line num="1797" count="0" type="stmt"/>
          <line num="1798" count="0" type="stmt"/>
          <line num="1799" count="0" type="stmt"/>
          <line num="1800" count="0" type="stmt"/>
          <line num="1801" count="0" type="stmt"/>
          <line num="1802" count="0" type="stmt"/>
          <line num="1803" count="0" type="stmt"/>
          <line num="1804" count="0" type="stmt"/>
          <line num="1806" count="0" type="stmt"/>
          <line num="1811" count="0" type="stmt"/>
          <line num="1813" count="0" type="stmt"/>
          <line num="1814" count="0" type="stmt"/>
          <line num="1815" count="0" type="stmt"/>
          <line num="1816" count="0" type="stmt"/>
          <line num="1820" count="0" type="stmt"/>
          <line num="1821" count="0" type="stmt"/>
          <line num="1823" count="0" type="stmt"/>
          <line num="1824" count="0" type="stmt"/>
          <line num="1829" count="0" type="cond" truecount="0" falsecount="2"/>
          <line num="1831" count="0" type="stmt"/>
          <line num="1833" count="0" type="cond" truecount="0" falsecount="2"/>
          <line num="1835" count="0" type="stmt"/>
          <line num="1836" count="0" type="stmt"/>
          <line num="1838" count="0" type="cond" truecount="0" falsecount="2"/>
          <line num="1840" count="0" type="stmt"/>
          <line num="1841" count="0" type="stmt"/>
          <line num="1844" count="0" type="stmt"/>
          <line num="1845" count="0" type="stmt"/>
          <line num="1847" count="0" type="stmt"/>
          <line num="1849" count="0" type="stmt"/>
          <line num="1869" count="0" type="stmt"/>
          <line num="1872" count="0" type="stmt"/>
          <line num="1875" count="0" type="stmt"/>
          <line num="1878" count="0" type="stmt"/>
          <line num="1881" count="0" type="stmt"/>
          <line num="1884" count="0" type="stmt"/>
          <line num="1885" count="0" type="stmt"/>
          <line num="1886" count="0" type="stmt"/>
          <line num="1888" count="0" type="stmt"/>
          <line num="1889" count="0" type="stmt"/>
          <line num="1890" count="0" type="stmt"/>
          <line num="1891" count="0" type="stmt"/>
          <line num="1892" count="0" type="cond" truecount="0" falsecount="2"/>
          <line num="1894" count="0" type="cond" truecount="0" falsecount="3"/>
          <line num="1897" count="0" type="cond" truecount="0" falsecount="2"/>
          <line num="1899" count="0" type="stmt"/>
          <line num="1900" count="0" type="stmt"/>
          <line num="1903" count="0" type="stmt"/>
          <line num="1905" count="0" type="cond" truecount="0" falsecount="2"/>
          <line num="1907" count="0" type="stmt"/>
          <line num="1911" count="0" type="cond" truecount="0" falsecount="2"/>
          <line num="1913" count="0" type="stmt"/>
          <line num="1916" count="0" type="cond" truecount="0" falsecount="2"/>
          <line num="1918" count="0" type="stmt"/>
          <line num="1924" count="0" type="stmt"/>
          <line num="1927" count="0" type="cond" truecount="0" falsecount="2"/>
          <line num="1929" count="0" type="stmt"/>
          <line num="1930" count="0" type="stmt"/>
          <line num="1933" count="0" type="stmt"/>
          <line num="1935" count="0" type="cond" truecount="0" falsecount="2"/>
          <line num="1937" count="0" type="stmt"/>
          <line num="1941" count="0" type="cond" truecount="0" falsecount="2"/>
          <line num="1943" count="0" type="stmt"/>
          <line num="1948" count="0" type="cond" truecount="0" falsecount="2"/>
          <line num="1950" count="0" type="stmt"/>
          <line num="1956" count="0" type="stmt"/>
          <line num="1959" count="0" type="cond" truecount="0" falsecount="2"/>
          <line num="1961" count="0" type="stmt"/>
          <line num="1962" count="0" type="stmt"/>
          <line num="1965" count="0" type="stmt"/>
          <line num="1967" count="0" type="cond" truecount="0" falsecount="2"/>
          <line num="1969" count="0" type="stmt"/>
          <line num="1974" count="0" type="cond" truecount="0" falsecount="2"/>
          <line num="1976" count="0" type="stmt"/>
          <line num="1982" count="0" type="cond" truecount="0" falsecount="2"/>
          <line num="1984" count="0" type="stmt"/>
          <line num="1991" count="0" type="stmt"/>
          <line num="1993" count="0" type="stmt"/>
          <line num="1997" count="0" type="cond" truecount="0" falsecount="3"/>
          <line num="2000" count="0" type="cond" truecount="0" falsecount="2"/>
          <line num="2002" count="0" type="stmt"/>
          <line num="2005" count="0" type="stmt"/>
          <line num="2008" count="0" type="stmt"/>
          <line num="2010" count="0" type="cond" truecount="0" falsecount="2"/>
          <line num="2012" count="0" type="stmt"/>
          <line num="2017" count="0" type="cond" truecount="0" falsecount="2"/>
          <line num="2019" count="0" type="stmt"/>
          <line num="2025" count="0" type="cond" truecount="0" falsecount="2"/>
          <line num="2027" count="0" type="stmt"/>
          <line num="2034" count="0" type="stmt"/>
          <line num="2037" count="0" type="cond" truecount="0" falsecount="2"/>
          <line num="2039" count="0" type="stmt"/>
          <line num="2042" count="0" type="stmt"/>
          <line num="2045" count="0" type="stmt"/>
          <line num="2047" count="0" type="cond" truecount="0" falsecount="2"/>
          <line num="2049" count="0" type="stmt"/>
          <line num="2054" count="0" type="cond" truecount="0" falsecount="2"/>
          <line num="2056" count="0" type="stmt"/>
          <line num="2062" count="0" type="cond" truecount="0" falsecount="2"/>
          <line num="2064" count="0" type="stmt"/>
          <line num="2071" count="0" type="stmt"/>
          <line num="2074" count="0" type="cond" truecount="0" falsecount="2"/>
          <line num="2076" count="0" type="stmt"/>
          <line num="2080" count="0" type="stmt"/>
          <line num="2083" count="0" type="stmt"/>
          <line num="2085" count="0" type="cond" truecount="0" falsecount="2"/>
          <line num="2087" count="0" type="stmt"/>
          <line num="2093" count="0" type="cond" truecount="0" falsecount="2"/>
          <line num="2095" count="0" type="stmt"/>
          <line num="2102" count="0" type="cond" truecount="0" falsecount="2"/>
          <line num="2104" count="0" type="stmt"/>
          <line num="2112" count="0" type="stmt"/>
          <line num="2115" count="0" type="cond" truecount="0" falsecount="5"/>
          <line num="2117" count="0" type="cond" truecount="0" falsecount="5"/>
          <line num="2119" count="0" type="stmt"/>
          <line num="2120" count="0" type="stmt"/>
          <line num="2126" count="0" type="cond" truecount="0" falsecount="5"/>
          <line num="2130" count="0" type="stmt"/>
          <line num="2131" count="0" type="stmt"/>
          <line num="2140" count="0" type="cond" truecount="0" falsecount="5"/>
          <line num="2142" count="0" type="stmt"/>
          <line num="2143" count="0" type="stmt"/>
          <line num="2149" count="0" type="cond" truecount="0" falsecount="5"/>
          <line num="2153" count="0" type="stmt"/>
          <line num="2154" count="0" type="stmt"/>
          <line num="2161" count="0" type="stmt"/>
          <line num="2164" count="0" type="stmt"/>
          <line num="2169" count="0" type="stmt"/>
          <line num="2170" count="0" type="cond" truecount="0" falsecount="22"/>
          <line num="2172" count="0" type="stmt"/>
          <line num="2173" count="0" type="stmt"/>
          <line num="2178" count="0" type="stmt"/>
          <line num="2181" count="0" type="stmt"/>
          <line num="2182" count="0" type="stmt"/>
          <line num="2187" count="0" type="stmt"/>
          <line num="2190" count="0" type="stmt"/>
          <line num="2191" count="0" type="stmt"/>
          <line num="2195" count="0" type="stmt"/>
          <line num="2198" count="0" type="stmt"/>
          <line num="2199" count="0" type="stmt"/>
          <line num="2203" count="0" type="stmt"/>
          <line num="2206" count="0" type="stmt"/>
          <line num="2207" count="0" type="stmt"/>
          <line num="2212" count="0" type="stmt"/>
          <line num="2215" count="0" type="stmt"/>
          <line num="2216" count="0" type="stmt"/>
          <line num="2217" count="0" type="stmt"/>
          <line num="2221" count="0" type="stmt"/>
          <line num="2224" count="0" type="stmt"/>
          <line num="2225" count="0" type="stmt"/>
          <line num="2226" count="0" type="stmt"/>
          <line num="2230" count="0" type="stmt"/>
          <line num="2233" count="0" type="stmt"/>
          <line num="2234" count="0" type="stmt"/>
          <line num="2235" count="0" type="stmt"/>
          <line num="2239" count="0" type="stmt"/>
          <line num="2242" count="0" type="stmt"/>
          <line num="2243" count="0" type="stmt"/>
          <line num="2244" count="0" type="stmt"/>
          <line num="2248" count="0" type="stmt"/>
          <line num="2251" count="0" type="stmt"/>
          <line num="2252" count="0" type="stmt"/>
          <line num="2253" count="0" type="stmt"/>
          <line num="2254" count="0" type="stmt"/>
          <line num="2259" count="0" type="stmt"/>
          <line num="2262" count="0" type="stmt"/>
          <line num="2263" count="0" type="stmt"/>
          <line num="2264" count="0" type="stmt"/>
          <line num="2265" count="0" type="stmt"/>
          <line num="2270" count="0" type="stmt"/>
          <line num="2273" count="0" type="stmt"/>
          <line num="2274" count="0" type="stmt"/>
          <line num="2275" count="0" type="stmt"/>
          <line num="2276" count="0" type="stmt"/>
          <line num="2281" count="0" type="stmt"/>
          <line num="2284" count="0" type="stmt"/>
          <line num="2285" count="0" type="stmt"/>
          <line num="2286" count="0" type="stmt"/>
          <line num="2287" count="0" type="stmt"/>
          <line num="2288" count="0" type="stmt"/>
          <line num="2289" count="0" type="stmt"/>
          <line num="2295" count="0" type="stmt"/>
          <line num="2298" count="0" type="stmt"/>
          <line num="2299" count="0" type="stmt"/>
          <line num="2300" count="0" type="stmt"/>
          <line num="2301" count="0" type="stmt"/>
          <line num="2302" count="0" type="stmt"/>
          <line num="2303" count="0" type="stmt"/>
          <line num="2309" count="0" type="stmt"/>
          <line num="2312" count="0" type="stmt"/>
          <line num="2313" count="0" type="stmt"/>
          <line num="2314" count="0" type="stmt"/>
          <line num="2315" count="0" type="stmt"/>
          <line num="2316" count="0" type="stmt"/>
          <line num="2317" count="0" type="stmt"/>
          <line num="2323" count="0" type="stmt"/>
          <line num="2326" count="0" type="stmt"/>
          <line num="2327" count="0" type="stmt"/>
          <line num="2328" count="0" type="stmt"/>
          <line num="2329" count="0" type="stmt"/>
          <line num="2330" count="0" type="stmt"/>
          <line num="2331" count="0" type="stmt"/>
          <line num="2332" count="0" type="stmt"/>
          <line num="2333" count="0" type="stmt"/>
          <line num="2334" count="0" type="stmt"/>
          <line num="2335" count="0" type="stmt"/>
          <line num="2345" count="0" type="stmt"/>
          <line num="2348" count="0" type="stmt"/>
          <line num="2349" count="0" type="stmt"/>
          <line num="2350" count="0" type="stmt"/>
          <line num="2351" count="0" type="stmt"/>
          <line num="2352" count="0" type="stmt"/>
          <line num="2357" count="0" type="stmt"/>
          <line num="2360" count="0" type="stmt"/>
          <line num="2361" count="0" type="stmt"/>
          <line num="2362" count="0" type="stmt"/>
          <line num="2363" count="0" type="stmt"/>
          <line num="2364" count="0" type="stmt"/>
          <line num="2365" count="0" type="stmt"/>
          <line num="2371" count="0" type="stmt"/>
          <line num="2374" count="0" type="stmt"/>
          <line num="2375" count="0" type="stmt"/>
          <line num="2376" count="0" type="stmt"/>
          <line num="2377" count="0" type="stmt"/>
          <line num="2378" count="0" type="stmt"/>
          <line num="2383" count="0" type="stmt"/>
          <line num="2386" count="0" type="stmt"/>
          <line num="2387" count="0" type="stmt"/>
          <line num="2388" count="0" type="stmt"/>
          <line num="2389" count="0" type="stmt"/>
          <line num="2390" count="0" type="stmt"/>
          <line num="2391" count="0" type="stmt"/>
          <line num="2397" count="0" type="stmt"/>
          <line num="2400" count="0" type="stmt"/>
          <line num="2401" count="0" type="stmt"/>
          <line num="2402" count="0" type="stmt"/>
          <line num="2403" count="0" type="stmt"/>
          <line num="2404" count="0" type="stmt"/>
          <line num="2409" count="0" type="stmt"/>
          <line num="2412" count="0" type="stmt"/>
          <line num="2420" count="0" type="stmt"/>
          <line num="2421" count="0" type="stmt"/>
          <line num="2422" count="0" type="stmt"/>
          <line num="2423" count="0" type="stmt"/>
          <line num="2431" count="0" type="stmt"/>
          <line num="2437" count="0" type="stmt"/>
          <line num="2438" count="0" type="cond" truecount="0" falsecount="4"/>
          <line num="2439" count="0" type="stmt"/>
          <line num="2440" count="0" type="cond" truecount="0" falsecount="6"/>
          <line num="2441" count="0" type="stmt"/>
          <line num="2442" count="0" type="stmt"/>
          <line num="2443" count="0" type="stmt"/>
          <line num="2444" count="0" type="stmt"/>
          <line num="2448" count="0" type="stmt"/>
          <line num="2455" count="0" type="stmt"/>
          <line num="2456" count="0" type="cond" truecount="0" falsecount="4"/>
          <line num="2457" count="0" type="stmt"/>
          <line num="2458" count="0" type="cond" truecount="0" falsecount="6"/>
          <line num="2459" count="0" type="stmt"/>
          <line num="2460" count="0" type="stmt"/>
          <line num="2461" count="0" type="stmt"/>
          <line num="2469" count="0" type="stmt"/>
          <line num="2475" count="0" type="stmt"/>
          <line num="2476" count="0" type="cond" truecount="0" falsecount="6"/>
          <line num="2481" count="0" type="cond" truecount="0" falsecount="2"/>
          <line num="2482" count="0" type="stmt"/>
          <line num="2483" count="0" type="stmt"/>
          <line num="2552" count="0" type="stmt"/>
          <line num="2554" count="0" type="cond" truecount="0" falsecount="2"/>
          <line num="2555" count="0" type="stmt"/>
          <line num="2556" count="0" type="stmt"/>
          <line num="2557" count="0" type="stmt"/>
          <line num="2594" count="0" type="stmt"/>
          <line num="2599" count="0" type="cond" truecount="0" falsecount="2"/>
          <line num="2600" count="0" type="stmt"/>
          <line num="2601" count="0" type="stmt"/>
          <line num="2684" count="0" type="stmt"/>
          <line num="2686" count="0" type="cond" truecount="0" falsecount="2"/>
          <line num="2687" count="0" type="stmt"/>
          <line num="2688" count="0" type="stmt"/>
          <line num="2689" count="0" type="stmt"/>
          <line num="2729" count="0" type="stmt"/>
          <line num="2738" count="0" type="stmt"/>
          <line num="2739" count="0" type="cond" truecount="0" falsecount="2"/>
          <line num="2740" count="0" type="stmt"/>
          <line num="2741" count="0" type="cond" truecount="0" falsecount="4"/>
          <line num="2742" count="0" type="stmt"/>
          <line num="2743" count="0" type="stmt"/>
          <line num="2744" count="0" type="stmt"/>
          <line num="2745" count="0" type="stmt"/>
          <line num="2753" count="0" type="stmt"/>
          <line num="2759" count="0" type="stmt"/>
          <line num="2760" count="0" type="cond" truecount="0" falsecount="2"/>
          <line num="2761" count="0" type="stmt"/>
          <line num="2762" count="0" type="cond" truecount="0" falsecount="4"/>
          <line num="2763" count="0" type="stmt"/>
          <line num="2764" count="0" type="stmt"/>
          <line num="2765" count="0" type="stmt"/>
          <line num="2766" count="0" type="stmt"/>
          <line num="2774" count="0" type="stmt"/>
          <line num="2781" count="0" type="stmt"/>
          <line num="2782" count="0" type="stmt"/>
          <line num="2783" count="0" type="cond" truecount="0" falsecount="2"/>
          <line num="2784" count="0" type="stmt"/>
          <line num="2785" count="0" type="cond" truecount="0" falsecount="4"/>
          <line num="2786" count="0" type="stmt"/>
          <line num="2787" count="0" type="stmt"/>
          <line num="2788" count="0" type="stmt"/>
          <line num="2789" count="0" type="stmt"/>
          <line num="2799" count="0" type="stmt"/>
          <line num="2806" count="0" type="stmt"/>
          <line num="2807" count="0" type="cond" truecount="0" falsecount="2"/>
          <line num="2808" count="0" type="stmt"/>
          <line num="2809" count="0" type="stmt"/>
          <line num="2855" count="0" type="stmt"/>
          <line num="2857" count="0" type="cond" truecount="0" falsecount="2"/>
          <line num="2858" count="0" type="stmt"/>
          <line num="2859" count="0" type="stmt"/>
          <line num="2860" count="0" type="stmt"/>
          <line num="2885" count="0" type="stmt"/>
          <line num="2893" count="0" type="stmt"/>
          <line num="2894" count="0" type="cond" truecount="0" falsecount="2"/>
          <line num="2895" count="0" type="stmt"/>
          <line num="2896" count="0" type="cond" truecount="0" falsecount="4"/>
          <line num="2897" count="0" type="stmt"/>
          <line num="2898" count="0" type="stmt"/>
          <line num="2899" count="0" type="stmt"/>
          <line num="2900" count="0" type="stmt"/>
          <line num="2908" count="0" type="stmt"/>
          <line num="2914" count="0" type="stmt"/>
          <line num="2915" count="0" type="cond" truecount="0" falsecount="2"/>
          <line num="2917" count="0" type="cond" truecount="0" falsecount="2"/>
          <line num="2918" count="0" type="stmt"/>
          <line num="2919" count="0" type="stmt"/>
          <line num="2961" count="0" type="stmt"/>
          <line num="2963" count="0" type="cond" truecount="0" falsecount="2"/>
          <line num="2964" count="0" type="stmt"/>
          <line num="2965" count="0" type="stmt"/>
          <line num="2966" count="0" type="stmt"/>
          <line num="2985" count="0" type="stmt"/>
          <line num="2990" count="0" type="cond" truecount="0" falsecount="2"/>
          <line num="2991" count="0" type="stmt"/>
          <line num="2992" count="0" type="stmt"/>
          <line num="3062" count="0" type="stmt"/>
          <line num="3064" count="0" type="cond" truecount="0" falsecount="2"/>
          <line num="3065" count="0" type="stmt"/>
          <line num="3066" count="0" type="stmt"/>
          <line num="3067" count="0" type="stmt"/>
          <line num="3087" count="0" type="stmt"/>
          <line num="3098" count="0" type="stmt"/>
          <line num="3099" count="0" type="cond" truecount="0" falsecount="4"/>
          <line num="3101" count="0" type="cond" truecount="0" falsecount="2"/>
          <line num="3102" count="0" type="stmt"/>
          <line num="3103" count="0" type="stmt"/>
          <line num="3150" count="0" type="stmt"/>
          <line num="3152" count="0" type="cond" truecount="0" falsecount="2"/>
          <line num="3153" count="0" type="stmt"/>
          <line num="3154" count="0" type="stmt"/>
          <line num="3155" count="0" type="stmt"/>
          <line num="3176" count="0" type="stmt"/>
          <line num="3179" count="0" type="cond" truecount="0" falsecount="4"/>
          <line num="3181" count="0" type="cond" truecount="0" falsecount="2"/>
          <line num="3182" count="0" type="stmt"/>
          <line num="3183" count="0" type="stmt"/>
          <line num="3222" count="0" type="stmt"/>
          <line num="3224" count="0" type="cond" truecount="0" falsecount="2"/>
          <line num="3225" count="0" type="stmt"/>
          <line num="3226" count="0" type="stmt"/>
          <line num="3227" count="0" type="stmt"/>
          <line num="3248" count="0" type="stmt"/>
          <line num="3251" count="0" type="cond" truecount="0" falsecount="2"/>
          <line num="3253" count="0" type="cond" truecount="0" falsecount="2"/>
          <line num="3254" count="0" type="stmt"/>
          <line num="3255" count="0" type="stmt"/>
          <line num="3354" count="0" type="stmt"/>
          <line num="3356" count="0" type="cond" truecount="0" falsecount="2"/>
          <line num="3357" count="0" type="stmt"/>
          <line num="3358" count="0" type="stmt"/>
          <line num="3359" count="0" type="stmt"/>
          <line num="3445" count="0" type="stmt"/>
          <line num="3451" count="5" type="stmt"/>
          <line num="3452" count="5" type="stmt"/>
          <line num="3453" count="5" type="stmt"/>
          <line num="3454" count="5" type="cond" truecount="1" falsecount="1"/>
          <line num="3456" count="0" type="cond" truecount="0" falsecount="23"/>
          <line num="3458" count="0" type="stmt"/>
          <line num="3463" count="0" type="stmt"/>
          <line num="3464" count="0" type="stmt"/>
          <line num="3477" count="0" type="stmt"/>
          <line num="3557" count="0" type="stmt"/>
          <line num="3563" count="0" type="stmt"/>
          <line num="3564" count="0" type="stmt"/>
          <line num="3578" count="0" type="stmt"/>
          <line num="3658" count="0" type="stmt"/>
          <line num="3666" count="0" type="stmt"/>
          <line num="3667" count="0" type="stmt"/>
          <line num="3677" count="0" type="stmt"/>
          <line num="3736" count="0" type="stmt"/>
          <line num="3742" count="0" type="stmt"/>
          <line num="3743" count="0" type="stmt"/>
          <line num="3753" count="0" type="stmt"/>
          <line num="3812" count="0" type="stmt"/>
          <line num="3818" count="0" type="stmt"/>
          <line num="3819" count="0" type="stmt"/>
          <line num="3828" count="0" type="stmt"/>
          <line num="3903" count="0" type="stmt"/>
          <line num="3908" count="0" type="stmt"/>
          <line num="3909" count="0" type="stmt"/>
          <line num="3918" count="0" type="stmt"/>
          <line num="3941" count="0" type="stmt"/>
          <line num="3949" count="0" type="stmt"/>
          <line num="3950" count="0" type="stmt"/>
          <line num="3959" count="0" type="stmt"/>
          <line num="3982" count="0" type="stmt"/>
          <line num="3987" count="0" type="stmt"/>
          <line num="3988" count="0" type="stmt"/>
          <line num="3997" count="0" type="stmt"/>
          <line num="4020" count="0" type="stmt"/>
          <line num="4025" count="0" type="stmt"/>
          <line num="4026" count="0" type="stmt"/>
          <line num="4035" count="0" type="stmt"/>
          <line num="4058" count="0" type="stmt"/>
          <line num="4064" count="0" type="stmt"/>
          <line num="4065" count="0" type="stmt"/>
          <line num="4078" count="0" type="stmt"/>
          <line num="4101" count="0" type="stmt"/>
          <line num="4109" count="0" type="stmt"/>
          <line num="4111" count="0" type="stmt"/>
          <line num="4124" count="0" type="stmt"/>
          <line num="4146" count="0" type="stmt"/>
          <line num="4154" count="0" type="stmt"/>
          <line num="4155" count="0" type="stmt"/>
          <line num="4168" count="0" type="stmt"/>
          <line num="4190" count="0" type="stmt"/>
          <line num="4243" count="0" type="stmt"/>
          <line num="4248" count="0" type="stmt"/>
          <line num="4249" count="0" type="stmt"/>
          <line num="4258" count="0" type="stmt"/>
          <line num="4279" count="0" type="stmt"/>
          <line num="4284" count="0" type="stmt"/>
          <line num="4285" count="0" type="stmt"/>
          <line num="4294" count="0" type="stmt"/>
          <line num="4316" count="0" type="stmt"/>
          <line num="4321" count="0" type="stmt"/>
          <line num="4322" count="0" type="stmt"/>
          <line num="4331" count="0" type="stmt"/>
          <line num="4353" count="0" type="stmt"/>
          <line num="4358" count="0" type="stmt"/>
          <line num="4359" count="0" type="stmt"/>
          <line num="4369" count="0" type="stmt"/>
          <line num="4391" count="0" type="stmt"/>
          <line num="4396" count="0" type="stmt"/>
          <line num="4397" count="0" type="stmt"/>
          <line num="4406" count="0" type="stmt"/>
          <line num="4428" count="0" type="stmt"/>
          <line num="4433" count="0" type="stmt"/>
          <line num="4434" count="0" type="stmt"/>
          <line num="4443" count="0" type="stmt"/>
          <line num="4465" count="0" type="stmt"/>
          <line num="4470" count="0" type="stmt"/>
          <line num="4471" count="0" type="stmt"/>
          <line num="4480" count="0" type="stmt"/>
          <line num="4502" count="0" type="stmt"/>
          <line num="4507" count="0" type="stmt"/>
          <line num="4508" count="0" type="stmt"/>
          <line num="4517" count="0" type="stmt"/>
          <line num="4539" count="0" type="stmt"/>
          <line num="4544" count="0" type="stmt"/>
          <line num="4545" count="0" type="stmt"/>
          <line num="4554" count="0" type="stmt"/>
          <line num="4576" count="0" type="stmt"/>
          <line num="4587" count="5" type="stmt"/>
          <line num="4595" count="0" type="cond" truecount="0" falsecount="2"/>
          <line num="4597" count="0" type="stmt"/>
          <line num="4598" count="0" type="stmt"/>
          <line num="4599" count="0" type="stmt"/>
          <line num="4608" count="0" type="stmt"/>
          <line num="4609" count="0" type="stmt"/>
          <line num="4610" count="0" type="stmt"/>
          <line num="4629" count="0" type="stmt"/>
          <line num="4632" count="0" type="stmt"/>
          <line num="4633" count="0" type="stmt"/>
          <line num="4634" count="0" type="stmt"/>
          <line num="4635" count="0" type="stmt"/>
          <line num="4637" count="0" type="stmt"/>
          <line num="4639" count="0" type="stmt"/>
          <line num="4643" count="0" type="stmt"/>
          <line num="4647" count="0" type="cond" truecount="0" falsecount="2"/>
          <line num="4649" count="0" type="stmt"/>
          <line num="4672" count="5" type="cond" truecount="1" falsecount="1"/>
          <line num="4673" count="5" type="stmt"/>
          <line num="4674" count="5" type="stmt"/>
          <line num="4675" count="4" type="stmt"/>
          <line num="4677" count="4" type="stmt"/>
          <line num="4683" count="5" type="stmt"/>
        </file>
        <file name="Testclass.js" path="D:\Project Numerical\frontend\src\Testclass.js">
          <metrics statements="3" coveredstatements="0" conditionals="0" coveredconditionals="0" methods="1" coveredmethods="0"/>
          <line num="1" count="0" type="stmt"/>
          <line num="2" count="0" type="stmt"/>
          <line num="92" count="0" type="stmt"/>
        </file>
        <file name="index.js" path="D:\Project Numerical\frontend\src\index.js">
          <metrics statements="7" coveredstatements="0" conditionals="0" coveredconditionals="0" methods="0" coveredmethods="0"/>
          <line num="1" count="0" type="stmt"/>
          <line num="2" count="0" type="stmt"/>
          <line num="3" count="0" type="stmt"/>
          <line num="4" count="0" type="stmt"/>
          <line num="5" count="0" type="stmt"/>
          <line num="6" count="0" type="stmt"/>
          <line num="22" count="0" type="stmt"/>
        </file>
        <file name="reportWebVitals.js" path="D:\Project Numerical\frontend\src\reportWebVitals.js">
          <metrics statements="8" coveredstatements="0" conditionals="4" coveredconditionals="0" methods="3" coveredmethods="0"/>
          <line num="1" count="0" type="stmt"/>
          <line num="2" count="0" type="cond" truecount="0" falsecount="4"/>
          <line num="3" count="0" type="stmt"/>
          <line num="4" count="0" type="stmt"/>
          <line num="5" count="0" type="stmt"/>
          <line num="6" count="0" type="stmt"/>
          <line num="7" count="0" type="stmt"/>
          <line num="8" count="0" type="stmt"/>
        </file>
        <file name="setupTests.js" path="D:\Project Numerical\frontend\src\setupTests.js">
          <metrics statements="0" coveredstatements="0" conditionals="0" coveredconditionals="0" methods="0" coveredmethods="0"/>
        </file>
      </package>
      <package name="src.js">
        <metrics statements="1" coveredstatements="0" conditionals="0" coveredconditionals="0" methods="0" coveredmethods="0"/>
        <file name="index.umd.js" path="D:\Project Numerical\frontend\src\js\index.umd.js">
          <metrics statements="1" coveredstatements="0" conditionals="0" coveredconditionals="0" methods="0" coveredmethods="0"/>
          <line num="21" count="0" type="stmt"/>
        </file>
      </package>
      <package name="src.js.src">
        <metrics statements="1531" coveredstatements="0" conditionals="1640" coveredconditionals="0" methods="593" coveredmethods="0"/>
        <file name="alert.js" path="D:\Project Numerical\frontend\src\js\src\alert.js">
          <metrics statements="26" coveredstatements="0" conditionals="18" coveredconditionals="0" methods="11" coveredmethods="0"/>
          <line num="19" count="0" type="stmt"/>
          <line num="20" count="0" type="stmt"/>
          <line num="21" count="0" type="stmt"/>
          <line num="23" count="0" type="stmt"/>
          <line num="24" count="0" type="stmt"/>
          <line num="25" count="0" type="stmt"/>
          <line num="26" count="0" type="stmt"/>
          <line num="38" count="0" type="stmt"/>
          <line num="44" count="0" type="stmt"/>
          <line num="46" count="0" type="cond" truecount="0" falsecount="4"/>
          <line num="47" count="0" type="stmt"/>
          <line num="50" count="0" type="stmt"/>
          <line num="52" count="0" type="stmt"/>
          <line num="53" count="0" type="stmt"/>
          <line num="58" count="0" type="stmt"/>
          <line num="59" count="0" type="stmt"/>
          <line num="60" count="0" type="stmt"/>
          <line num="66" count="0" type="stmt"/>
          <line num="67" count="0" type="stmt"/>
          <line num="69" count="0" type="cond" truecount="0" falsecount="4"/>
          <line num="70" count="0" type="stmt"/>
          <line num="73" count="0" type="cond" truecount="0" falsecount="10"/>
          <line num="74" count="0" type="stmt"/>
          <line num="77" count="0" type="stmt"/>
          <line num="88" count="0" type="stmt"/>
          <line num="97" count="0" type="stmt"/>
        </file>
        <file name="base-component.js" path="D:\Project Numerical\frontend\src\js\src\base-component.js">
          <metrics statements="18" coveredstatements="0" conditionals="13" coveredconditionals="0" methods="20" coveredmethods="0"/>
          <line num="21" count="0" type="stmt"/>
          <line num="24" count="0" type="stmt"/>
          <line num="25" count="0" type="cond" truecount="0" falsecount="2"/>
          <line num="27" count="0" type="cond" truecount="0" falsecount="2"/>
          <line num="28" count="0" type="stmt"/>
          <line num="31" count="0" type="stmt"/>
          <line num="32" count="0" type="stmt"/>
          <line num="36" count="0" type="stmt"/>
          <line num="37" count="0" type="stmt"/>
          <line num="39" count="0" type="stmt"/>
          <line num="40" count="0" type="stmt"/>
          <line num="45" count="0" type="stmt"/>
          <line num="51" count="0" type="stmt"/>
          <line num="55" count="0" type="cond" truecount="0" falsecount="6"/>
          <line num="59" count="0" type="stmt"/>
          <line num="63" count="0" type="stmt"/>
          <line num="67" count="0" type="stmt"/>
          <line num="71" count="0" type="stmt"/>
        </file>
        <file name="button.js" path="D:\Project Numerical\frontend\src\js\src\button.js">
          <metrics statements="19" coveredstatements="0" conditionals="4" coveredconditionals="0" methods="10" coveredmethods="0"/>
          <line num="18" count="0" type="stmt"/>
          <line num="19" count="0" type="stmt"/>
          <line num="20" count="0" type="stmt"/>
          <line num="21" count="0" type="stmt"/>
          <line num="23" count="0" type="stmt"/>
          <line num="25" count="0" type="stmt"/>
          <line num="27" count="0" type="stmt"/>
          <line num="39" count="0" type="stmt"/>
          <line num="46" count="0" type="stmt"/>
          <line num="52" count="0" type="stmt"/>
          <line num="53" count="0" type="stmt"/>
          <line num="55" count="0" type="cond" truecount="0" falsecount="4"/>
          <line num="56" count="0" type="stmt"/>
          <line num="68" count="0" type="stmt"/>
          <line num="69" count="0" type="stmt"/>
          <line num="71" count="0" type="stmt"/>
          <line num="72" count="0" type="stmt"/>
          <line num="74" count="0" type="stmt"/>
          <line num="84" count="0" type="stmt"/>
        </file>
        <file name="carousel.js" path="D:\Project Numerical\frontend\src\js\src\carousel.js">
          <metrics statements="260" coveredstatements="0" conditionals="284" coveredconditionals="0" methods="89" coveredmethods="0"/>
          <line num="29" count="0" type="stmt"/>
          <line num="30" count="0" type="stmt"/>
          <line num="31" count="0" type="stmt"/>
          <line num="32" count="0" type="stmt"/>
          <line num="34" count="0" type="stmt"/>
          <line num="35" count="0" type="stmt"/>
          <line num="36" count="0" type="stmt"/>
          <line num="37" count="0" type="stmt"/>
          <line num="39" count="0" type="stmt"/>
          <line num="48" count="0" type="stmt"/>
          <line num="57" count="0" type="stmt"/>
          <line num="58" count="0" type="stmt"/>
          <line num="59" count="0" type="stmt"/>
          <line num="60" count="0" type="stmt"/>
          <line num="62" count="0" type="stmt"/>
          <line num="67" count="0" type="stmt"/>
          <line num="68" count="0" type="stmt"/>
          <line num="69" count="0" type="stmt"/>
          <line num="70" count="0" type="stmt"/>
          <line num="71" count="0" type="stmt"/>
          <line num="72" count="0" type="stmt"/>
          <line num="73" count="0" type="stmt"/>
          <line num="74" count="0" type="stmt"/>
          <line num="75" count="0" type="stmt"/>
          <line num="76" count="0" type="stmt"/>
          <line num="77" count="0" type="stmt"/>
          <line num="78" count="0" type="stmt"/>
          <line num="79" count="0" type="stmt"/>
          <line num="81" count="0" type="stmt"/>
          <line num="82" count="0" type="stmt"/>
          <line num="83" count="0" type="stmt"/>
          <line num="84" count="0" type="stmt"/>
          <line num="85" count="0" type="cond" truecount="0" falsecount="2"/>
          <line num="86" count="0" type="cond" truecount="0" falsecount="2"/>
          <line num="87" count="0" type="stmt"/>
          <line num="88" count="0" type="stmt"/>
          <line num="90" count="0" type="stmt"/>
          <line num="91" count="0" type="stmt"/>
          <line num="92" count="0" type="stmt"/>
          <line num="93" count="0" type="stmt"/>
          <line num="94" count="0" type="stmt"/>
          <line num="95" count="0" type="stmt"/>
          <line num="96" count="0" type="stmt"/>
          <line num="97" count="0" type="stmt"/>
          <line num="98" count="0" type="stmt"/>
          <line num="100" count="0" type="stmt"/>
          <line num="101" count="0" type="stmt"/>
          <line num="110" count="0" type="stmt"/>
          <line num="112" count="0" type="stmt"/>
          <line num="113" count="0" type="stmt"/>
          <line num="114" count="0" type="stmt"/>
          <line num="115" count="0" type="stmt"/>
          <line num="116" count="0" type="stmt"/>
          <line num="117" count="0" type="stmt"/>
          <line num="118" count="0" type="stmt"/>
          <line num="119" count="0" type="stmt"/>
          <line num="121" count="0" type="stmt"/>
          <line num="122" count="0" type="stmt"/>
          <line num="123" count="0" type="cond" truecount="0" falsecount="4"/>
          <line num="124" count="0" type="stmt"/>
          <line num="126" count="0" type="stmt"/>
          <line num="132" count="0" type="stmt"/>
          <line num="136" count="0" type="stmt"/>
          <line num="142" count="0" type="stmt"/>
          <line num="145" count="0" type="cond" truecount="0" falsecount="3"/>
          <line num="148" count="0" type="cond" truecount="0" falsecount="4"/>
          <line num="149" count="0" type="stmt"/>
          <line num="154" count="0" type="stmt"/>
          <line num="158" count="0" type="cond" truecount="0" falsecount="4"/>
          <line num="159" count="0" type="stmt"/>
          <line num="162" count="0" type="cond" truecount="0" falsecount="4"/>
          <line num="163" count="0" type="stmt"/>
          <line num="164" count="0" type="stmt"/>
          <line num="167" count="0" type="stmt"/>
          <line num="168" count="0" type="stmt"/>
          <line num="172" count="0" type="cond" truecount="0" falsecount="4"/>
          <line num="173" count="0" type="stmt"/>
          <line num="176" count="0" type="cond" truecount="0" falsecount="4"/>
          <line num="177" count="0" type="stmt"/>
          <line num="178" count="0" type="stmt"/>
          <line num="181" count="0" type="cond" truecount="0" falsecount="9"/>
          <line num="182" count="0" type="stmt"/>
          <line num="184" count="0" type="stmt"/>
          <line num="192" count="0" type="stmt"/>
          <line num="193" count="0" type="stmt"/>
          <line num="195" count="0" type="cond" truecount="0" falsecount="6"/>
          <line num="196" count="0" type="stmt"/>
          <line num="199" count="0" type="cond" truecount="0" falsecount="4"/>
          <line num="200" count="0" type="stmt"/>
          <line num="201" count="0" type="stmt"/>
          <line num="204" count="0" type="cond" truecount="0" falsecount="4"/>
          <line num="205" count="0" type="stmt"/>
          <line num="206" count="0" type="stmt"/>
          <line num="207" count="0" type="stmt"/>
          <line num="210" count="0" type="stmt"/>
          <line num="214" count="0" type="stmt"/>
          <line num="220" count="0" type="stmt"/>
          <line num="225" count="0" type="stmt"/>
          <line num="226" count="0" type="stmt"/>
          <line num="230" count="0" type="stmt"/>
          <line num="232" count="0" type="cond" truecount="0" falsecount="4"/>
          <line num="233" count="0" type="stmt"/>
          <line num="236" count="0" type="stmt"/>
          <line num="238" count="0" type="stmt"/>
          <line num="240" count="0" type="cond" truecount="0" falsecount="4"/>
          <line num="241" count="0" type="stmt"/>
          <line num="244" count="0" type="cond" truecount="0" falsecount="2"/>
          <line num="248" count="0" type="cond" truecount="0" falsecount="4"/>
          <line num="249" count="0" type="stmt"/>
          <line num="252" count="0" type="cond" truecount="0" falsecount="4"/>
          <line num="253" count="0" type="stmt"/>
          <line num="254" count="0" type="stmt"/>
          <line num="257" count="0" type="cond" truecount="0" falsecount="7"/>
          <line num="258" count="0" type="stmt"/>
          <line num="263" count="0" type="stmt"/>
          <line num="264" count="0" type="cond" truecount="0" falsecount="6"/>
          <line num="268" count="0" type="stmt"/>
          <line num="269" count="0" type="cond" truecount="0" falsecount="2"/>
          <line num="270" count="0" type="cond" truecount="0" falsecount="2"/>
          <line num="271" count="0" type="cond" truecount="0" falsecount="4"/>
          <line num="272" count="0" type="stmt"/>
          <line num="276" count="0" type="stmt"/>
          <line num="278" count="0" type="cond" truecount="0" falsecount="2"/>
          <line num="283" count="0" type="stmt"/>
          <line num="284" count="0" type="cond" truecount="0" falsecount="4"/>
          <line num="285" count="0" type="stmt"/>
          <line num="288" count="0" type="stmt"/>
          <line num="289" count="0" type="cond" truecount="0" falsecount="4"/>
          <line num="298" count="0" type="stmt"/>
          <line num="299" count="0" type="cond" truecount="0" falsecount="4"/>
          <line num="300" count="0" type="stmt"/>
          <line num="303" count="0" type="stmt"/>
          <line num="307" count="0" type="stmt"/>
          <line num="308" count="0" type="stmt"/>
          <line num="311" count="0" type="cond" truecount="0" falsecount="2"/>
          <line num="312" count="0" type="cond" truecount="0" falsecount="2"/>
          <line num="313" count="0" type="stmt"/>
          <line num="315" count="0" type="stmt"/>
          <line num="317" count="0" type="stmt"/>
          <line num="318" count="0" type="stmt"/>
          <line num="319" count="0" type="stmt"/>
          <line num="324" count="0" type="cond" truecount="0" falsecount="4"/>
          <line num="325" count="0" type="stmt"/>
          <line num="328" count="0" type="stmt"/>
          <line num="329" count="0" type="cond" truecount="0" falsecount="4"/>
          <line num="330" count="0" type="stmt"/>
          <line num="331" count="0" type="stmt"/>
          <line num="336" count="0" type="cond" truecount="0" falsecount="4"/>
          <line num="340" count="0" type="stmt"/>
          <line num="344" count="0" type="stmt"/>
          <line num="345" count="0" type="stmt"/>
          <line num="349" count="0" type="stmt"/>
          <line num="350" count="0" type="stmt"/>
          <line num="352" count="0" type="stmt"/>
          <line num="361" count="0" type="cond" truecount="0" falsecount="4"/>
          <line num="362" count="0" type="stmt"/>
          <line num="364" count="0" type="stmt"/>
          <line num="365" count="0" type="stmt"/>
          <line num="367" count="0" type="stmt"/>
          <line num="369" count="0" type="stmt"/>
          <line num="370" count="0" type="cond" truecount="0" falsecount="4"/>
          <line num="371" count="0" type="stmt"/>
          <line num="372" count="0" type="stmt"/>
          <line num="373" count="0" type="stmt"/>
          <line num="380" count="0" type="cond" truecount="0" falsecount="2"/>
          <line num="382" count="0" type="cond" truecount="0" falsecount="4"/>
          <line num="383" count="0" type="stmt"/>
          <line num="386" count="0" type="stmt"/>
          <line num="388" count="0" type="cond" truecount="0" falsecount="2"/>
          <line num="389" count="0" type="cond" truecount="0" falsecount="4"/>
          <line num="390" count="0" type="stmt"/>
          <line num="392" count="0" type="cond" truecount="0" falsecount="4"/>
          <line num="397" count="0" type="stmt"/>
          <line num="398" count="0" type="stmt"/>
          <line num="399" count="0" type="stmt"/>
          <line num="400" count="0" type="cond" truecount="0" falsecount="4"/>
          <line num="402" count="0" type="stmt"/>
          <line num="403" count="0" type="stmt"/>
          <line num="405" count="0" type="stmt"/>
          <line num="406" count="0" type="cond" truecount="0" falsecount="4"/>
          <line num="407" count="0" type="cond" truecount="0" falsecount="4"/>
          <line num="408" count="0" type="stmt"/>
          <line num="410" count="0" type="cond" truecount="0" falsecount="8"/>
          <line num="411" count="0" type="stmt"/>
          <line num="412" count="0" type="stmt"/>
          <line num="415" count="0" type="cond" truecount="0" falsecount="4"/>
          <line num="416" count="0" type="stmt"/>
          <line num="419" count="0" type="stmt"/>
          <line num="420" count="0" type="cond" truecount="0" falsecount="4"/>
          <line num="421" count="0" type="stmt"/>
          <line num="424" count="0" type="cond" truecount="0" falsecount="8"/>
          <line num="426" count="0" type="stmt"/>
          <line num="429" count="0" type="stmt"/>
          <line num="431" count="0" type="cond" truecount="0" falsecount="4"/>
          <line num="432" count="0" type="stmt"/>
          <line num="435" count="0" type="stmt"/>
          <line num="436" count="0" type="stmt"/>
          <line num="438" count="0" type="stmt"/>
          <line num="439" count="0" type="stmt"/>
          <line num="447" count="0" type="cond" truecount="0" falsecount="4"/>
          <line num="448" count="0" type="stmt"/>
          <line num="450" count="0" type="stmt"/>
          <line num="452" count="0" type="stmt"/>
          <line num="453" count="0" type="stmt"/>
          <line num="455" count="0" type="stmt"/>
          <line num="456" count="0" type="stmt"/>
          <line num="457" count="0" type="stmt"/>
          <line num="459" count="0" type="stmt"/>
          <line num="461" count="0" type="stmt"/>
[...]
          <line num="31" count="0" type="stmt"/>
          <line num="32" count="0" type="stmt"/>
          <line num="35" count="0" type="stmt"/>
          <line num="38" count="0" type="stmt"/>
          <line num="39" count="0" type="stmt"/>
          <line num="40" count="0" type="stmt"/>
          <line num="41" count="0" type="stmt"/>
          <line num="42" count="0" type="stmt"/>
          <line num="48" count="0" type="stmt"/>
          <line num="55" count="0" type="stmt"/>
        </file>
        <file name="offset.js" path="D:\Project Numerical\frontend\src\node_modules\@popperjs\core\lib\modifiers\offset.js">
          <metrics statements="24" coveredstatements="0" conditionals="26" coveredconditionals="0" methods="5" coveredmethods="0"/>
          <line num="4" count="0" type="stmt"/>
          <line num="5" count="0" type="cond" truecount="0" falsecount="4"/>
          <line num="7" count="0" type="cond" truecount="0" falsecount="4"/>
          <line num="10" count="0" type="stmt"/>
          <line num="11" count="0" type="stmt"/>
          <line num="13" count="0" type="cond" truecount="0" falsecount="4"/>
          <line num="14" count="0" type="cond" truecount="0" falsecount="4"/>
          <line num="15" count="0" type="cond" truecount="0" falsecount="2"/>
          <line num="25" count="0" type="stmt"/>
          <line num="26" count="0" type="stmt"/>
          <line num="27" count="0" type="stmt"/>
          <line num="28" count="0" type="stmt"/>
          <line num="29" count="0" type="cond" truecount="0" falsecount="4"/>
          <line num="30" count="0" type="stmt"/>
          <line num="31" count="0" type="stmt"/>
          <line num="32" count="0" type="stmt"/>
          <line num="34" count="0" type="stmt"/>
          <line num="35" count="0" type="stmt"/>
          <line num="36" count="0" type="stmt"/>
          <line num="38" count="0" type="cond" truecount="0" falsecount="4"/>
          <line num="39" count="0" type="stmt"/>
          <line num="40" count="0" type="stmt"/>
          <line num="43" count="0" type="stmt"/>
          <line num="47" count="0" type="stmt"/>
        </file>
        <file name="popperOffsets.js" path="D:\Project Numerical\frontend\src\node_modules\@popperjs\core\lib\modifiers\popperOffsets.js">
          <metrics statements="4" coveredstatements="0" conditionals="0" coveredconditionals="0" methods="2" coveredmethods="0"/>
          <line num="4" count="0" type="stmt"/>
          <line num="5" count="0" type="stmt"/>
          <line num="10" count="0" type="stmt"/>
          <line num="19" count="0" type="stmt"/>
        </file>
        <file name="preventOverflow.js" path="D:\Project Numerical\frontend\src\node_modules\@popperjs\core\lib\modifiers\preventOverflow.js">
          <metrics statements="66" coveredstatements="0" conditionals="131" coveredconditionals="0" methods="2" coveredmethods="0"/>
          <line num="14" count="0" type="stmt"/>
          <line num="15" count="0" type="stmt"/>
          <line num="16" count="0" type="stmt"/>
          <line num="17" count="0" type="stmt"/>
          <line num="18" count="0" type="cond" truecount="0" falsecount="4"/>
          <line num="19" count="0" type="stmt"/>
          <line num="20" count="0" type="cond" truecount="0" falsecount="4"/>
          <line num="21" count="0" type="stmt"/>
          <line num="22" count="0" type="stmt"/>
          <line num="23" count="0" type="stmt"/>
          <line num="24" count="0" type="stmt"/>
          <line num="25" count="0" type="stmt"/>
          <line num="26" count="0" type="cond" truecount="0" falsecount="4"/>
          <line num="27" count="0" type="stmt"/>
          <line num="28" count="0" type="cond" truecount="0" falsecount="4"/>
          <line num="29" count="0" type="stmt"/>
          <line num="35" count="0" type="stmt"/>
          <line num="36" count="0" type="stmt"/>
          <line num="37" count="0" type="stmt"/>
          <line num="38" count="0" type="stmt"/>
          <line num="39" count="0" type="stmt"/>
          <line num="40" count="0" type="stmt"/>
          <line num="41" count="0" type="stmt"/>
          <line num="42" count="0" type="stmt"/>
          <line num="43" count="0" type="cond" truecount="0" falsecount="4"/>
          <line num="46" count="0" type="stmt"/>
          <line num="51" count="0" type="cond" truecount="0" falsecount="4"/>
          <line num="52" count="0" type="stmt"/>
          <line num="55" count="0" type="cond" truecount="0" falsecount="8"/>
          <line num="56" count="0" type="cond" truecount="0" falsecount="4"/>
          <line num="57" count="0" type="cond" truecount="0" falsecount="4"/>
          <line num="58" count="0" type="cond" truecount="0" falsecount="4"/>
          <line num="59" count="0" type="stmt"/>
          <line num="60" count="0" type="stmt"/>
          <line num="61" count="0" type="stmt"/>
          <line num="62" count="0" type="cond" truecount="0" falsecount="4"/>
          <line num="63" count="0" type="cond" truecount="0" falsecount="4"/>
          <line num="64" count="0" type="cond" truecount="0" falsecount="4"/>
          <line num="67" count="0" type="stmt"/>
          <line num="68" count="0" type="cond" truecount="0" falsecount="8"/>
          <line num="72" count="0" type="cond" truecount="0" falsecount="3"/>
          <line num="73" count="0" type="stmt"/>
          <line num="74" count="0" type="stmt"/>
          <line num="80" count="0" type="stmt"/>
          <line num="81" count="0" type="cond" truecount="0" falsecount="4"/>
          <line num="82" count="0" type="cond" truecount="0" falsecount="4"/>
          <line num="83" count="0" type="cond" truecount="0" falsecount="4"/>
          <line num="84" count="0" type="cond" truecount="0" falsecount="16"/>
          <line num="85" count="0" type="cond" truecount="0" falsecount="4"/>
          <line num="86" count="0" type="stmt"/>
          <line num="87" count="0" type="stmt"/>
          <line num="89" count="0" type="cond" truecount="0" falsecount="4"/>
          <line num="90" count="0" type="cond" truecount="0" falsecount="8"/>
          <line num="91" count="0" type="stmt"/>
          <line num="92" count="0" type="stmt"/>
          <line num="95" count="0" type="cond" truecount="0" falsecount="4"/>
          <line num="96" count="0" type="cond" truecount="0" falsecount="4"/>
          <line num="98" count="0" type="cond" truecount="0" falsecount="4"/>
          <line num="100" count="0" type="stmt"/>
          <line num="102" count="0" type="stmt"/>
          <line num="104" count="0" type="stmt"/>
          <line num="106" count="0" type="cond" truecount="0" falsecount="8"/>
          <line num="108" count="0" type="stmt"/>
          <line num="109" count="0" type="stmt"/>
          <line num="113" count="0" type="stmt"/>
          <line num="117" count="0" type="stmt"/>
        </file>
      </package>
      <package name="src.node_modules.@popperjs.core.lib.utils">
        <metrics statements="137" coveredstatements="0" conditionals="142" coveredconditionals="0" methods="39" coveredmethods="0"/>
        <file name="computeAutoPlacement.js" path="D:\Project Numerical\frontend\src\node_modules\@popperjs\core\lib\utils\computeAutoPlacement.js">
          <metrics statements="23" coveredstatements="0" conditionals="20" coveredconditionals="0" methods="5" coveredmethods="0"/>
          <line num="5" count="0" type="cond" truecount="0" falsecount="2"/>
          <line num="6" count="0" type="cond" truecount="0" falsecount="2"/>
          <line num="7" count="0" type="stmt"/>
          <line num="10" count="0" type="stmt"/>
          <line num="11" count="0" type="stmt"/>
          <line num="12" count="0" type="stmt"/>
          <line num="13" count="0" type="stmt"/>
          <line num="14" count="0" type="stmt"/>
          <line num="15" count="0" type="stmt"/>
          <line num="16" count="0" type="stmt"/>
          <line num="17" count="0" type="cond" truecount="0" falsecount="4"/>
          <line num="18" count="0" type="stmt"/>
          <line num="19" count="0" type="cond" truecount="0" falsecount="8"/>
          <line num="20" count="0" type="stmt"/>
          <line num="22" count="0" type="stmt"/>
          <line num="23" count="0" type="stmt"/>
          <line num="26" count="0" type="cond" truecount="0" falsecount="4"/>
          <line num="27" count="0" type="stmt"/>
          <line num="35" count="0" type="stmt"/>
          <line num="36" count="0" type="stmt"/>
          <line num="42" count="0" type="stmt"/>
          <line num="44" count="0" type="stmt"/>
          <line num="45" count="0" type="stmt"/>
        </file>
        <file name="computeOffsets.js" path="D:\Project Numerical\frontend\src\node_modules\@popperjs\core\lib\utils\computeOffsets.js">
          <metrics statements="26" coveredstatements="0" conditionals="29" coveredconditionals="0" methods="1" coveredmethods="0"/>
          <line num="6" count="0" type="stmt"/>
          <line num="7" count="0" type="stmt"/>
          <line num="8" count="0" type="stmt"/>
          <line num="9" count="0" type="cond" truecount="0" falsecount="4"/>
          <line num="10" count="0" type="cond" truecount="0" falsecount="4"/>
          <line num="11" count="0" type="stmt"/>
          <line num="12" count="0" type="stmt"/>
          <line num="15" count="0" type="stmt"/>
          <line num="17" count="0" type="stmt"/>
          <line num="21" count="0" type="stmt"/>
          <line num="24" count="0" type="stmt"/>
          <line num="28" count="0" type="stmt"/>
          <line num="31" count="0" type="stmt"/>
          <line num="35" count="0" type="stmt"/>
          <line num="38" count="0" type="stmt"/>
          <line num="42" count="0" type="stmt"/>
          <line num="45" count="0" type="stmt"/>
          <line num="51" count="0" type="cond" truecount="0" falsecount="4"/>
          <line num="53" count="0" type="cond" truecount="0" falsecount="4"/>
          <line num="54" count="0" type="cond" truecount="0" falsecount="4"/>
          <line num="56" count="0" type="stmt"/>
          <line num="58" count="0" type="stmt"/>
          <line num="59" count="0" type="stmt"/>
          <line num="62" count="0" type="stmt"/>
          <line num="63" count="0" type="stmt"/>
          <line num="69" count="0" type="stmt"/>
        </file>
        <file name="debounce.js" path="D:\Project Numerical\frontend\src\node_modules\@popperjs\core\lib\utils\debounce.js">
          <metrics statements="7" coveredstatements="0" conditionals="4" coveredconditionals="0" methods="5" coveredmethods="0"/>
          <line num="3" count="0" type="stmt"/>
          <line num="4" count="0" type="cond" truecount="0" falsecount="4"/>
          <line num="5" count="0" type="stmt"/>
          <line num="6" count="0" type="stmt"/>
          <line num="7" count="0" type="stmt"/>
          <line num="8" count="0" type="stmt"/>
          <line num="13" count="0" type="stmt"/>
        </file>
        <file name="detectOverflow.js" path="D:\Project Numerical\frontend\src\node_modules\@popperjs\core\lib\utils\detectOverflow.js">
          <metrics statements="34" coveredstatements="0" conditionals="64" coveredconditionals="0" methods="2" coveredmethods="0"/>
          <line num="11" count="0" type="cond" truecount="0" falsecount="2"/>
          <line num="12" count="0" type="cond" truecount="0" falsecount="2"/>
          <line num="13" count="0" type="stmt"/>
          <line num="16" count="0" type="stmt"/>
          <line num="17" count="0" type="stmt"/>
          <line num="18" count="0" type="cond" truecount="0" falsecount="4"/>
          <line num="19" count="0" type="stmt"/>
          <line num="20" count="0" type="cond" truecount="0" falsecount="4"/>
          <line num="21" count="0" type="stmt"/>
          <line num="22" count="0" type="cond" truecount="0" falsecount="4"/>
          <line num="23" count="0" type="stmt"/>
          <line num="24" count="0" type="cond" truecount="0" falsecount="4"/>
          <line num="25" count="0" type="stmt"/>
          <line num="26" count="0" type="cond" truecount="0" falsecount="4"/>
          <line num="27" count="0" type="stmt"/>
          <line num="28" count="0" type="cond" truecount="0" falsecount="4"/>
          <line num="29" count="0" type="cond" truecount="0" falsecount="4"/>
          <line num="30" count="0" type="cond" truecount="0" falsecount="4"/>
          <line num="31" count="0" type="stmt"/>
          <line num="32" count="0" type="cond" truecount="0" falsecount="4"/>
          <line num="33" count="0" type="cond" truecount="0" falsecount="6"/>
          <line num="34" count="0" type="stmt"/>
          <line num="35" count="0" type="stmt"/>
          <line num="41" count="0" type="stmt"/>
          <line num="42" count="0" type="cond" truecount="0" falsecount="4"/>
          <line num="45" count="0" type="stmt"/>
          <line num="51" count="0" type="stmt"/>
          <line num="53" count="0" type="cond" truecount="0" falsecount="6"/>
          <line num="54" count="0" type="stmt"/>
          <line num="55" count="0" type="stmt"/>
          <line num="56" count="0" type="cond" truecount="0" falsecount="4"/>
          <line num="57" count="0" type="cond" truecount="0" falsecount="4"/>
          <line num="58" count="0" type="stmt"/>
          <line num="62" count="0" type="stmt"/>
        </file>
        <file name="expandToHashMap.js" path="D:\Project Numerical\frontend\src\node_modules\@popperjs\core\lib\utils\expandToHashMap.js">
          <metrics statements="3" coveredstatements="0" conditionals="0" coveredconditionals="0" methods="2" coveredmethods="0"/>
          <line num="2" count="0" type="stmt"/>
          <line num="3" count="0" type="stmt"/>
          <line num="4" count="0" type="stmt"/>
        </file>
        <file name="getAltAxis.js" path="D:\Project Numerical\frontend\src\node_modules\@popperjs\core\lib\utils\getAltAxis.js">
          <metrics statements="1" coveredstatements="0" conditionals="3" coveredconditionals="0" methods="1" coveredmethods="0"/>
          <line num="2" count="0" type="cond" truecount="0" falsecount="3"/>
        </file>
        <file name="getBasePlacement.js" path="D:\Project Numerical\frontend\src\node_modules\@popperjs\core\lib\utils\getBasePlacement.js">
          <metrics statements="1" coveredstatements="0" conditionals="0" coveredconditionals="0" methods="1" coveredmethods="0"/>
          <line num="3" count="0" type="stmt"/>
        </file>
        <file name="getFreshSideObject.js" path="D:\Project Numerical\frontend\src\node_modules\@popperjs\core\lib\utils\getFreshSideObject.js">
          <metrics statements="1" coveredstatements="0" conditionals="0" coveredconditionals="0" methods="1" coveredmethods="0"/>
          <line num="2" count="0" type="stmt"/>
        </file>
        <file name="getMainAxisFromPlacement.js" path="D:\Project Numerical\frontend\src\node_modules\@popperjs\core\lib\utils\getMainAxisFromPlacement.js">
          <metrics statements="1" coveredstatements="0" conditionals="2" coveredconditionals="0" methods="1" coveredmethods="0"/>
          <line num="2" count="0" type="cond" truecount="0" falsecount="2"/>
        </file>
        <file name="getOppositePlacement.js" path="D:\Project Numerical\frontend\src\node_modules\@popperjs\core\lib\utils\getOppositePlacement.js">
          <metrics statements="3" coveredstatements="0" conditionals="0" coveredconditionals="0" methods="2" coveredmethods="0"/>
          <line num="1" count="0" type="stmt"/>
          <line num="8" count="0" type="stmt"/>
          <line num="9" count="0" type="stmt"/>
        </file>
        <file name="getOppositeVariationPlacement.js" path="D:\Project Numerical\frontend\src\node_modules\@popperjs\core\lib\utils\getOppositeVariationPlacement.js">
          <metrics statements="3" coveredstatements="0" conditionals="0" coveredconditionals="0" methods="2" coveredmethods="0"/>
          <line num="1" count="0" type="stmt"/>
          <line num="6" count="0" type="stmt"/>
          <line num="7" count="0" type="stmt"/>
        </file>
        <file name="getVariation.js" path="D:\Project Numerical\frontend\src\node_modules\@popperjs\core\lib\utils\getVariation.js">
          <metrics statements="1" coveredstatements="0" conditionals="0" coveredconditionals="0" methods="1" coveredmethods="0"/>
          <line num="2" count="0" type="stmt"/>
        </file>
        <file name="math.js" path="D:\Project Numerical\frontend\src\node_modules\@popperjs\core\lib\utils\math.js">
          <metrics statements="3" coveredstatements="0" conditionals="0" coveredconditionals="0" methods="0" coveredmethods="0"/>
          <line num="1" count="0" type="stmt"/>
          <line num="2" count="0" type="stmt"/>
          <line num="3" count="0" type="stmt"/>
        </file>
        <file name="mergeByName.js" path="D:\Project Numerical\frontend\src\node_modules\@popperjs\core\lib\utils\mergeByName.js">
          <metrics statements="6" coveredstatements="0" conditionals="4" coveredconditionals="0" methods="3" coveredmethods="0"/>
          <line num="2" count="0" type="stmt"/>
          <line num="3" count="0" type="stmt"/>
          <line num="4" count="0" type="cond" truecount="0" falsecount="4"/>
          <line num="8" count="0" type="stmt"/>
          <line num="11" count="0" type="stmt"/>
          <line num="12" count="0" type="stmt"/>
        </file>
        <file name="mergePaddingObject.js" path="D:\Project Numerical\frontend\src\node_modules\@popperjs\core\lib\utils\mergePaddingObject.js">
          <metrics statements="1" coveredstatements="0" conditionals="0" coveredconditionals="0" methods="1" coveredmethods="0"/>
          <line num="3" count="0" type="stmt"/>
        </file>
        <file name="orderModifiers.js" path="D:\Project Numerical\frontend\src\node_modules\@popperjs\core\lib\utils\orderModifiers.js">
          <metrics statements="21" coveredstatements="0" conditionals="16" coveredconditionals="0" methods="9" coveredmethods="0"/>
          <line num="4" count="0" type="stmt"/>
          <line num="5" count="0" type="stmt"/>
          <line num="6" count="0" type="stmt"/>
          <line num="7" count="0" type="stmt"/>
          <line num="8" count="0" type="stmt"/>
          <line num="12" count="0" type="stmt"/>
          <line num="13" count="0" type="cond" truecount="0" falsecount="4"/>
          <line num="14" count="0" type="stmt"/>
          <line num="15" count="0" type="cond" truecount="0" falsecount="4"/>
          <line num="16" count="0" type="stmt"/>
          <line num="18" count="0" type="cond" truecount="0" falsecount="4"/>
          <line num="19" count="0" type="stmt"/>
          <line num="23" count="0" type="stmt"/>
          <line num="26" count="0" type="stmt"/>
          <line num="27" count="0" type="cond" truecount="0" falsecount="4"/>
          <line num="29" count="0" type="stmt"/>
          <line num="32" count="0" type="stmt"/>
          <line num="37" count="0" type="stmt"/>
          <line num="39" count="0" type="stmt"/>
          <line num="40" count="0" type="stmt"/>
          <line num="41" count="0" type="stmt"/>
        </file>
        <file name="rectToClientRect.js" path="D:\Project Numerical\frontend\src\node_modules\@popperjs\core\lib\utils\rectToClientRect.js">
          <metrics statements="1" coveredstatements="0" conditionals="0" coveredconditionals="0" methods="1" coveredmethods="0"/>
          <line num="2" count="0" type="stmt"/>
        </file>
        <file name="within.js" path="D:\Project Numerical\frontend\src\node_modules\@popperjs\core\lib\utils\within.js">
          <metrics statements="1" coveredstatements="0" conditionals="0" coveredconditionals="0" methods="1" coveredmethods="0"/>
          <line num="3" count="0" type="stmt"/>
        </file>
      </package>
    </metrics>
  </project>
</coverage>
