TN:
SF:D:\Project Numerical\frontend\src\App.js
FN:6,App
FNF:1
FNH:1
FNDA:6,App
DA:7,6
LF:1
LH:1
BRF:0
BRH:0
end_of_record
TN:
SF:D:\Project Numerical\frontend\src\Home.js
FN:20,(anonymous_0)
FN:88,(anonymous_1)
FN:105,(anonymous_2)
FN:138,(anonymous_3)
FN:147,(anonymous_4)
FN:181,(anonymous_5)
FN:485,(anonymous_6)
FN:593,(anonymous_7)
FN:597,(anonymous_8)
FN:887,(anonymous_9)
FN:891,(anonymous_10)
FN:898,(anonymous_11)
FN:966,(anonymous_12)
FN:2168,(anonymous_13)
FN:2419,(anonymous_14)
FN:2436,(anonymous_15)
FN:2454,(anonymous_16)
FN:2474,(anonymous_17)
FN:2737,(anonymous_18)
FN:2758,(anonymous_19)
FN:2779,(anonymous_20)
FN:2805,(anonymous_21)
FN:2892,(anonymous_22)
FN:2913,(anonymous_23)
FN:3097,(anonymous_24)
FN:3450,(anonymous_25)
FN:4594,(anonymous_26)
FN:4628,(anonymous_27)
FN:4633,(anonymous_28)
FN:4635,(anonymous_29)
FN:4636,(anonymous_30)
FN:4637,(anonymous_31)
FN:4646,(anonymous_32)
FN:4670,(anonymous_33)
FN:4675,(anonymous_34)
FN:4676,(anonymous_35)
FNF:36
FNH:5
FNDA:6,(anonymous_0)
FNDA:0,(anonymous_1)
FNDA:0,(anonymous_2)
FNDA:0,(anonymous_3)
FNDA:0,(anonymous_4)
FNDA:0,(anonymous_5)
FNDA:0,(anonymous_6)
FNDA:0,(anonymous_7)
FNDA:0,(anonymous_8)
FNDA:0,(anonymous_9)
FNDA:0,(anonymous_10)
FNDA:0,(anonymous_11)
FNDA:0,(anonymous_12)
FNDA:0,(anonymous_13)
FNDA:0,(anonymous_14)
FNDA:0,(anonymous_15)
FNDA:0,(anonymous_16)
FNDA:0,(anonymous_17)
FNDA:0,(anonymous_18)
FNDA:0,(anonymous_19)
FNDA:0,(anonymous_20)
FNDA:0,(anonymous_21)
FNDA:0,(anonymous_22)
FNDA:0,(anonymous_23)
FNDA:0,(anonymous_24)
FNDA:5,(anonymous_25)
FNDA:0,(anonymous_26)
FNDA:0,(anonymous_27)
FNDA:0,(anonymous_28)
FNDA:0,(anonymous_29)
FNDA:0,(anonymous_30)
FNDA:0,(anonymous_31)
FNDA:0,(anonymous_32)
FNDA:5,(anonymous_33)
FNDA:4,(anonymous_34)
FNDA:4,(anonymous_35)
DA:21,6
DA:22,5
DA:89,0
DA:90,0
DA:101,0
DA:106,0
DA:140,0
DA:141,0
DA:148,0
DA:149,0
DA:162,0
DA:182,0
DA:183,0
DA:184,0
DA:187,0
DA:188,0
DA:189,0
DA:190,0
DA:191,0
DA:193,0
DA:194,0
DA:195,0
DA:197,0
DA:201,0
DA:207,0
DA:209,0
DA:211,0
DA:213,0
DA:214,0
DA:218,0
DA:220,0
DA:222,0
DA:223,0
DA:228,0
DA:234,0
DA:235,0
DA:236,0
DA:237,0
DA:238,0
DA:239,0
DA:240,0
DA:245,0
DA:246,0
DA:247,0
DA:249,0
DA:257,0
DA:263,0
DA:264,0
DA:265,0
DA:268,0
DA:270,0
DA:272,0
DA:274,0
DA:275,0
DA:279,0
DA:281,0
DA:283,0
DA:284,0
DA:289,0
DA:294,0
DA:295,0
DA:296,0
DA:297,0
DA:298,0
DA:299,0
DA:300,0
DA:305,0
DA:306,0
DA:307,0
DA:309,0
DA:317,0
DA:322,0
DA:328,0
DA:329,0
DA:330,0
DA:333,0
DA:334,0
DA:336,0
DA:338,0
DA:342,0
DA:343,0
DA:348,0
DA:350,0
DA:354,0
DA:355,0
DA:359,0
DA:362,0
DA:363,0
DA:364,0
DA:365,0
DA:366,0
DA:368,0
DA:369,0
DA:370,0
DA:372,0
DA:376,0
DA:382,0
DA:384,0
DA:386,0
DA:388,0
DA:389,0
DA:393,0
DA:395,0
DA:397,0
DA:398,0
DA:403,0
DA:406,0
DA:407,0
DA:408,0
DA:409,0
DA:412,0
DA:414,0
DA:415,0
DA:417,0
DA:418,0
DA:419,0
DA:421,0
DA:423,0
DA:428,0
DA:430,0
DA:435,0
DA:437,0
DA:445,0
DA:446,0
DA:453,0
DA:455,0
DA:457,0
DA:462,0
DA:463,0
DA:469,0
DA:471,0
DA:476,0
DA:477,0
DA:482,0
DA:486,0
DA:487,0
DA:489,0
DA:491,0
DA:492,0
DA:495,0
DA:496,0
DA:499,0
DA:500,0
DA:503,0
DA:504,0
DA:507,0
DA:508,0
DA:511,0
DA:512,0
DA:515,0
DA:516,0
DA:520,0
DA:524,0
DA:527,0
DA:528,0
DA:531,0
DA:532,0
DA:535,0
DA:536,0
DA:539,0
DA:540,0
DA:543,0
DA:544,0
DA:547,0
DA:548,0
DA:551,0
DA:552,0
DA:555,0
DA:556,0
DA:559,0
DA:560,0
DA:563,0
DA:564,0
DA:567,0
DA:568,0
DA:571,0
DA:572,0
DA:575,0
DA:578,0
DA:582,0
DA:584,0
DA:587,0
DA:589,0
DA:594,0
DA:598,0
DA:599,0
DA:601,0
DA:610,0
DA:613,0
DA:622,0
DA:625,0
DA:633,0
DA:636,0
DA:644,0
DA:647,0
DA:656,0
DA:659,0
DA:669,0
DA:672,0
DA:681,0
DA:684,0
DA:693,0
DA:696,0
DA:705,0
DA:708,0
DA:718,0
DA:721,0
DA:731,0
DA:734,0
DA:745,0
DA:748,0
DA:758,0
DA:761,0
DA:771,0
DA:774,0
DA:783,0
DA:786,0
DA:795,0
DA:798,0
DA:811,0
DA:814,0
DA:824,0
DA:827,0
DA:838,0
DA:841,0
DA:851,0
DA:854,0
DA:865,0
DA:868,0
DA:879,0
DA:882,0
DA:888,0
DA:892,0
DA:893,0
DA:895,0
DA:899,0
DA:900,0
DA:901,0
DA:902,0
DA:905,0
DA:906,0
DA:908,0
DA:909,0
DA:910,0
DA:913,0
DA:914,0
DA:918,0
DA:919,0
DA:921,0
DA:922,0
DA:924,0
DA:925,0
DA:929,0
DA:930,0
DA:931,0
DA:932,0
DA:933,0
DA:934,0
DA:935,0
DA:936,0
DA:937,0
DA:938,0
DA:939,0
DA:940,0
DA:941,0
DA:943,0
DA:944,0
DA:946,0
DA:947,0
DA:949,0
DA:950,0
DA:952,0
DA:954,0
DA:958,0
DA:967,0
DA:968,0
DA:969,0
DA:970,0
DA:971,0
DA:972,0
DA:973,0
DA:974,0
DA:975,0
DA:976,0
DA:977,0
DA:980,0
DA:982,0
DA:983,0
DA:984,0
DA:985,0
DA:987,0
DA:988,0
DA:989,0
DA:990,0
DA:991,0
DA:992,0
DA:993,0
DA:995,0
DA:996,0
DA:1000,0
DA:1001,0
DA:1006,0
DA:1018,0
DA:1023,0
DA:1046,0
DA:1049,0
DA:1050,0
DA:1051,0
DA:1056,0
DA:1057,0
DA:1059,0
DA:1060,0
DA:1061,0
DA:1063,0
DA:1064,0
DA:1066,0
DA:1068,0
DA:1069,0
DA:1070,0
DA:1078,0
DA:1084,0
DA:1107,0
DA:1110,0
DA:1112,0
DA:1113,0
DA:1114,0
DA:1115,0
DA:1116,0
DA:1117,0
DA:1118,0
DA:1119,0
DA:1121,0
DA:1122,0
DA:1123,0
DA:1131,0
DA:1137,0
DA:1140,0
DA:1141,0
DA:1164,0
DA:1167,0
DA:1168,0
DA:1169,0
DA:1171,0
DA:1177,0
DA:1179,0
DA:1180,0
DA:1181,0
DA:1183,0
DA:1185,0
DA:1188,0
DA:1189,0
DA:1190,0
DA:1198,0
DA:1205,0
DA:1228,0
DA:1231,0
DA:1232,0
DA:1233,0
DA:1235,0
DA:1237,0
DA:1241,0
DA:1242,0
DA:1243,0
DA:1246,0
DA:1248,0
DA:1249,0
DA:1256,0
DA:1261,0
DA:1264,0
DA:1265,0
DA:1266,0
DA:1267,0
DA:1268,0
DA:1269,0
DA:1270,0
DA:1271,0
DA:1272,0
DA:1273,0
DA:1275,0
DA:1276,0
DA:1281,0
DA:1282,0
DA:1284,0
DA:1285,0
DA:1286,0
DA:1287,0
DA:1290,0
DA:1294,0
DA:1297,0
DA:1299,0
DA:1300,0
DA:1301,0
DA:1303,0
DA:1306,0
DA:1308,0
DA:1311,0
DA:1312,0
DA:1315,0
DA:1318,0
DA:1320,0
DA:1323,0
DA:1324,0
DA:1325,0
DA:1326,0
DA:1327,0
DA:1328,0
DA:1329,0
DA:1331,0
DA:1334,0
DA:1335,0
DA:1336,0
DA:1337,0
DA:1339,0
DA:1346,0
DA:1349,0
DA:1354,0
DA:1357,0
DA:1359,0
DA:1360,0
DA:1363,0
DA:1366,0
DA:1369,0
DA:1370,0
DA:1373,0
DA:1374,0
DA:1376,0
DA:1377,0
DA:1378,0
DA:1407,0
DA:1410,0
DA:1415,0
DA:1418,0
DA:1420,0
DA:1421,0
DA:1424,0
DA:1425,0
DA:1426,0
DA:1428,0
DA:1429,0
DA:1430,0
DA:1431,0
DA:1434,0
DA:1436,0
DA:1437,0
DA:1439,0
DA:1440,0
DA:1441,0
DA:1442,0
DA:1443,0
DA:1444,0
DA:1445,0
DA:1446,0
DA:1447,0
DA:1450,0
DA:1451,0
DA:1453,0
DA:1455,0
DA:1456,0
DA:1457,0
DA:1460,0
DA:1462,0
DA:1463,0
DA:1464,0
DA:1470,0
DA:1472,0
DA:1478,0
DA:1481,0
DA:1483,0
DA:1484,0
DA:1486,0
DA:1487,0
DA:1490,0
DA:1491,0
DA:1492,0
DA:1495,0
DA:1497,0
DA:1498,0
DA:1500,0
DA:1501,0
DA:1502,0
DA:1503,0
DA:1504,0
DA:1505,0
DA:1506,0
DA:1507,0
DA:1510,0
DA:1513,0
DA:1515,0
DA:1516,0
DA:1517,0
DA:1518,0
DA:1521,0
DA:1522,0
DA:1523,0
DA:1529,0
DA:1532,0
DA:1537,0
DA:1540,0
DA:1542,0
DA:1543,0
DA:1544,0
DA:1547,0
DA:1550,0
DA:1552,0
DA:1554,0
DA:1556,0
DA:1558,0
DA:1560,0
DA:1562,0
DA:1564,0
DA:1566,0
DA:1567,0
DA:1568,0
DA:1569,0
DA:1571,0
DA:1579,0
DA:1580,0
DA:1581,0
DA:1584,0
DA:1593,0
DA:1597,0
DA:1598,0
DA:1599,0
DA:1602,0
DA:1604,0
DA:1605,0
DA:1612,0
DA:1618,0
DA:1621,0
DA:1625,0
DA:1629,0
DA:1630,0
DA:1631,0
DA:1632,0
DA:1633,0
DA:1634,0
DA:1635,0
DA:1636,0
DA:1637,0
DA:1638,0
DA:1639,0
DA:1640,0
DA:1641,0
DA:1642,0
DA:1643,0
DA:1646,0
DA:1648,0
DA:1653,0
DA:1657,0
DA:1658,0
DA:1660,0
DA:1661,0
DA:1662,0
DA:1663,0
DA:1664,0
DA:1665,0
DA:1666,0
DA:1667,0
DA:1668,0
DA:1669,0
DA:1671,0
DA:1672,0
DA:1673,0
DA:1675,0
DA:1676,0
DA:1679,0
DA:1680,0
DA:1685,0
DA:1687,0
DA:1689,0
DA:1691,0
DA:1692,0
DA:1693,0
DA:1696,0
DA:1715,0
DA:1718,0
DA:1719,0
DA:1721,0
DA:1722,0
DA:1723,0
DA:1724,0
DA:1725,0
DA:1726,0
DA:1727,0
DA:1728,0
DA:1729,0
DA:1730,0
DA:1731,0
DA:1732,0
DA:1734,0
DA:1735,0
DA:1736,0
DA:1739,0
DA:1740,0
DA:1742,0
DA:1744,0
DA:1745,0
DA:1746,0
DA:1747,0
DA:1749,0
DA:1750,0
DA:1755,0
DA:1756,0
DA:1757,0
DA:1759,0
DA:1761,0
DA:1780,0
DA:1784,0
DA:1786,0
DA:1787,0
DA:1788,0
DA:1789,0
DA:1790,0
DA:1791,0
DA:1792,0
DA:1793,0
DA:1794,0
DA:1795,0
DA:1796,0
DA:1797,0
DA:1798,0
DA:1799,0
DA:1800,0
DA:1801,0
DA:1802,0
DA:1803,0
DA:1804,0
DA:1806,0
DA:1811,0
DA:1813,0
DA:1814,0
DA:1815,0
DA:1816,0
DA:1820,0
DA:1821,0
DA:1823,0
DA:1824,0
DA:1829,0
DA:1831,0
DA:1833,0
DA:1835,0
DA:1836,0
DA:1838,0
DA:1840,0
DA:1841,0
DA:1844,0
DA:1845,0
DA:1847,0
DA:1849,0
DA:1869,0
DA:1872,0
DA:1875,0
DA:1878,0
DA:1881,0
DA:1884,0
DA:1885,0
DA:1886,0
DA:1888,0
DA:1889,0
DA:1890,0
DA:1891,0
DA:1892,0
DA:1894,0
DA:1897,0
DA:1899,0
DA:1900,0
DA:1903,0
DA:1905,0
DA:1907,0
DA:1911,0
DA:1913,0
DA:1916,0
DA:1918,0
DA:1924,0
DA:1927,0
DA:1929,0
DA:1930,0
DA:1933,0
DA:1935,0
DA:1937,0
DA:1941,0
DA:1943,0
DA:1948,0
DA:1950,0
DA:1956,0
DA:1959,0
DA:1961,0
DA:1962,0
DA:1965,0
DA:1967,0
DA:1969,0
DA:1974,0
DA:1976,0
DA:1982,0
DA:1984,0
DA:1991,0
DA:1993,0
DA:1997,0
DA:2000,0
DA:2002,0
DA:2005,0
DA:2008,0
DA:2010,0
DA:2012,0
DA:2017,0
DA:2019,0
DA:2025,0
DA:2027,0
DA:2034,0
DA:2037,0
DA:2039,0
DA:2042,0
DA:2045,0
DA:2047,0
DA:2049,0
DA:2054,0
DA:2056,0
DA:2062,0
DA:2064,0
DA:2071,0
DA:2074,0
DA:2076,0
DA:2080,0
DA:2083,0
DA:2085,0
DA:2087,0
DA:2093,0
DA:2095,0
DA:2102,0
DA:2104,0
DA:2112,0
DA:2115,0
DA:2117,0
DA:2119,0
DA:2120,0
DA:2126,0
DA:2130,0
DA:2131,0
DA:2140,0
DA:2142,0
DA:2143,0
DA:2149,0
DA:2153,0
DA:2154,0
DA:2161,0
DA:2164,0
DA:2169,0
DA:2170,0
DA:2172,0
DA:2173,0
DA:2178,0
DA:2181,0
DA:2182,0
DA:2187,0
DA:2190,0
DA:2191,0
DA:2195,0
DA:2198,0
DA:2199,0
DA:2203,0
DA:2206,0
DA:2207,0
DA:2212,0
DA:2215,0
DA:2216,0
DA:2217,0
DA:2221,0
DA:2224,0
DA:2225,0
DA:2226,0
DA:2230,0
DA:2233,0
DA:2234,0
DA:2235,0
DA:2239,0
DA:2242,0
DA:2243,0
DA:2244,0
DA:2248,0
DA:2251,0
DA:2252,0
DA:2253,0
DA:2254,0
DA:2259,0
DA:2262,0
DA:2263,0
DA:2264,0
DA:2265,0
DA:2270,0
DA:2273,0
DA:2274,0
DA:2275,0
DA:2276,0
DA:2281,0
DA:2284,0
DA:2285,0
DA:2286,0
DA:2287,0
DA:2288,0
DA:2289,0
DA:2295,0
DA:2298,0
DA:2299,0
DA:2300,0
DA:2301,0
DA:2302,0
DA:2303,0
DA:2309,0
DA:2312,0
DA:2313,0
DA:2314,0
DA:2315,0
DA:2316,0
DA:2317,0
DA:2323,0
DA:2326,0
DA:2327,0
DA:2328,0
DA:2329,0
DA:2330,0
DA:2331,0
DA:2332,0
DA:2333,0
DA:2334,0
DA:2335,0
DA:2345,0
DA:2348,0
DA:2349,0
DA:2350,0
DA:2351,0
DA:2352,0
DA:2357,0
DA:2360,0
DA:2361,0
DA:2362,0
DA:2363,0
DA:2364,0
DA:2365,0
DA:2371,0
DA:2374,0
DA:2375,0
DA:2376,0
DA:2377,0
DA:2378,0
DA:2383,0
DA:2386,0
DA:2387,0
DA:2388,0
DA:2389,0
DA:2390,0
DA:2391,0
DA:2397,0
DA:2400,0
DA:2401,0
DA:2402,0
DA:2403,0
DA:2404,0
DA:2409,0
DA:2412,0
DA:2420,0
DA:2421,0
DA:2422,0
DA:2423,0
DA:2431,0
DA:2437,0
DA:2438,0
DA:2439,0
DA:2440,0
DA:2441,0
DA:2442,0
DA:2443,0
DA:2444,0
DA:2448,0
DA:2455,0
DA:2456,0
DA:2457,0
DA:2458,0
DA:2459,0
DA:2460,0
DA:2461,0
DA:2469,0
DA:2475,0
DA:2476,0
DA:2481,0
DA:2482,0
DA:2483,0
DA:2552,0
DA:2554,0
DA:2555,0
DA:2556,0
DA:2557,0
DA:2594,0
DA:2599,0
DA:2600,0
DA:2601,0
DA:2684,0
DA:2686,0
DA:2687,0
DA:2688,0
DA:2689,0
DA:2729,0
DA:2738,0
DA:2739,0
DA:2740,0
DA:2741,0
DA:2742,0
DA:2743,0
DA:2744,0
DA:2745,0
DA:2753,0
DA:2759,0
DA:2760,0
DA:2761,0
DA:2762,0
DA:2763,0
DA:2764,0
DA:2765,0
DA:2766,0
DA:2774,0
DA:2781,0
DA:2782,0
DA:2783,0
DA:2784,0
DA:2785,0
DA:2786,0
DA:2787,0
DA:2788,0
DA:2789,0
DA:2799,0
DA:2806,0
DA:2807,0
DA:2808,0
DA:2809,0
DA:2855,0
DA:2857,0
DA:2858,0
DA:2859,0
DA:2860,0
DA:2885,0
DA:2893,0
DA:2894,0
DA:2895,0
DA:2896,0
DA:2897,0
DA:2898,0
DA:2899,0
DA:2900,0
DA:2908,0
DA:2914,0
DA:2915,0
DA:2917,0
DA:2918,0
DA:2919,0
DA:2961,0
DA:2963,0
DA:2964,0
DA:2965,0
DA:2966,0
DA:2985,0
DA:2990,0
DA:2991,0
DA:2992,0
DA:3062,0
DA:3064,0
DA:3065,0
DA:3066,0
DA:3067,0
DA:3087,0
DA:3098,0
DA:3099,0
DA:3101,0
DA:3102,0
DA:3103,0
DA:3150,0
DA:3152,0
DA:3153,0
DA:3154,0
DA:3155,0
DA:3176,0
DA:3179,0
DA:3181,0
DA:3182,0
DA:3183,0
DA:3222,0
DA:3224,0
DA:3225,0
DA:3226,0
DA:3227,0
DA:3248,0
DA:3251,0
DA:3253,0
DA:3254,0
DA:3255,0
DA:3354,0
DA:3356,0
DA:3357,0
DA:3358,0
DA:3359,0
DA:3445,0
DA:3451,5
DA:3452,5
DA:3453,5
DA:3454,5
DA:3456,0
DA:3458,0
DA:3463,0
DA:3464,0
DA:3477,0
DA:3557,0
DA:3563,0
DA:3564,0
DA:3578,0
DA:3658,0
DA:3666,0
DA:3667,0
DA:3677,0
DA:3736,0
DA:3742,0
DA:3743,0
DA:3753,0
DA:3812,0
DA:3818,0
DA:3819,0
DA:3828,0
DA:3903,0
DA:3908,0
DA:3909,0
DA:3918,0
DA:3941,0
DA:3949,0
DA:3950,0
DA:3959,0
DA:3982,0
DA:3987,0
DA:3988,0
DA:3997,0
DA:4020,0
DA:4025,0
DA:4026,0
DA:4035,0
DA:4058,0
DA:4064,0
DA:4065,0
DA:4078,0
DA:4101,0
DA:4109,0
DA:4111,0
DA:4124,0
DA:4146,0
DA:4154,0
DA:4155,0
DA:4168,0
DA:4190,0
DA:4243,0
DA:4248,0
DA:4249,0
DA:4258,0
DA:4279,0
DA:4284,0
DA:4285,0
DA:4294,0
DA:4316,0
DA:4321,0
DA:4322,0
DA:4331,0
DA:4353,0
DA:4358,0
DA:4359,0
DA:4369,0
DA:4391,0
DA:4396,0
DA:4397,0
DA:4406,0
DA:4428,0
DA:4433,0
DA:4434,0
DA:4443,0
DA:4465,0
DA:4470,0
DA:4471,0
DA:4480,0
DA:4502,0
DA:4507,0
DA:4508,0
DA:4517,0
DA:4539,0
DA:4544,0
DA:4545,0
DA:4554,0
DA:4576,0
DA:4587,5
DA:4595,0
DA:4597,0
DA:4598,0
DA:4599,0
DA:4608,0
DA:4609,0
DA:4610,0
DA:4629,0
DA:4632,0
DA:4633,0
DA:4634,0
DA:4635,0
DA:4637,0
DA:4639,0
DA:4643,0
DA:4647,0
DA:4649,0
DA:4672,5
DA:4673,5
DA:4674,5
DA:4675,4
DA:4677,4
DA:4683,5
LF:1114
LH:13
BRDA:148,0,0,0
BRDA:148,0,1,0
BRDA:183,1,0,0
BRDA:183,1,1,0
BRDA:184,2,0,0
BRDA:184,2,1,0
BRDA:191,3,0,0
BRDA:191,3,1,0
BRDA:191,4,0,0
BRDA:191,4,1,0
BRDA:207,5,0,0
BRDA:207,5,1,0
BRDA:211,6,0,0
BRDA:211,6,1,0
BRDA:211,7,0,0
BRDA:211,7,1,0
BRDA:220,8,0,0
BRDA:220,8,1,0
BRDA:220,9,0,0
BRDA:220,9,1,0
BRDA:228,10,0,0
BRDA:228,10,1,0
BRDA:228,11,0,0
BRDA:228,11,1,0
BRDA:228,11,2,0
BRDA:228,11,3,0
BRDA:240,12,0,0
BRDA:240,12,1,0
BRDA:241,13,0,0
BRDA:241,13,1,0
BRDA:268,14,0,0
BRDA:268,14,1,0
BRDA:272,15,0,0
BRDA:272,15,1,0
BRDA:272,16,0,0
BRDA:272,16,1,0
BRDA:281,17,0,0
BRDA:281,17,1,0
BRDA:281,18,0,0
BRDA:281,18,1,0
BRDA:289,19,0,0
BRDA:289,19,1,0
BRDA:289,20,0,0
BRDA:289,20,1,0
BRDA:289,20,2,0
BRDA:300,21,0,0
BRDA:300,21,1,0
BRDA:301,22,0,0
BRDA:301,22,1,0
BRDA:301,22,2,0
BRDA:334,23,0,0
BRDA:334,23,1,0
BRDA:334,24,0,0
BRDA:334,24,1,0
BRDA:334,24,2,0
BRDA:338,25,0,0
BRDA:338,25,1,0
BRDA:338,26,0,0
BRDA:338,26,1,0
BRDA:338,26,2,0
BRDA:350,27,0,0
BRDA:350,27,1,0
BRDA:350,28,0,0
BRDA:350,28,1,0
BRDA:350,28,2,0
BRDA:359,29,0,0
BRDA:359,29,1,0
BRDA:359,30,0,0
BRDA:359,30,1,0
BRDA:366,31,0,0
BRDA:366,31,1,0
BRDA:366,32,0,0
BRDA:366,32,1,0
BRDA:382,33,0,0
BRDA:382,33,1,0
BRDA:386,34,0,0
BRDA:386,34,1,0
BRDA:386,35,0,0
BRDA:386,35,1,0
BRDA:395,36,0,0
BRDA:395,36,1,0
BRDA:395,37,0,0
BRDA:395,37,1,0
BRDA:403,38,0,0
BRDA:403,38,1,0
BRDA:415,39,0,0
BRDA:415,39,1,0
BRDA:415,40,0,0
BRDA:415,40,1,0
BRDA:421,41,0,0
BRDA:421,41,1,0
BRDA:428,42,0,0
BRDA:428,42,1,0
BRDA:435,43,0,0
BRDA:435,43,1,0
BRDA:453,44,0,0
BRDA:453,44,1,0
BRDA:453,45,0,0
BRDA:453,45,1,0
BRDA:453,45,2,0
BRDA:453,45,3,0
BRDA:457,46,0,0
BRDA:457,46,1,0
BRDA:457,47,0,0
BRDA:457,47,1,0
BRDA:457,47,2,0
BRDA:457,47,3,0
BRDA:471,48,0,0
BRDA:471,48,1,0
BRDA:471,49,0,0
BRDA:471,49,1,0
BRDA:471,49,2,0
BRDA:471,49,3,0
BRDA:487,50,0,0
BRDA:487,50,1,0
BRDA:487,51,0,0
BRDA:487,51,1,0
BRDA:487,51,2,0
BRDA:489,52,0,0
BRDA:489,52,1,0
BRDA:489,52,2,0
BRDA:489,52,3,0
BRDA:489,52,4,0
BRDA:489,52,5,0
BRDA:489,52,6,0
BRDA:489,52,7,0
BRDA:489,52,8,0
BRDA:489,52,9,0
BRDA:489,52,10,0
BRDA:489,52,11,0
BRDA:489,52,12,0
BRDA:489,52,13,0
BRDA:489,52,14,0
BRDA:489,52,15,0
BRDA:489,52,16,0
BRDA:489,52,17,0
BRDA:489,52,18,0
BRDA:489,52,19,0
BRDA:489,52,20,0
BRDA:489,52,21,0
BRDA:489,52,22,0
BRDA:575,53,0,0
BRDA:575,53,1,0
BRDA:575,54,0,0
BRDA:575,54,1,0
BRDA:575,54,2,0
BRDA:575,54,3,0
BRDA:575,54,4,0
BRDA:599,55,0,0
BRDA:599,55,1,0
BRDA:599,55,2,0
BRDA:599,55,3,0
BRDA:599,55,4,0
BRDA:599,55,5,0
BRDA:599,55,6,0
BRDA:599,55,7,0
BRDA:599,55,8,0
BRDA:599,55,9,0
BRDA:599,55,10,0
BRDA:599,55,11,0
BRDA:599,55,12,0
BRDA:599,55,13,0
BRDA:599,55,14,0
BRDA:599,55,15,0
BRDA:599,55,16,0
BRDA:599,55,17,0
BRDA:599,55,18,0
BRDA:599,55,19,0
BRDA:599,55,20,0
BRDA:599,55,21,0
BRDA:599,55,22,0
BRDA:909,56,0,0
BRDA:909,56,1,0
BRDA:924,57,0,0
BRDA:924,57,1,0
BRDA:929,58,0,0
BRDA:929,58,1,0
BRDA:949,59,0,0
BRDA:949,59,1,0
BRDA:980,60,0,0
BRDA:980,60,1,0
BRDA:980,60,2,0
BRDA:980,60,3,0
BRDA:980,60,4,0
BRDA:980,60,5,0
BRDA:980,60,6,0
BRDA:980,60,7,0
BRDA:980,60,8,0
BRDA:980,60,9,0
BRDA:980,60,10,0
BRDA:980,60,11,0
BRDA:980,60,12,0
BRDA:980,60,13,0
BRDA:980,60,14,0
BRDA:980,60,15,0
BRDA:980,60,16,0
BRDA:980,60,17,0
BRDA:980,60,18,0
BRDA:980,60,19,0
BRDA:980,60,20,0
BRDA:980,60,21,0
BRDA:980,60,22,0
BRDA:991,61,0,0
BRDA:991,61,1,0
BRDA:1001,62,0,0
BRDA:1001,62,1,0
BRDA:1001,63,0,0
BRDA:1001,63,1,0
BRDA:1059,64,0,0
BRDA:1059,64,1,0
BRDA:1069,65,0,0
BRDA:1069,65,1,0
BRDA:1069,66,0,0
BRDA:1069,66,1,0
BRDA:1116,67,0,0
BRDA:1116,67,1,0
BRDA:1122,68,0,0
BRDA:1122,68,1,0
BRDA:1122,69,0,0
BRDA:1122,69,1,0
BRDA:1179,70,0,0
BRDA:1179,70,1,0
BRDA:1189,71,0,0
BRDA:1189,71,1,0
BRDA:1189,72,0,0
BRDA:1189,72,1,0
BRDA:1328,73,0,0
BRDA:1328,73,1,0
BRDA:1334,74,0,0
BRDA:1334,74,1,0
BRDA:1446,75,0,0
BRDA:1446,75,1,0
BRDA:1456,76,0,0
BRDA:1456,76,1,0
BRDA:1462,77,0,0
BRDA:1462,77,1,0
BRDA:1506,78,0,0
BRDA:1506,78,1,0
BRDA:1517,79,0,0
BRDA:1517,79,1,0
BRDA:1521,80,0,0
BRDA:1521,80,1,0
BRDA:1567,81,0,0
BRDA:1567,81,1,0
BRDA:1641,82,0,0
BRDA:1641,82,1,0
BRDA:1685,83,0,0
BRDA:1685,83,1,0
BRDA:1755,84,0,0
BRDA:1755,84,1,0
BRDA:1756,85,0,0
BRDA:1756,85,1,0
BRDA:1829,86,0,0
BRDA:1829,86,1,0
BRDA:1833,87,0,0
BRDA:1833,87,1,0
BRDA:1838,88,0,0
BRDA:1838,88,1,0
BRDA:1892,89,0,0
BRDA:1892,89,1,0
BRDA:1894,90,0,0
BRDA:1894,90,1,0
BRDA:1894,90,2,0
BRDA:1897,91,0,0
BRDA:1897,91,1,0
BRDA:1905,92,0,0
BRDA:1905,92,1,0
BRDA:1911,93,0,0
BRDA:1911,93,1,0
BRDA:1916,94,0,0
BRDA:1916,94,1,0
BRDA:1927,95,0,0
BRDA:1927,95,1,0
BRDA:1935,96,0,0
BRDA:1935,96,1,0
BRDA:1941,97,0,0
BRDA:1941,97,1,0
BRDA:1948,98,0,0
BRDA:1948,98,1,0
BRDA:1959,99,0,0
BRDA:1959,99,1,0
BRDA:1967,100,0,0
BRDA:1967,100,1,0
BRDA:1974,101,0,0
BRDA:1974,101,1,0
BRDA:1982,102,0,0
BRDA:1982,102,1,0
BRDA:1997,103,0,0
BRDA:1997,103,1,0
BRDA:1997,103,2,0
BRDA:2000,104,0,0
BRDA:2000,104,1,0
BRDA:2010,105,0,0
BRDA:2010,105,1,0
BRDA:2017,106,0,0
BRDA:2017,106,1,0
BRDA:2025,107,0,0
BRDA:2025,107,1,0
BRDA:2037,108,0,0
BRDA:2037,108,1,0
BRDA:2047,109,0,0
BRDA:2047,109,1,0
BRDA:2054,110,0,0
BRDA:2054,110,1,0
BRDA:2062,111,0,0
BRDA:2062,111,1,0
BRDA:2074,112,0,0
BRDA:2074,112,1,0
BRDA:2085,113,0,0
BRDA:2085,113,1,0
BRDA:2093,114,0,0
BRDA:2093,114,1,0
BRDA:2102,115,0,0
BRDA:2102,115,1,0
BRDA:2115,116,0,0
BRDA:2115,116,1,0
BRDA:2115,117,0,0
BRDA:2115,117,1,0
BRDA:2115,117,2,0
BRDA:2117,118,0,0
BRDA:2117,118,1,0
BRDA:2117,119,0,0
BRDA:2117,119,1,0
BRDA:2117,119,2,0
BRDA:2126,120,0,0
BRDA:2126,120,1,0
BRDA:2126,121,0,0
BRDA:2126,121,1,0
BRDA:2126,121,2,0
BRDA:2140,122,0,0
BRDA:2140,122,1,0
BRDA:2140,123,0,0
BRDA:2140,123,1,0
BRDA:2140,123,2,0
BRDA:2149,124,0,0
BRDA:2149,124,1,0
BRDA:2149,125,0,0
BRDA:2149,125,1,0
BRDA:2149,125,2,0
BRDA:2170,126,0,0
BRDA:2170,126,1,0
BRDA:2170,126,2,0
BRDA:2170,126,3,0
BRDA:2170,126,4,0
BRDA:2170,126,5,0
BRDA:2170,126,6,0
BRDA:2170,126,7,0
BRDA:2170,126,8,0
BRDA:2170,126,9,0
BRDA:2170,126,10,0
BRDA:2170,126,11,0
BRDA:2170,126,12,0
BRDA:2170,126,13,0
BRDA:2170,126,14,0
BRDA:2170,126,15,0
BRDA:2170,126,16,0
BRDA:2170,126,17,0
BRDA:2170,126,18,0
BRDA:2170,126,19,0
BRDA:2170,126,20,0
BRDA:2170,126,21,0
BRDA:2438,127,0,0
BRDA:2438,127,1,0
BRDA:2438,128,0,0
BRDA:2438,128,1,0
BRDA:2440,129,0,0
BRDA:2440,129,1,0
BRDA:2440,130,0,0
BRDA:2440,130,1,0
BRDA:2440,130,2,0
BRDA:2440,130,3,0
BRDA:2456,131,0,0
BRDA:2456,131,1,0
BRDA:2456,132,0,0
BRDA:2456,132,1,0
BRDA:2458,133,0,0
BRDA:2458,133,1,0
BRDA:2458,134,0,0
BRDA:2458,134,1,0
BRDA:2458,134,2,0
BRDA:2458,134,3,0
BRDA:2476,135,0,0
BRDA:2476,135,1,0
BRDA:2476,136,0,0
BRDA:2476,136,1,0
BRDA:2476,136,2,0
BRDA:2476,136,3,0
BRDA:2481,137,0,0
BRDA:2481,137,1,0
BRDA:2554,138,0,0
BRDA:2554,138,1,0
BRDA:2599,139,0,0
BRDA:2599,139,1,0
BRDA:2686,140,0,0
BRDA:2686,140,1,0
BRDA:2739,141,0,0
BRDA:2739,141,1,0
BRDA:2741,142,0,0
BRDA:2741,142,1,0
BRDA:2741,143,0,0
BRDA:2741,143,1,0
BRDA:2760,144,0,0
BRDA:2760,144,1,0
BRDA:2762,145,0,0
BRDA:2762,145,1,0
BRDA:2762,146,0,0
BRDA:2762,146,1,0
BRDA:2783,147,0,0
BRDA:2783,147,1,0
BRDA:2785,148,0,0
BRDA:2785,148,1,0
BRDA:2785,149,0,0
BRDA:2785,149,1,0
BRDA:2807,150,0,0
BRDA:2807,150,1,0
BRDA:2857,151,0,0
BRDA:2857,151,1,0
BRDA:2894,152,0,0
BRDA:2894,152,1,0
BRDA:2896,153,0,0
BRDA:2896,153,1,0
BRDA:2896,154,0,0
BRDA:2896,154,1,0
BRDA:2915,155,0,0
BRDA:2915,155,1,0
BRDA:2917,156,0,0
BRDA:2917,156,1,0
BRDA:2963,157,0,0
BRDA:2963,157,1,0
BRDA:2990,158,0,0
BRDA:2990,158,1,0
BRDA:3064,159,0,0
BRDA:3064,159,1,0
BRDA:3099,160,0,0
BRDA:3099,160,1,0
BRDA:3099,161,0,0
BRDA:3099,161,1,0
BRDA:3101,162,0,0
BRDA:3101,162,1,0
BRDA:3152,163,0,0
BRDA:3152,163,1,0
BRDA:3179,164,0,0
BRDA:3179,164,1,0
BRDA:3179,165,0,0
BRDA:3179,165,1,0
BRDA:3181,166,0,0
BRDA:3181,166,1,0
BRDA:3224,167,0,0
BRDA:3224,167,1,0
BRDA:3251,168,0,0
BRDA:3251,168,1,0
BRDA:3253,169,0,0
BRDA:3253,169,1,0
BRDA:3356,170,0,0
BRDA:3356,170,1,0
BRDA:3454,171,0,0
BRDA:3454,171,1,5
BRDA:3456,172,0,0
BRDA:3456,172,1,0
BRDA:3456,172,2,0
BRDA:3456,172,3,0
BRDA:3456,172,4,0
BRDA:3456,172,5,0
BRDA:3456,172,6,0
BRDA:3456,172,7,0
BRDA:3456,172,8,0
BRDA:3456,172,9,0
BRDA:3456,172,10,0
BRDA:3456,172,11,0
BRDA:3456,172,12,0
BRDA:3456,172,13,0
BRDA:3456,172,14,0
BRDA:3456,172,15,0
BRDA:3456,172,16,0
BRDA:3456,172,17,0
BRDA:3456,172,18,0
BRDA:3456,172,19,0
BRDA:3456,172,20,0
BRDA:3456,172,21,0
BRDA:3456,172,22,0
BRDA:4595,173,0,0
BRDA:4595,173,1,0
BRDA:4647,174,0,0
BRDA:4647,174,1,0
BRDA:4672,175,0,5
BRDA:4672,175,1,0
BRF:486
BRH:2
end_of_record
TN:
SF:D:\Project Numerical\frontend\src\Testclass.js
FN:91,(anonymous_0)
FNF:1
FNH:0
FNDA:0,(anonymous_0)
DA:1,0
DA:2,0
DA:92,0
LF:3
LH:0
BRF:0
BRH:0
end_of_record
TN:
SF:D:\Project Numerical\frontend\src\index.js
FNF:0
FNH:0
DA:1,0
DA:2,0
DA:3,0
DA:4,0
DA:5,0
DA:6,0
DA:22,0
LF:7
LH:0
BRF:0
BRH:0
end_of_record
TN:
SF:D:\Project Numerical\frontend\src\reportWebVitals.js
FN:1,(anonymous_3)
FN:3,(anonymous_4)
FN:3,(anonymous_5)
FNF:3
FNH:0
FNDA:0,(anonymous_3)
FNDA:0,(anonymous_4)
FNDA:0,(anonymous_5)
DA:1,0
DA:2,0
DA:3,0
DA:4,0
DA:5,0
DA:6,0
DA:7,0
DA:8,0
LF:8
LH:0
BRDA:2,0,0,0
BRDA:2,0,1,0
BRDA:2,1,0,0
BRDA:2,1,1,0
BRF:4
BRH:0
end_of_record
TN:
SF:D:\Project Numerical\frontend\src\setupTests.js
FNF:0
FNH:0
LF:0
LH:0
BRF:0
BRH:0
end_of_record
TN:
SF:D:\Project Numerical\frontend\src\js\index.umd.js
FNF:0
FNH:0
DA:21,0
LF:1
LH:0
BRF:0
BRH:0
end_of_record
TN:
SF:D:\Project Numerical\frontend\src\js\src\alert.js
FN:37,(anonymous_62)
FN:43,(anonymous_63)
FN:53,(anonymous_64)
FN:57,(anonymous_65)
FN:65,(anonymous_66)
FN:66,(anonymous_67)
FN:37,(anonymous_62)
FN:43,(anonymous_63)
FN:57,(anonymous_65)
FN:65,(anonymous_66)
FN:66,(anonymous_67)
FNF:11
FNH:0
FNDA:0,(anonymous_62)
FNDA:0,(anonymous_63)
FNDA:0,(anonymous_64)
FNDA:0,(anonymous_65)
FNDA:0,(anonymous_66)
FNDA:0,(anonymous_67)
FNDA:0,(anonymous_62)
FNDA:0,(anonymous_63)
FNDA:0,(anonymous_65)
FNDA:0,(anonymous_66)
FNDA:0,(anonymous_67)
DA:19,0
DA:20,0
DA:21,0
DA:23,0
DA:24,0
DA:25,0
DA:26,0
DA:38,0
DA:44,0
DA:46,0
DA:47,0
DA:50,0
DA:52,0
DA:53,0
DA:58,0
DA:59,0
DA:60,0
DA:66,0
DA:67,0
DA:69,0
DA:70,0
DA:73,0
DA:74,0
DA:77,0
DA:88,0
DA:97,0
LF:26
LH:0
BRDA:46,0,0,0
BRDA:46,0,1,0
BRDA:69,1,0,0
BRDA:69,1,1,0
BRDA:73,2,0,0
BRDA:73,2,1,0
BRDA:73,3,0,0
BRDA:73,3,1,0
BRDA:73,3,2,0
BRDA:46,4,0,0
BRDA:46,4,1,0
BRDA:69,5,0,0
BRDA:69,5,1,0
BRDA:73,6,0,0
BRDA:73,6,1,0
BRDA:73,7,0,0
BRDA:73,7,1,0
BRDA:73,7,2,0
BRF:18
BRH:0
end_of_record
TN:
SF:D:\Project Numerical\frontend\src\js\src\base-component.js
FN:24,(anonymous_50)
FN:35,(anonymous_51)
FN:39,(anonymous_52)
FN:44,(anonymous_53)
FN:50,(anonymous_54)
FN:54,(anonymous_55)
FN:58,(anonymous_56)
FN:62,(anonymous_57)
FN:66,(anonymous_58)
FN:70,(anonymous_59)
FN:24,(anonymous_50)
FN:35,(anonymous_51)
FN:39,(anonymous_52)
FN:44,(anonymous_53)
FN:50,(anonymous_54)
FN:54,(anonymous_55)
FN:58,(anonymous_56)
FN:62,(anonymous_57)
FN:66,(anonymous_58)
FN:70,(anonymous_59)
FNF:20
FNH:0
FNDA:0,(anonymous_50)
FNDA:0,(anonymous_51)
FNDA:0,(anonymous_52)
FNDA:0,(anonymous_53)
FNDA:0,(anonymous_54)
FNDA:0,(anonymous_55)
FNDA:0,(anonymous_56)
FNDA:0,(anonymous_57)
FNDA:0,(anonymous_58)
FNDA:0,(anonymous_59)
FNDA:0,(anonymous_50)
FNDA:0,(anonymous_51)
FNDA:0,(anonymous_52)
FNDA:0,(anonymous_53)
FNDA:0,(anonymous_54)
FNDA:0,(anonymous_55)
FNDA:0,(anonymous_56)
FNDA:0,(anonymous_57)
FNDA:0,(anonymous_58)
FNDA:0,(anonymous_59)
DA:21,0
DA:24,0
DA:25,0
DA:27,0
DA:28,0
DA:31,0
DA:32,0
DA:36,0
DA:37,0
DA:39,0
DA:40,0
DA:45,0
DA:51,0
DA:55,0
DA:59,0
DA:63,0
DA:67,0
DA:71,0
LF:18
LH:0
BRDA:25,0,0,0
BRDA:25,0,1,0
BRDA:44,1,0,0
BRDA:54,2,0,0
BRDA:55,3,0,0
BRDA:55,3,1,0
BRDA:55,4,0,0
BRDA:55,4,1,0
BRDA:27,5,0,0
BRDA:27,5,1,0
BRDA:44,6,0,0
BRDA:55,7,0,0
BRDA:55,7,1,0
BRF:13
BRH:0
end_of_record
TN:
SF:D:\Project Numerical\frontend\src\js\src\button.js
FN:38,(anonymous_68)
FN:44,(anonymous_69)
FN:51,(anonymous_70)
FN:52,(anonymous_71)
FN:68,(anonymous_75)
FN:38,(anonymous_68)
FN:44,(anonymous_69)
FN:51,(anonymous_70)
FN:52,(anonymous_71)
FN:68,(anonymous_72)
FNF:10
FNH:0
FNDA:0,(anonymous_68)
FNDA:0,(anonymous_69)
FNDA:0,(anonymous_70)
FNDA:0,(anonymous_71)
FNDA:0,(anonymous_75)
FNDA:0,(anonymous_68)
FNDA:0,(anonymous_69)
FNDA:0,(anonymous_70)
FNDA:0,(anonymous_71)
FNDA:0,(anonymous_72)
DA:18,0
DA:19,0
DA:20,0
DA:21,0
DA:23,0
DA:25,0
DA:27,0
DA:39,0
DA:46,0
DA:52,0
DA:53,0
DA:55,0
DA:56,0
DA:68,0
DA:69,0
DA:71,0
DA:72,0
DA:74,0
DA:84,0
LF:19
LH:0
BRDA:55,0,0,0
BRDA:55,0,1,0
BRDA:55,1,0,0
BRDA:55,1,1,0
BRF:4
BRH:0
end_of_record
TN:
SF:D:\Project Numerical\frontend\src\js\src\carousel.js
FN:109,(anonymous_86)
FN:131,(anonymous_87)
FN:135,(anonymous_88)
FN:141,(anonymous_89)
FN:145,(anonymous_90)
FN:153,(anonymous_91)
FN:157,(anonymous_92)
FN:171,(anonymous_93)
FN:191,(anonymous_94)
FN:200,(anonymous_95)
FN:219,(anonymous_96)
FN:229,(anonymous_97)
FN:247,(anonymous_98)
FN:249,(anonymous_99)
FN:253,(anonymous_100)
FN:254,(anonymous_101)
FN:262,(anonymous_102)
FN:263,(anonymous_103)
FN:268,(anonymous_104)
FN:276,(anonymous_105)
FN:283,(anonymous_106)
FN:303,(anonymous_107)
FN:307,(anonymous_108)
FN:308,(anonymous_109)
FN:312,(anonymous_110)
FN:313,(anonymous_111)
FN:317,(anonymous_112)
FN:318,(anonymous_113)
FN:319,(anonymous_114)
FN:323,(anonymous_115)
FN:335,(anonymous_116)
FN:343,(anonymous_117)
FN:348,(anonymous_118)
FN:360,(anonymous_119)
FN:379,(anonymous_120)
FN:396,(anonymous_121)
FN:438,(anonymous_122)
FN:455,(anonymous_123)
FN:480,(anonymous_124)
FN:492,(anonymous_125)
FN:506,(anonymous_126)
FN:533,(anonymous_127)
FN:534,(anonymous_128)
FN:539,(anonymous_129)
FN:574,(anonymous_130)
FN:109,(anonymous_81)
FN:131,(anonymous_82)
FN:135,(anonymous_83)
FN:141,(anonymous_84)
FN:145,(anonymous_85)
FN:153,(anonymous_86)
FN:157,(anonymous_87)
FN:171,(anonymous_88)
FN:191,(anonymous_89)
FN:219,(anonymous_91)
FN:229,(anonymous_92)
FN:247,(anonymous_93)
FN:249,(anonymous_94)
FN:253,(anonymous_95)
FN:254,(anonymous_96)
FN:262,(anonymous_97)
FN:263,(anonymous_98)
FN:268,(anonymous_99)
FN:276,(anonymous_100)
FN:283,(anonymous_101)
FN:303,(anonymous_102)
FN:307,(anonymous_103)
FN:308,(anonymous_104)
FN:312,(anonymous_105)
FN:313,(anonymous_106)
FN:317,(anonymous_107)
FN:318,(anonymous_108)
FN:319,(anonymous_109)
FN:323,(anonymous_110)
FN:335,(anonymous_111)
FN:343,(anonymous_112)
FN:348,(anonymous_113)
FN:360,(anonymous_114)
FN:379,(anonymous_115)
FN:396,(anonymous_116)
FN:438,(anonymous_117)
FN:455,(anonymous_118)
FN:480,(anonymous_119)
FN:492,(anonymous_120)
FN:506,(anonymous_121)
FN:533,(anonymous_122)
FN:534,(anonymous_123)
FN:539,(anonymous_124)
FN:574,(anonymous_125)
FNF:89
FNH:0
FNDA:0,(anonymous_86)
FNDA:0,(anonymous_87)
FNDA:0,(anonymous_88)
FNDA:0,(anonymous_89)
FNDA:0,(anonymous_90)
FNDA:0,(anonymous_91)
FNDA:0,(anonymous_92)
FNDA:0,(anonymous_93)
FNDA:0,(anonymous_94)
FNDA:0,(anonymous_95)
FNDA:0,(anonymous_96)
FNDA:0,(anonymous_97)
FNDA:0,(anonymous_98)
FNDA:0,(anonymous_99)
FNDA:0,(anonymous_100)
FNDA:0,(anonymous_101)
FNDA:0,(anonymous_102)
FNDA:0,(anonymous_103)
FNDA:0,(anonymous_104)
FNDA:0,(anonymous_105)
FNDA:0,(anonymous_106)
FNDA:0,(anonymous_107)
FNDA:0,(anonymous_108)
FNDA:0,(anonymous_109)
FNDA:0,(anonymous_110)
FNDA:0,(anonymous_111)
FNDA:0,(anonymous_112)
FNDA:0,(anonymous_113)
FNDA:0,(anonymous_114)
FNDA:0,(anonymous_115)
FNDA:0,(anonymous_116)
FNDA:0,(anonymous_117)
FNDA:0,(anonymous_118)
FNDA:0,(anonymous_119)
FNDA:0,(anonymous_120)
FNDA:0,(anonymous_121)
FNDA:0,(anonymous_122)
FNDA:0,(anonymous_123)
FNDA:0,(anonymous_124)
FNDA:0,(anonymous_125)
FNDA:0,(anonymous_126)
FNDA:0,(anonymous_127)
FNDA:0,(anonymous_128)
FNDA:0,(anonymous_129)
FNDA:0,(anonymous_130)
FNDA:0,(anonymous_81)
FNDA:0,(anonymous_82)
FNDA:0,(anonymous_83)
FNDA:0,(anonymous_84)
FNDA:0,(anonymous_85)
FNDA:0,(anonymous_86)
FNDA:0,(anonymous_87)
FNDA:0,(anonymous_88)
FNDA:0,(anonymous_89)
FNDA:0,(anonymous_91)
FNDA:0,(anonymous_92)
FNDA:0,(anonymous_93)
FNDA:0,(anonymous_94)
FNDA:0,(anonymous_95)
FNDA:0,(anonymous_96)
FNDA:0,(anonymous_97)
FNDA:0,(anonymous_98)
FNDA:0,(anonymous_99)
FNDA:0,(anonymous_100)
FNDA:0,(anonymous_101)
FNDA:0,(anonymous_102)
FNDA:0,(anonymous_103)
FNDA:0,(anonymous_104)
FNDA:0,(anonymous_105)
FNDA:0,(anonymous_106)
FNDA:0,(anonymous_107)
FNDA:0,(anonymous_108)
FNDA:0,(anonymous_109)
FNDA:0,(anonymous_110)
FNDA:0,(anonymous_111)
FNDA:0,(anonymous_112)
FNDA:0,(anonymous_113)
FNDA:0,(anonymous_114)
FNDA:0,(anonymous_115)
FNDA:0,(anonymous_116)
FNDA:0,(anonymous_117)
FNDA:0,(anonymous_118)
FNDA:0,(anonymous_119)
FNDA:0,(anonymous_120)
FNDA:0,(anonymous_121)
FNDA:0,(anonymous_122)
FNDA:0,(anonymous_123)
FNDA:0,(anonymous_124)
FNDA:0,(anonymous_125)
DA:29,0
DA:30,0
DA:31,0
DA:32,0
DA:34,0
DA:35,0
DA:36,0
DA:37,0
DA:39,0
DA:48,0
DA:57,0
DA:58,0
DA:59,0
DA:60,0
DA:62,0
DA:67,0
DA:68,0
DA:69,0
DA:70,0
DA:71,0
DA:72,0
DA:73,0
DA:74,0
DA:75,0
DA:76,0
DA:77,0
DA:78,0
DA:79,0
DA:81,0
DA:82,0
DA:83,0
DA:84,0
DA:85,0
DA:86,0
DA:87,0
DA:88,0
DA:90,0
DA:91,0
DA:92,0
DA:93,0
DA:94,0
DA:95,0
DA:96,0
DA:97,0
DA:98,0
DA:100,0
DA:101,0
DA:110,0
DA:112,0
DA:113,0
DA:114,0
DA:115,0
DA:116,0
DA:117,0
DA:118,0
DA:119,0
DA:121,0
DA:122,0
DA:123,0
DA:124,0
DA:126,0
DA:132,0
DA:136,0
DA:142,0
DA:145,0
DA:148,0
DA:149,0
DA:154,0
DA:158,0
DA:159,0
DA:162,0
DA:163,0
DA:164,0
DA:167,0
DA:168,0
DA:172,0
DA:173,0
DA:176,0
DA:177,0
DA:178,0
DA:181,0
DA:182,0
DA:184,0
DA:192,0
DA:193,0
DA:195,0
DA:196,0
DA:199,0
DA:200,0
DA:201,0
DA:204,0
DA:205,0
DA:206,0
DA:207,0
DA:210,0
DA:214,0
DA:220,0
DA:225,0
DA:226,0
DA:230,0
DA:232,0
DA:233,0
DA:236,0
DA:238,0
DA:240,0
DA:241,0
DA:244,0
DA:248,0
DA:249,0
DA:252,0
DA:253,0
DA:254,0
DA:257,0
DA:258,0
DA:263,0
DA:264,0
DA:268,0
DA:269,0
DA:270,0
DA:271,0
DA:272,0
DA:276,0
DA:278,0
DA:283,0
DA:284,0
DA:285,0
DA:288,0
DA:289,0
DA:298,0
DA:299,0
DA:300,0
DA:303,0
DA:307,0
DA:308,0
DA:311,0
DA:312,0
DA:313,0
DA:315,0
DA:317,0
DA:318,0
DA:319,0
DA:324,0
DA:325,0
DA:328,0
DA:329,0
DA:330,0
DA:331,0
DA:336,0
DA:340,0
DA:344,0
DA:345,0
DA:349,0
DA:350,0
DA:352,0
DA:361,0
DA:362,0
DA:364,0
DA:365,0
DA:367,0
DA:369,0
DA:370,0
DA:371,0
DA:372,0
DA:373,0
DA:380,0
DA:382,0
DA:383,0
DA:386,0
DA:388,0
DA:389,0
DA:390,0
DA:392,0
DA:397,0
DA:398,0
DA:399,0
DA:400,0
DA:402,0
DA:403,0
DA:405,0
DA:406,0
DA:407,0
DA:408,0
DA:410,0
DA:411,0
DA:412,0
DA:415,0
DA:416,0
DA:419,0
DA:420,0
DA:421,0
DA:424,0
DA:426,0
DA:429,0
DA:431,0
DA:432,0
DA:435,0
DA:436,0
DA:438,0
DA:439,0
DA:447,0
DA:448,0
DA:450,0
DA:452,0
DA:453,0
DA:455,0
DA:456,0
DA:457,0
DA:459,0
DA:461,0
DA:463,0
DA:466,0
DA:468,0
DA:469,0
DA:471,0
DA:472,0
DA:475,0
DA:476,0
DA:481,0
DA:482,0
DA:485,0
DA:486,0
DA:489,0
DA:493,0
DA:494,0
DA:497,0
DA:498,0
DA:501,0
DA:507,0
DA:509,0
DA:510,0
DA:511,0
DA:517,0
DA:519,0
DA:520,0
DA:521,0
DA:522,0
DA:523,0
DA:526,0
DA:527,0
DA:528,0
DA:529,0
DA:534,0
DA:535,0
DA:540,0
DA:542,0
DA:543,0
DA:546,0
DA:550,0
DA:552,0
DA:553,0
DA:556,0
DA:558,0
DA:559,0
DA:562,0
DA:572,0
DA:574,0
DA:575,0
DA:577,0
DA:578,0
DA:589,0
LF:260
LH:0
BRDA:123,0,0,0
BRDA:123,0,1,0
BRDA:145,1,0,0
BRDA:145,1,1,0
BRDA:145,1,2,0
BRDA:158,2,0,0
BRDA:158,2,1,0
BRDA:162,3,0,0
BRDA:162,3,1,0
BRDA:172,4,0,0
BRDA:172,4,1,0
BRDA:176,5,0,0
BRDA:176,5,1,0
BRDA:181,6,0,0
BRDA:181,6,1,0
BRDA:181,6,2,0
BRDA:181,6,3,0
BRDA:185,7,0,0
BRDA:185,7,1,0
BRDA:195,8,0,0
BRDA:195,8,1,0
BRDA:195,9,0,0
BRDA:195,9,1,0
BRDA:199,10,0,0
BRDA:199,10,1,0
BRDA:204,11,0,0
BRDA:204,11,1,0
BRDA:211,12,0,0
BRDA:211,12,1,0
BRDA:223,13,0,0
BRDA:223,13,1,0
BRDA:232,14,0,0
BRDA:232,14,1,0
BRDA:240,15,0,0
BRDA:240,15,1,0
BRDA:244,16,0,0
BRDA:244,16,1,0
BRDA:248,17,0,0
BRDA:248,17,1,0
BRDA:252,18,0,0
BRDA:252,18,1,0
BRDA:257,19,0,0
BRDA:257,19,1,0
BRDA:257,19,2,0
BRDA:264,20,0,0
BRDA:264,20,1,0
BRDA:264,20,2,0
BRDA:270,21,0,0
BRDA:270,21,1,0
BRDA:271,22,0,0
BRDA:271,22,1,0
BRDA:279,23,0,0
BRDA:279,23,1,0
BRDA:278,24,0,0
BRDA:278,24,1,0
BRDA:284,25,0,0
BRDA:284,25,1,0
BRDA:289,26,0,0
BRDA:289,26,1,0
BRDA:299,27,0,0
BRDA:299,27,1,0
BRDA:312,28,0,0
BRDA:312,28,1,0
BRDA:324,29,0,0
BRDA:324,29,1,0
BRDA:329,30,0,0
BRDA:329,30,1,0
BRDA:337,31,0,0
BRDA:337,31,1,0
BRDA:336,32,0,0
BRDA:336,32,1,0
BRDA:361,33,0,0
BRDA:361,33,1,0
BRDA:370,34,0,0
BRDA:370,34,1,0
BRDA:380,35,0,0
BRDA:380,35,1,0
BRDA:382,36,0,0
BRDA:382,36,1,0
BRDA:389,37,0,0
BRDA:389,37,1,0
BRDA:389,38,0,0
BRDA:389,38,1,0
BRDA:392,39,0,0
BRDA:392,39,1,0
BRDA:400,40,0,0
BRDA:400,40,1,0
BRDA:85,41,0,0
BRDA:85,41,1,0
BRDA:86,42,0,0
BRDA:86,42,1,0
BRDA:410,43,0,0
BRDA:410,43,1,0
BRDA:410,44,0,0
BRDA:410,44,1,0
BRDA:415,45,0,0
BRDA:415,45,1,0
BRDA:420,46,0,0
BRDA:420,46,1,0
BRDA:424,47,0,0
BRDA:424,47,1,0
BRDA:424,48,0,0
BRDA:424,48,1,0
BRDA:431,49,0,0
BRDA:431,49,1,0
BRDA:447,50,0,0
BRDA:447,50,1,0
BRDA:475,51,0,0
BRDA:475,51,1,0
BRDA:485,52,0,0
BRDA:485,52,1,0
BRDA:486,53,0,0
BRDA:486,53,1,0
BRDA:486,54,0,0
BRDA:486,54,1,0
BRDA:489,55,0,0
BRDA:489,55,1,0
BRDA:497,56,0,0
BRDA:497,56,1,0
BRDA:498,57,0,0
BRDA:498,57,1,0
BRDA:498,58,0,0
BRDA:498,58,1,0
BRDA:501,59,0,0
BRDA:501,59,1,0
BRDA:510,60,0,0
BRDA:510,60,1,0
BRDA:517,61,0,0
BRDA:517,61,1,0
BRDA:519,62,0,0
BRDA:519,62,1,0
BRDA:521,63,0,0
BRDA:521,63,1,0
BRDA:522,64,0,0
BRDA:522,64,1,0
BRDA:527,65,0,0
BRDA:527,65,1,0
BRDA:527,65,2,0
BRDA:542,66,0,0
BRDA:542,66,1,0
BRDA:542,67,0,0
BRDA:542,67,1,0
BRDA:552,68,0,0
BRDA:552,68,1,0
BRDA:558,69,0,0
BRDA:558,69,1,0
BRDA:406,70,0,0
BRDA:406,70,1,0
BRDA:407,71,0,0
BRDA:407,71,1,0
BRDA:123,72,0,0
BRDA:123,72,1,0
BRDA:148,73,0,0
BRDA:148,73,1,0
BRDA:148,74,0,0
BRDA:148,74,1,0
BRDA:158,75,0,0
BRDA:158,75,1,0
BRDA:162,76,0,0
BRDA:162,76,1,0
BRDA:172,77,0,0
BRDA:172,77,1,0
BRDA:176,78,0,0
BRDA:176,78,1,0
BRDA:181,79,0,0
BRDA:181,79,1,0
BRDA:181,80,0,0
BRDA:181,80,1,0
BRDA:181,80,2,0
BRDA:185,81,0,0
BRDA:185,81,1,0
BRDA:195,82,0,0
BRDA:195,82,1,0
BRDA:199,83,0,0
BRDA:199,83,1,0
BRDA:204,84,0,0
BRDA:204,84,1,0
BRDA:223,85,0,0
BRDA:223,85,1,0
BRDA:232,86,0,0
BRDA:232,86,1,0
BRDA:240,87,0,0
BRDA:240,87,1,0
BRDA:248,88,0,0
BRDA:248,88,1,0
BRDA:252,89,0,0
BRDA:252,89,1,0
BRDA:257,90,0,0
BRDA:257,90,1,0
BRDA:257,91,0,0
BRDA:257,91,1,0
BRDA:264,92,0,0
BRDA:264,92,1,0
BRDA:264,92,2,0
BRDA:269,93,0,0
BRDA:269,93,1,0
BRDA:271,94,0,0
BRDA:271,94,1,0
BRDA:284,95,0,0
BRDA:284,95,1,0
BRDA:289,96,0,0
BRDA:289,96,1,0
BRDA:299,97,0,0
BRDA:299,97,1,0
BRDA:311,98,0,0
BRDA:311,98,1,0
BRDA:324,99,0,0
BRDA:324,99,1,0
BRDA:329,100,0,0
BRDA:329,100,1,0
BRDA:336,101,0,0
BRDA:336,101,1,0
BRDA:361,102,0,0
BRDA:361,102,1,0
BRDA:370,103,0,0
BRDA:370,103,1,0
BRDA:382,104,0,0
BRDA:382,104,1,0
BRDA:388,105,0,0
BRDA:388,105,1,0
BRDA:392,106,0,0
BRDA:392,106,1,0
BRDA:400,107,0,0
BRDA:400,107,1,0
BRDA:406,108,0,0
BRDA:406,108,1,0
BRDA:407,109,0,0
BRDA:407,109,1,0
BRDA:410,110,0,0
BRDA:410,110,1,0
BRDA:410,111,0,0
BRDA:410,111,1,0
BRDA:415,112,0,0
BRDA:415,112,1,0
BRDA:420,113,0,0
BRDA:420,113,1,0
BRDA:424,114,0,0
BRDA:424,114,1,0
BRDA:424,115,0,0
BRDA:424,115,1,0
BRDA:431,116,0,0
BRDA:431,116,1,0
BRDA:447,117,0,0
BRDA:447,117,1,0
BRDA:475,118,0,0
BRDA:475,118,1,0
BRDA:481,119,0,0
BRDA:481,119,1,0
BRDA:485,120,0,0
BRDA:485,120,1,0
BRDA:486,121,0,0
BRDA:486,121,1,0
BRDA:489,122,0,0
BRDA:489,122,1,0
BRDA:493,123,0,0
BRDA:493,123,1,0
BRDA:497,124,0,0
BRDA:497,124,1,0
BRDA:498,125,0,0
BRDA:498,125,1,0
BRDA:501,126,0,0
BRDA:501,126,1,0
BRDA:510,127,0,0
BRDA:510,127,1,0
BRDA:517,128,0,0
BRDA:517,128,1,0
BRDA:519,129,0,0
BRDA:519,129,1,0
BRDA:521,130,0,0
BRDA:521,130,1,0
BRDA:522,131,0,0
BRDA:522,131,1,0
BRDA:527,132,0,0
BRDA:527,132,1,0
BRDA:527,133,0,0
BRDA:527,133,1,0
BRDA:542,134,0,0
BRDA:542,134,1,0
BRDA:542,135,0,0
BRDA:542,135,1,0
BRDA:552,136,0,0
BRDA:552,136,1,0
BRDA:558,137,0,0
BRDA:558,137,1,0
BRF:284
BRH:0
end_of_record
TN:
SF:D:\Project Numerical\frontend\src\js\src\collapse.js
FN:69,(anonymous_131)
FN:82,(anonymous_132)
FN:103,(anonymous_133)
FN:107,(anonymous_134)
FN:113,(anonymous_135)
FN:121,(anonymous_136)
FN:131,(anonymous_137)
FN:136,(anonymous_138)
FN:149,(anonymous_139)
FN:169,(anonymous_140)
FN:187,(anonymous_141)
FN:218,(anonymous_142)
FN:230,(anonymous_143)
FN:236,(anonymous_144)
FN:248,(anonymous_145)
FN:252,(anonymous_146)
FN:258,(anonymous_147)
FN:259,(anonymous_148)
FN:268,(anonymous_149)
FN:273,(anonymous_150)
FN:286,(anonymous_151)
FN:287,(anonymous_152)
FN:312,(anonymous_153)
FN:321,(anonymous_154)
FN:69,(anonymous_126)
FN:82,(anonymous_127)
FN:103,(anonymous_128)
FN:107,(anonymous_129)
FN:113,(anonymous_130)
FN:121,(anonymous_131)
FN:131,(anonymous_132)
FN:136,(anonymous_133)
FN:149,(anonymous_134)
FN:169,(anonymous_135)
FN:187,(anonymous_136)
FN:218,(anonymous_137)
FN:230,(anonymous_138)
FN:236,(anonymous_139)
FN:248,(anonymous_140)
FN:252,(anonymous_141)
FN:258,(anonymous_142)
FN:259,(anonymous_143)
FN:268,(anonymous_144)
FN:273,(anonymous_145)
FN:286,(anonymous_146)
FN:287,(anonymous_147)
FN:321,(anonymous_149)
FNF:47
FNH:0
FNDA:0,(anonymous_131)
FNDA:0,(anonymous_132)
FNDA:0,(anonymous_133)
FNDA:0,(anonymous_134)
FNDA:0,(anonymous_135)
FNDA:0,(anonymous_136)
FNDA:0,(anonymous_137)
FNDA:0,(anonymous_138)
FNDA:0,(anonymous_139)
FNDA:0,(anonymous_140)
FNDA:0,(anonymous_141)
FNDA:0,(anonymous_142)
FNDA:0,(anonymous_143)
FNDA:0,(anonymous_144)
FNDA:0,(anonymous_145)
FNDA:0,(anonymous_146)
FNDA:0,(anonymous_147)
FNDA:0,(anonymous_148)
FNDA:0,(anonymous_149)
FNDA:0,(anonymous_150)
FNDA:0,(anonymous_151)
FNDA:0,(anonymous_152)
FNDA:0,(anonymous_153)
FNDA:0,(anonymous_154)
FNDA:0,(anonymous_126)
FNDA:0,(anonymous_127)
FNDA:0,(anonymous_128)
FNDA:0,(anonymous_129)
FNDA:0,(anonymous_130)
FNDA:0,(anonymous_131)
FNDA:0,(anonymous_132)
FNDA:0,(anonymous_133)
FNDA:0,(anonymous_134)
FNDA:0,(anonymous_135)
FNDA:0,(anonymous_136)
FNDA:0,(anonymous_137)
FNDA:0,(anonymous_138)
FNDA:0,(anonymous_139)
FNDA:0,(anonymous_140)
FNDA:0,(anonymous_141)
FNDA:0,(anonymous_142)
FNDA:0,(anonymous_143)
FNDA:0,(anonymous_144)
FNDA:0,(anonymous_145)
FNDA:0,(anonymous_146)
FNDA:0,(anonymous_147)
FNDA:0,(anonymous_149)
DA:28,0
DA:29,0
DA:30,0
DA:31,0
DA:33,0
DA:38,0
DA:43,0
DA:44,0
DA:45,0
DA:46,0
DA:47,0
DA:49,0
DA:50,0
DA:51,0
DA:52,0
DA:53,0
DA:54,0
DA:56,0
DA:57,0
DA:59,0
DA:60,0
DA:70,0
DA:72,0
DA:73,0
DA:74,0
DA:76,0
DA:78,0
DA:79,0
DA:80,0
DA:81,0
DA:82,0
DA:84,0
DA:85,0
DA:86,0
DA:90,0
DA:92,0
DA:93,0
DA:96,0
DA:97,0
DA:104,0
DA:108,0
DA:114,0
DA:115,0
DA:117,0
DA:122,0
DA:123,0
DA:126,0
DA:129,0
DA:130,0
DA:131,0
DA:134,0
DA:135,0
DA:136,0
DA:137,0
DA:139,0
DA:140,0
DA:144,0
DA:145,0
DA:146,0
DA:149,0
DA:150,0
DA:151,0
DA:154,0
DA:155,0
DA:159,0
DA:161,0
DA:162,0
DA:164,0
DA:166,0
DA:167,0
DA:169,0
DA:170,0
DA:172,0
DA:173,0
DA:175,0
DA:177,0
DA:180,0
DA:181,0
DA:183,0
DA:184,0
DA:188,0
DA:189,0
DA:192,0
DA:193,0
DA:194,0
DA:197,0
DA:199,0
DA:201,0
DA:203,0
DA:204,0
DA:206,0
DA:207,0
DA:208,0
DA:209,0
DA:211,0
DA:212,0
DA:216,0
DA:218,0
DA:219,0
DA:220,0
DA:221,0
DA:222,0
DA:225,0
DA:227,0
DA:231,0
DA:237,0
DA:242,0
DA:243,0
DA:244,0
DA:245,0
DA:249,0
DA:253,0
DA:254,0
DA:257,0
DA:258,0
DA:260,0
DA:262,0
DA:263,0
DA:269,0
DA:270,0
DA:273,0
DA:274,0
DA:275,0
DA:277,0
DA:280,0
DA:287,0
DA:288,0
DA:289,0
DA:290,0
DA:293,0
DA:295,0
DA:296,0
DA:297,0
DA:300,0
DA:312,0
DA:314,0
DA:315,0
DA:318,0
DA:319,0
DA:321,0
DA:322,0
DA:333,0
LF:142
LH:0
BRDA:84,0,0,0
BRDA:84,0,1,0
BRDA:84,0,2,0
BRDA:92,1,0,0
BRDA:92,1,1,0
BRDA:96,2,0,0
BRDA:96,2,1,0
BRDA:115,3,0,0
BRDA:115,3,1,0
BRDA:122,4,0,0
BRDA:122,4,1,0
BRDA:122,5,0,0
BRDA:122,5,1,0
BRDA:129,6,0,0
BRDA:129,6,1,0
BRDA:135,7,0,0
BRDA:135,7,1,0
BRDA:139,8,0,0
BRDA:139,8,1,0
BRDA:137,9,0,0
BRDA:137,9,1,0
BRDA:139,10,0,0
BRDA:139,10,1,0
BRDA:145,11,0,0
BRDA:145,11,1,0
BRDA:150,12,0,0
BRDA:150,12,1,0
BRDA:154,13,0,0
BRDA:154,13,1,0
BRDA:188,14,0,0
BRDA:188,14,1,0
BRDA:188,15,0,0
BRDA:188,15,1,0
BRDA:193,16,0,0
BRDA:193,16,1,0
BRDA:211,17,0,0
BRDA:211,17,1,0
BRDA:211,17,2,0
BRDA:230,18,0,0
BRDA:56,19,0,0
BRDA:56,19,1,0
BRDA:253,20,0,0
BRDA:253,20,1,0
BRDA:262,21,0,0
BRDA:262,21,1,0
BRDA:269,22,0,0
BRDA:269,22,1,0
BRDA:275,23,0,0
BRDA:275,23,1,0
BRDA:289,24,0,0
BRDA:289,24,1,0
BRDA:289,24,2,0
BRDA:295,25,0,0
BRDA:295,25,1,0
BRDA:296,26,0,0
BRDA:296,26,1,0
BRDA:314,27,0,0
BRDA:314,27,1,0
BRDA:314,27,2,0
BRDA:314,27,3,0
BRDA:249,28,0,0
BRDA:249,28,1,0
BRDA:84,29,0,0
BRDA:84,29,1,0
BRDA:84,30,0,0
BRDA:84,30,1,0
BRDA:92,31,0,0
BRDA:92,31,1,0
BRDA:96,32,0,0
BRDA:96,32,1,0
BRDA:114,33,0,0
BRDA:114,33,1,0
BRDA:122,34,0,0
BRDA:122,34,1,0
BRDA:129,35,0,0
BRDA:129,35,1,0
BRDA:135,36,0,0
BRDA:135,36,1,0
BRDA:137,37,0,0
BRDA:137,37,1,0
BRDA:139,38,0,0
BRDA:139,38,1,0
BRDA:139,39,0,0
BRDA:139,39,1,0
BRDA:145,40,0,0
BRDA:145,40,1,0
BRDA:150,41,0,0
BRDA:150,41,1,0
BRDA:154,42,0,0
BRDA:154,42,1,0
BRDA:188,43,0,0
BRDA:188,43,1,0
BRDA:188,44,0,0
BRDA:188,44,1,0
BRDA:193,45,0,0
BRDA:193,45,1,0
BRDA:211,46,0,0
BRDA:211,46,1,0
BRDA:211,47,0,0
BRDA:211,47,1,0
BRDA:230,48,0,0
BRDA:253,49,0,0
BRDA:253,49,1,0
BRDA:262,50,0,0
BRDA:262,50,1,0
BRDA:269,51,0,0
BRDA:269,51,1,0
BRDA:274,52,0,0
BRDA:274,52,1,0
BRDA:289,53,0,0
BRDA:289,53,1,0
BRDA:289,54,0,0
BRDA:289,54,1,0
BRDA:295,55,0,0
BRDA:295,55,1,0
BRDA:296,56,0,0
BRDA:296,56,1,0
BRDA:314,57,0,0
BRDA:314,57,1,0
BRDA:314,58,0,0
BRDA:314,58,1,0
BRDA:314,58,2,0
BRF:122
BRH:0
end_of_record
TN:
SF:D:\Project Numerical\frontend\src\js\src\dropdown.js
FN:98,(anonymous_155)
FN:109,(anonymous_156)
FN:113,(anonymous_157)
FN:117,(anonymous_158)
FN:123,(anonymous_159)
FN:127,(anonymous_160)
FN:157,(anonymous_161)
FN:168,(anonymous_162)
FN:180,(anonymous_163)
FN:188,(anonymous_164)
FN:197,(anonymous_165)
FN:207,(anonymous_166)
FN:221,(anonymous_167)
FN:240,(anonymous_168)
FN:256,(anonymous_169)
FN:265,(anonymous_170)
FN:269,(anonymous_171)
FN:273,(anonymous_172)
FN:294,(anonymous_173)
FN:298,(anonymous_174)
FN:302,(anonymous_175)
FN:306,(anonymous_176)
FN:312,(anonymous_177)
FN:343,(anonymous_178)
FN:357,(anonymous_179)
FN:358,(anonymous_180)
FN:373,(anonymous_181)
FN:419,(anonymous_182)
FN:423,(anonymous_183)
FN:485,(anonymous_184)
FN:98,(anonymous_150)
FN:109,(anonymous_151)
FN:113,(anonymous_152)
FN:117,(anonymous_153)
FN:123,(anonymous_154)
FN:127,(anonymous_155)
FN:157,(anonymous_156)
FN:168,(anonymous_157)
FN:180,(anonymous_158)
FN:188,(anonymous_159)
FN:197,(anonymous_160)
FN:207,(anonymous_161)
FN:221,(anonymous_162)
FN:240,(anonymous_163)
FN:256,(anonymous_164)
FN:265,(anonymous_165)
FN:269,(anonymous_166)
FN:273,(anonymous_167)
FN:294,(anonymous_168)
FN:298,(anonymous_169)
FN:302,(anonymous_170)
FN:306,(anonymous_171)
FN:312,(anonymous_172)
FN:343,(anonymous_173)
FN:357,(anonymous_174)
FN:358,(anonymous_175)
FN:373,(anonymous_176)
FN:419,(anonymous_177)
FN:423,(anonymous_178)
FNF:59
FNH:0
FNDA:0,(anonymous_155)
FNDA:0,(anonymous_156)
FNDA:0,(anonymous_157)
FNDA:0,(anonymous_158)
FNDA:0,(anonymous_159)
FNDA:0,(anonymous_160)
FNDA:0,(anonymous_161)
FNDA:0,(anonymous_162)
FNDA:0,(anonymous_163)
FNDA:0,(anonymous_164)
FNDA:0,(anonymous_165)
FNDA:0,(anonymous_166)
FNDA:0,(anonymous_167)
FNDA:0,(anonymous_168)
FNDA:0,(anonymous_169)
FNDA:0,(anonymous_170)
FNDA:0,(anonymous_171)
FNDA:0,(anonymous_172)
FNDA:0,(anonymous_173)
FNDA:0,(anonymous_174)
FNDA:0,(anonymous_175)
FNDA:0,(anonymous_176)
FNDA:0,(anonymous_177)
FNDA:0,(anonymous_178)
FNDA:0,(anonymous_179)
FNDA:0,(anonymous_180)
FNDA:0,(anonymous_181)
FNDA:0,(anonymous_182)
FNDA:0,(anonymous_183)
FNDA:0,(anonymous_184)
FNDA:0,(anonymous_150)
FNDA:0,(anonymous_151)
FNDA:0,(anonymous_152)
FNDA:0,(anonymous_153)
FNDA:0,(anonymous_154)
FNDA:0,(anonymous_155)
FNDA:0,(anonymous_156)
FNDA:0,(anonymous_157)
FNDA:0,(anonymous_158)
FNDA:0,(anonymous_159)
FNDA:0,(anonymous_160)
FNDA:0,(anonymous_161)
FNDA:0,(anonymous_162)
FNDA:0,(anonymous_163)
FNDA:0,(anonymous_164)
FNDA:0,(anonymous_165)
FNDA:0,(anonymous_166)
FNDA:0,(anonymous_167)
FNDA:0,(anonymous_168)
FNDA:0,(anonymous_169)
FNDA:0,(anonymous_170)
FNDA:0,(anonymous_171)
FNDA:0,(anonymous_172)
FNDA:0,(anonymous_173)
FNDA:0,(anonymous_174)
FNDA:0,(anonymous_175)
FNDA:0,(anonymous_176)
FNDA:0,(anonymous_177)
FNDA:0,(anonymous_178)
DA:33,0
DA:34,0
DA:35,0
DA:36,0
DA:38,0
DA:39,0
DA:40,0
DA:41,0
DA:42,0
DA:43,0
DA:45,0
DA:47,0
DA:48,0
DA:49,0
DA:50,0
DA:51,0
DA:52,0
DA:53,0
DA:55,0
DA:56,0
DA:57,0
DA:58,0
DA:59,0
DA:61,0
DA:62,0
DA:63,0
DA:64,0
DA:66,0
DA:67,0
DA:68,0
DA:69,0
DA:70,0
DA:71,0
DA:73,0
DA:82,0
DA:99,0
DA:101,0
DA:102,0
DA:103,0
DA:104,0
DA:110,0
DA:114,0
DA:118,0
DA:124,0
DA:128,0
DA:129,0
DA:132,0
DA:136,0
DA:138,0
DA:139,0
DA:142,0
DA:144,0
DA:145,0
DA:147,0
DA:154,0
DA:156,0
DA:157,0
DA:160,0
DA:161,0
DA:163,0
DA:164,0
DA:165,0
DA:169,0
DA:170,0
DA:173,0
DA:177,0
DA:181,0
DA:182,0
DA:185,0
DA:189,0
DA:190,0
DA:191,0
DA:198,0
DA:199,0
DA:200,0
DA:205,0
DA:206,0
DA:207,0
DA:210,0
DA:211,0
DA:214,0
DA:215,0
DA:216,0
DA:217,0
DA:218,0
DA:222,0
DA:228,0
DA:230,0
DA:234,0
DA:237,0
DA:241,0
DA:242,0
DA:245,0
DA:247,0
DA:248,0
DA:249,0
DA:250,0
DA:251,0
DA:252,0
DA:255,0
DA:256,0
DA:258,0
DA:260,0
DA:261,0
DA:266,0
DA:270,0
DA:274,0
DA:276,0
DA:277,0
DA:280,0
DA:281,0
DA:285,0
DA:287,0
DA:288,0
DA:291,0
DA:295,0
DA:299,0
DA:301,0
DA:302,0
DA:305,0
DA:306,0
DA:309,0
DA:313,0
DA:330,0
DA:331,0
DA:337,0
DA:344,0
DA:346,0
DA:347,0
DA:352,0
DA:358,0
DA:359,0
DA:361,0
DA:362,0
DA:365,0
DA:366,0
DA:369,0
DA:374,0
DA:375,0
DA:378,0
DA:380,0
DA:381,0
DA:382,0
DA:383,0
DA:386,0
DA:387,0
DA:390,0
DA:394,0
DA:395,0
DA:396,0
DA:397,0
DA:402,0
DA:406,0
DA:407,0
DA:410,0
DA:411,0
DA:415,0
DA:420,0
DA:431,0
DA:436,0
DA:439,0
DA:441,0
DA:442,0
DA:445,0
DA:446,0
DA:448,0
DA:449,0
DA:452,0
DA:453,0
DA:455,0
DA:456,0
DA:457,0
DA:460,0
DA:461,0
DA:462,0
DA:465,0
DA:466,0
DA:469,0
DA:470,0
DA:481,0
DA:482,0
DA:483,0
DA:484,0
DA:485,0
DA:486,0
DA:487,0
DA:497,0
LF:187
LH:0
BRDA:66,0,0,0
BRDA:66,0,1,0
BRDA:67,1,0,0
BRDA:67,1,1,0
BRDA:68,2,0,0
BRDA:68,2,1,0
BRDA:69,3,0,0
BRDA:69,3,1,0
BRDA:70,4,0,0
BRDA:70,4,1,0
BRDA:71,5,0,0
BRDA:71,5,1,0
BRDA:124,6,0,0
BRDA:124,6,1,0
BRDA:128,7,0,0
BRDA:128,7,1,0
BRDA:128,8,0,0
BRDA:128,8,1,0
BRDA:138,9,0,0
BRDA:138,9,1,0
BRDA:145,10,0,0
BRDA:145,10,1,0
BRDA:154,11,0,0
BRDA:154,11,1,0
BRDA:154,11,2,0
BRDA:169,12,0,0
BRDA:169,12,1,0
BRDA:169,13,0,0
BRDA:169,13,1,0
BRDA:181,14,0,0
BRDA:181,14,1,0
BRDA:190,15,0,0
BRDA:190,15,1,0
BRDA:198,16,0,0
BRDA:198,16,1,0
BRDA:205,17,0,0
BRDA:205,17,1,0
BRDA:210,18,0,0
BRDA:210,18,1,0
BRDA:230,19,0,0
BRDA:230,19,1,0
BRDA:230,20,0,0
BRDA:230,20,1,0
BRDA:230,20,2,0
BRDA:241,21,0,0
BRDA:241,21,1,0
BRDA:248,22,0,0
BRDA:248,22,1,0
BRDA:250,23,0,0
BRDA:250,23,1,0
BRDA:251,24,0,0
BRDA:251,24,1,0
BRDA:256,25,0,0
BRDA:256,25,1,0
BRDA:260,26,0,0
BRDA:260,26,1,0
BRDA:265,27,0,0
BRDA:276,28,0,0
BRDA:276,28,1,0
BRDA:280,29,0,0
BRDA:280,29,1,0
BRDA:288,30,0,0
BRDA:288,30,1,0
BRDA:288,31,0,0
BRDA:288,31,1,0
BRDA:291,32,0,0
BRDA:291,32,1,0
BRDA:302,33,0,0
BRDA:302,33,1,0
BRDA:306,34,0,0
BRDA:306,34,1,0
BRDA:330,35,0,0
BRDA:330,35,1,0
BRDA:339,36,0,0
BRDA:339,36,1,0
BRDA:346,37,0,0
BRDA:346,37,1,0
BRDA:361,38,0,0
BRDA:361,38,1,0
BRDA:365,39,0,0
BRDA:365,39,1,0
BRDA:374,40,0,0
BRDA:374,40,1,0
BRDA:374,41,0,0
BRDA:374,41,1,0
BRDA:374,41,2,0
BRDA:374,41,3,0
BRDA:382,42,0,0
BRDA:382,42,1,0
BRDA:382,43,0,0
BRDA:382,43,1,0
BRDA:386,44,0,0
BRDA:386,44,1,0
BRDA:394,45,0,0
BRDA:394,45,1,0
BRDA:397,46,0,0
BRDA:397,46,1,0
BRDA:398,47,0,0
BRDA:398,47,1,0
BRDA:398,47,2,0
BRDA:398,47,3,0
BRDA:398,47,4,0
BRDA:406,48,0,0
BRDA:406,48,1,0
BRDA:406,49,0,0
BRDA:406,49,1,0
BRDA:406,49,2,0
BRDA:406,49,3,0
BRDA:410,50,0,0
BRDA:410,50,1,0
BRDA:420,51,0,0
BRDA:420,51,1,0
BRDA:431,52,0,0
BRDA:431,52,1,0
BRDA:432,53,0,0
BRDA:432,53,1,0
BRDA:432,54,0,0
BRDA:432,54,1,0
BRDA:432,54,2,0
BRDA:432,54,3,0
BRDA:432,54,4,0
BRDA:441,55,0,0
BRDA:441,55,1,0
BRDA:441,56,0,0
BRDA:441,56,1,0
BRDA:448,57,0,0
BRDA:448,57,1,0
BRDA:452,58,0,0
BRDA:452,58,1,0
BRDA:455,59,0,0
BRDA:455,59,1,0
BRDA:461,60,0,0
BRDA:461,60,1,0
BRDA:460,61,0,0
BRDA:460,61,1,0
BRDA:461,62,0,0
BRDA:461,62,1,0
BRDA:469,63,0,0
BRDA:469,63,1,0
BRDA:469,63,2,0
BRDA:39,64,0,0
BRDA:39,64,1,0
BRDA:39,65,0,0
BRDA:39,65,1,0
BRDA:39,65,2,0
BRDA:39,65,3,0
BRDA:39,65,4,0
BRDA:441,66,0,0
BRDA:441,66,1,0
BRDA:461,67,0,0
BRDA:461,67,1,0
BRDA:41,68,0,0
BRDA:41,68,1,0
BRDA:469,69,0,0
BRDA:469,69,1,0
BRDA:469,69,2,0
BRDA:66,70,0,0
BRDA:66,70,1,0
BRDA:67,71,0,0
BRDA:67,71,1,0
BRDA:68,72,0,0
BRDA:68,72,1,0
BRDA:69,73,0,0
BRDA:69,73,1,0
BRDA:70,74,0,0
BRDA:70,74,1,0
BRDA:71,75,0,0
BRDA:71,75,1,0
BRDA:128,76,0,0
BRDA:128,76,1,0
BRDA:128,77,0,0
BRDA:128,77,1,0
BRDA:138,78,0,0
BRDA:138,78,1,0
BRDA:144,79,0,0
BRDA:144,79,1,0
BRDA:154,80,0,0
BRDA:154,80,1,0
BRDA:154,81,0,0
BRDA:154,81,1,0
BRDA:169,82,0,0
BRDA:169,82,1,0
BRDA:169,83,0,0
BRDA:169,83,1,0
BRDA:181,84,0,0
BRDA:181,84,1,0
BRDA:190,85,0,0
BRDA:190,85,1,0
BRDA:199,86,0,0
BRDA:199,86,1,0
BRDA:205,87,0,0
BRDA:205,87,1,0
BRDA:210,88,0,0
BRDA:210,88,1,0
BRDA:230,89,0,0
BRDA:230,89,1,0
BRDA:230,90,0,0
BRDA:230,90,1,0
BRDA:230,90,2,0
BRDA:241,91,0,0
BRDA:241,91,1,0
BRDA:247,92,0,0
BRDA:247,92,1,0
BRDA:249,93,0,0
BRDA:249,93,1,0
BRDA:251,94,0,0
BRDA:251,94,1,0
BRDA:256,95,0,0
BRDA:256,95,1,0
BRDA:260,96,0,0
BRDA:260,96,1,0
BRDA:265,97,0,0
BRDA:276,98,0,0
BRDA:276,98,1,0
BRDA:280,99,0,0
BRDA:280,99,1,0
BRDA:287,100,0,0
BRDA:287,100,1,0
BRDA:288,101,0,0
BRDA:288,101,1,0
BRDA:291,102,0,0
BRDA:291,102,1,0
BRDA:301,103,0,0
BRDA:301,103,1,0
BRDA:305,104,0,0
BRDA:305,104,1,0
BRDA:330,105,0,0
BRDA:330,105,1,0
BRDA:339,106,0,0
BRDA:339,106,1,0
BRDA:346,107,0,0
BRDA:346,107,1,0
BRDA:361,108,0,0
BRDA:361,108,1,0
BRDA:365,109,0,0
BRDA:365,109,1,0
BRDA:374,110,0,0
BRDA:374,110,1,0
BRDA:374,111,0,0
BRDA:374,111,1,0
BRDA:374,111,2,0
BRDA:374,111,3,0
BRDA:382,112,0,0
BRDA:382,112,1,0
BRDA:382,113,0,0
BRDA:382,113,1,0
BRDA:386,114,0,0
BRDA:386,114,1,0
BRDA:394,115,0,0
BRDA:394,115,1,0
BRDA:397,116,0,0
BRDA:397,116,1,0
BRDA:398,117,0,0
BRDA:398,117,1,0
BRDA:398,117,2,0
BRDA:398,117,3,0
BRDA:398,117,4,0
BRDA:406,118,0,0
BRDA:406,118,1,0
BRDA:406,119,0,0
BRDA:406,119,1,0
BRDA:406,119,2,0
BRDA:406,119,3,0
BRDA:410,120,0,0
BRDA:410,120,1,0
BRDA:420,121,0,0
BRDA:420,121,1,0
BRDA:431,122,0,0
BRDA:431,122,1,0
BRDA:432,123,0,0
BRDA:432,123,1,0
BRDA:441,124,0,0
BRDA:441,124,1,0
BRDA:441,125,0,0
BRDA:441,125,1,0
BRDA:448,126,0,0
BRDA:448,126,1,0
BRDA:455,127,0,0
BRDA:455,127,1,0
BRDA:460,128,0,0
BRDA:460,128,1,0
BRDA:460,129,0,0
BRDA:460,129,1,0
BRDA:461,130,0,0
BRDA:461,130,1,0
BRDA:469,131,0,0
BRDA:469,131,1,0
BRDA:469,132,0,0
BRDA:469,132,1,0
BRDA:66,133,0,0
BRDA:67,134,0,0
BRDA:68,135,0,0
BRDA:69,136,0,0
BRDA:70,137,0,0
BRDA:71,138,0,0
BRF:295
BRH:0
end_of_record
TN:
SF:D:\Project Numerical\frontend\src\js\src\modal.js
FN:78,(anonymous_219)
FN:93,(anonymous_220)
FN:97,(anonymous_221)
FN:103,(anonymous_222)
FN:107,(anonymous_223)
FN:135,(anonymous_224)
FN:136,(anonymous_225)
FN:143,(anonymous_226)
FN:146,(anonymous_227)
FN:174,(anonymous_228)
FN:177,(anonymous_229)
FN:179,(anonymous_230)
FN:186,(anonymous_231)
FN:192,(anonymous_232)
FN:199,(anonymous_233)
FN:205,(anonymous_234)
FN:215,(anonymous_235)
FN:240,(anonymous_236)
FN:254,(anonymous_237)
FN:256,(anonymous_238)
FN:269,(anonymous_239)
FN:271,(anonymous_240)
FN:277,(anonymous_241)
FN:283,(anonymous_242)
FN:291,(anonymous_243)
FN:292,(anonymous_244)
FN:312,(anonymous_245)
FN:316,(anonymous_246)
FN:335,(anonymous_247)
FN:338,(anonymous_248)
FN:351,(anonymous_249)
FN:365,(anonymous_250)
FN:372,(anonymous_251)
FN:373,(anonymous_252)
FN:395,(anonymous_253)
FN:402,(anonymous_254)
FN:408,(anonymous_255)
FN:78,(anonymous_214)
FN:93,(anonymous_215)
FN:97,(anonymous_216)
FN:103,(anonymous_217)
FN:107,(anonymous_218)
FN:135,(anonymous_219)
FN:136,(anonymous_220)
FN:146,(anonymous_222)
FN:177,(anonymous_224)
FN:179,(anonymous_225)
FN:186,(anonymous_226)
FN:192,(anonymous_227)
FN:199,(anonymous_228)
FN:205,(anonymous_229)
FN:215,(anonymous_230)
FN:240,(anonymous_231)
FN:254,(anonymous_232)
FN:256,(anonymous_233)
FN:269,(anonymous_234)
FN:277,(anonymous_236)
FN:283,(anonymous_237)
FN:291,(anonymous_238)
FN:292,(anonymous_239)
FN:312,(anonymous_240)
FN:316,(anonymous_241)
FN:335,(anonymous_242)
FN:338,(anonymous_243)
FN:351,(anonymous_244)
FN:365,(anonymous_245)
FN:372,(anonymous_246)
FN:373,(anonymous_247)
FN:402,(anonymous_249)
FN:408,(anonymous_250)
FNF:70
FNH:0
FNDA:0,(anonymous_219)
FNDA:0,(anonymous_220)
FNDA:0,(anonymous_221)
FNDA:0,(anonymous_222)
FNDA:0,(anonymous_223)
FNDA:0,(anonymous_224)
FNDA:0,(anonymous_225)
FNDA:0,(anonymous_226)
FNDA:0,(anonymous_227)
FNDA:0,(anonymous_228)
FNDA:0,(anonymous_229)
FNDA:0,(anonymous_230)
FNDA:0,(anonymous_231)
FNDA:0,(anonymous_232)
FNDA:0,(anonymous_233)
FNDA:0,(anonymous_234)
FNDA:0,(anonymous_235)
FNDA:0,(anonymous_236)
FNDA:0,(anonymous_237)
FNDA:0,(anonymous_238)
FNDA:0,(anonymous_239)
FNDA:0,(anonymous_240)
FNDA:0,(anonymous_241)
FNDA:0,(anonymous_242)
FNDA:0,(anonymous_243)
FNDA:0,(anonymous_244)
FNDA:0,(anonymous_245)
FNDA:0,(anonymous_246)
FNDA:0,(anonymous_247)
FNDA:0,(anonymous_248)
FNDA:0,(anonymous_249)
FNDA:0,(anonymous_250)
FNDA:0,(anonymous_251)
FNDA:0,(anonymous_252)
FNDA:0,(anonymous_253)
FNDA:0,(anonymous_254)
FNDA:0,(anonymous_255)
FNDA:0,(anonymous_214)
FNDA:0,(anonymous_215)
FNDA:0,(anonymous_216)
FNDA:0,(anonymous_217)
FNDA:0,(anonymous_218)
FNDA:0,(anonymous_219)
FNDA:0,(anonymous_220)
FNDA:0,(anonymous_222)
FNDA:0,(anonymous_224)
FNDA:0,(anonymous_225)
FNDA:0,(anonymous_226)
FNDA:0,(anonymous_227)
FNDA:0,(anonymous_228)
FNDA:0,(anonymous_229)
FNDA:0,(anonymous_230)
FNDA:0,(anonymous_231)
FNDA:0,(anonymous_232)
FNDA:0,(anonymous_233)
FNDA:0,(anonymous_234)
FNDA:0,(anonymous_236)
FNDA:0,(anonymous_237)
FNDA:0,(anonymous_238)
FNDA:0,(anonymous_239)
FNDA:0,(anonymous_240)
FNDA:0,(anonymous_241)
FNDA:0,(anonymous_242)
FNDA:0,(anonymous_243)
FNDA:0,(anonymous_244)
FNDA:0,(anonymous_245)
FNDA:0,(anonymous_246)
FNDA:0,(anonymous_247)
FNDA:0,(anonymous_249)
FNDA:0,(anonymous_250)
DA:31,0
DA:32,0
DA:33,0
DA:34,0
DA:35,0
DA:37,0
DA:43,0
DA:49,0
DA:50,0
DA:51,0
DA:52,0
DA:53,0
DA:54,0
DA:55,0
DA:56,0
DA:57,0
DA:58,0
DA:59,0
DA:61,0
DA:62,0
DA:63,0
DA:64,0
DA:66,0
DA:67,0
DA:68,0
DA:69,0
DA:79,0
DA:81,0
DA:82,0
DA:83,0
DA:84,0
DA:85,0
DA:86,0
DA:87,0
DA:88,0
DA:94,0
DA:98,0
DA:104,0
DA:108,0
DA:109,0
DA:112,0
DA:116,0
DA:117,0
DA:120,0
DA:122,0
DA:123,0
DA:126,0
DA:128,0
DA:130,0
DA:132,0
DA:133,0
DA:135,0
DA:136,0
DA:137,0
DA:138,0
DA:143,0
DA:147,0
DA:148,0
DA:151,0
DA:153,0
DA:154,0
DA:157,0
DA:158,0
DA:160,0
DA:161,0
DA:164,0
DA:165,0
DA:167,0
DA:169,0
DA:171,0
DA:172,0
DA:174,0
DA:178,0
DA:179,0
DA:181,0
DA:182,0
DA:183,0
DA:187,0
DA:193,0
DA:200,0
DA:206,0
DA:211,0
DA:212,0
DA:216,0
DA:217,0
DA:219,0
DA:221,0
DA:224,0
DA:225,0
DA:226,0
DA:227,0
DA:228,0
DA:230,0
DA:231,0
DA:234,0
DA:235,0
DA:238,0
DA:240,0
DA:241,0
DA:242,0
DA:245,0
DA:246,0
DA:251,0
DA:255,0
DA:256,0
DA:257,0
DA:258,0
DA:259,0
DA:260,0
DA:261,0
DA:265,0
DA:270,0
DA:271,0
DA:273,0
DA:278,0
DA:279,0
DA:280,0
DA:281,0
DA:282,0
DA:283,0
DA:284,0
DA:285,0
DA:286,0
DA:287,0
DA:292,0
DA:293,0
DA:294,0
DA:295,0
DA:298,0
DA:299,0
DA:302,0
DA:303,0
DA:304,0
DA:305,0
DA:309,0
DA:313,0
DA:316,0
DA:317,0
DA:318,0
DA:319,0
DA:322,0
DA:323,0
DA:326,0
DA:327,0
DA:330,0
DA:331,0
DA:334,0
DA:335,0
DA:336,0
DA:337,0
DA:338,0
DA:339,0
DA:344,0
DA:352,0
DA:353,0
DA:354,0
DA:356,0
DA:357,0
DA:360,0
DA:361,0
DA:366,0
DA:367,0
DA:373,0
DA:374,0
DA:376,0
DA:377,0
DA:380,0
DA:381,0
DA:384,0
DA:395,0
DA:396,0
DA:398,0
DA:399,0
DA:402,0
DA:403,0
DA:405,0
DA:408,0
DA:409,0
DA:410,0
DA:416,0
DA:417,0
DA:418,0
DA:421,0
DA:423,0
DA:426,0
DA:435,0
LF:186
LH:0
BRDA:104,0,0,0
BRDA:104,0,1,0
BRDA:108,1,0,0
BRDA:108,1,1,0
BRDA:108,1,2,0
BRDA:108,1,3,0
BRDA:122,2,0,0
BRDA:122,2,1,0
BRDA:137,3,0,0
BRDA:137,3,1,0
BRDA:147,4,0,0
BRDA:147,4,1,0
BRDA:147,5,0,0
BRDA:147,5,1,0
BRDA:153,6,0,0
BRDA:153,6,1,0
BRDA:160,7,0,0
BRDA:160,7,1,0
BRDA:209,8,0,0
BRDA:209,8,1,0
BRDA:219,9,0,0
BRDA:219,9,1,0
BRDA:219,9,2,0
BRDA:230,10,0,0
BRDA:230,10,1,0
BRDA:234,11,0,0
BRDA:234,11,1,0
BRDA:241,12,0,0
BRDA:241,12,1,0
BRDA:256,13,0,0
BRDA:256,13,1,0
BRDA:258,14,0,0
BRDA:258,14,1,0
BRDA:257,15,0,0
BRDA:257,15,1,0
BRDA:260,16,0,0
BRDA:260,16,1,0
BRDA:260,16,2,0
BRDA:271,17,0,0
BRDA:271,17,1,0
BRDA:294,18,0,0
BRDA:294,18,1,0
BRDA:298,19,0,0
BRDA:298,19,1,0
BRDA:303,20,0,0
BRDA:303,20,1,0
BRDA:304,21,0,0
BRDA:304,21,1,0
BRDA:318,22,0,0
BRDA:318,22,1,0
BRDA:323,23,0,0
BRDA:323,23,1,0
BRDA:323,23,2,0
BRDA:323,23,3,0
BRDA:330,24,0,0
BRDA:330,24,1,0
BRDA:337,25,0,0
BRDA:337,25,1,0
BRDA:354,26,0,0
BRDA:354,26,1,0
BRDA:354,26,2,0
BRDA:354,26,3,0
BRDA:354,26,4,0
BRDA:354,26,5,0
BRDA:354,26,6,0
BRDA:360,27,0,0
BRDA:360,27,1,0
BRDA:360,27,2,0
BRDA:360,27,3,0
BRDA:360,27,4,0
BRDA:360,27,5,0
BRDA:360,27,6,0
BRDA:376,28,0,0
BRDA:376,28,1,0
BRDA:380,29,0,0
BRDA:380,29,1,0
BRDA:398,30,0,0
BRDA:398,30,1,0
BRDA:403,31,0,0
BRDA:403,31,1,0
BRDA:409,32,0,0
BRDA:409,32,1,0
BRDA:417,33,0,0
BRDA:417,33,1,0
BRDA:257,34,0,0
BRDA:257,34,1,0
BRDA:260,35,0,0
BRDA:260,35,1,0
BRDA:260,35,2,0
BRDA:108,36,0,0
BRDA:108,36,1,0
BRDA:108,37,0,0
BRDA:108,37,1,0
BRDA:116,38,0,0
BRDA:116,38,1,0
BRDA:122,39,0,0
BRDA:122,39,1,0
BRDA:137,40,0,0
BRDA:137,40,1,0
BRDA:147,41,0,0
BRDA:147,41,1,0
BRDA:147,42,0,0
BRDA:147,42,1,0
BRDA:153,43,0,0
BRDA:153,43,1,0
BRDA:160,44,0,0
BRDA:160,44,1,0
BRDA:209,45,0,0
BRDA:209,45,1,0
BRDA:219,46,0,0
BRDA:219,46,1,0
BRDA:219,47,0,0
BRDA:219,47,1,0
BRDA:230,48,0,0
BRDA:230,48,1,0
BRDA:234,49,0,0
BRDA:234,49,1,0
BRDA:241,50,0,0
BRDA:241,50,1,0
BRDA:255,51,0,0
BRDA:255,51,1,0
BRDA:257,52,0,0
BRDA:257,52,1,0
BRDA:257,53,0,0
BRDA:257,53,1,0
BRDA:260,54,0,0
BRDA:260,54,1,0
BRDA:260,55,0,0
BRDA:260,55,1,0
BRDA:270,56,0,0
BRDA:270,56,1,0
BRDA:293,57,0,0
BRDA:293,57,1,0
BRDA:298,58,0,0
BRDA:298,58,1,0
BRDA:302,59,0,0
BRDA:302,59,1,0
BRDA:304,60,0,0
BRDA:304,60,1,0
BRDA:318,61,0,0
BRDA:318,61,1,0
BRDA:326,62,0,0
BRDA:326,62,1,0
BRDA:326,63,0,0
BRDA:326,63,1,0
BRDA:326,63,2,0
BRDA:330,64,0,0
BRDA:330,64,1,0
BRDA:337,65,0,0
BRDA:337,65,1,0
BRDA:356,66,0,0
BRDA:356,66,1,0
BRDA:356,67,0,0
BRDA:356,67,1,0
BRDA:356,67,2,0
BRDA:356,67,3,0
BRDA:356,67,4,0
BRDA:356,67,5,0
BRDA:360,68,0,0
BRDA:360,68,1,0
BRDA:360,69,0,0
BRDA:360,69,1,0
BRDA:360,69,2,0
BRDA:360,69,3,0
BRDA:360,69,4,0
BRDA:360,69,5,0
BRDA:376,70,0,0
BRDA:376,70,1,0
BRDA:380,71,0,0
BRDA:380,71,1,0
BRDA:398,72,0,0
BRDA:398,72,1,0
BRDA:403,73,0,0
BRDA:403,73,1,0
BRDA:409,74,0,0
BRDA:409,74,1,0
BRDA:417,75,0,0
BRDA:417,75,1,0
BRF:178
BRH:0
end_of_record
TN:
SF:D:\Project Numerical\frontend\src\js\src\offcanvas.js
FN:69,(anonymous_256)
FN:81,(anonymous_257)
FN:85,(anonymous_258)
FN:91,(anonymous_259)
FN:95,(anonymous_260)
FN:120,(anonymous_261)
FN:131,(anonymous_262)
FN:148,(anonymous_263)
FN:164,(anonymous_264)
FN:172,(anonymous_265)
FN:182,(anonymous_266)
FN:188,(anonymous_267)
FN:192,(anonymous_268)
FN:198,(anonymous_269)
FN:199,(anonymous_270)
FN:208,(anonymous_271)
FN:209,(anonymous_272)
FN:231,(anonymous_273)
FN:242,(anonymous_274)
FN:259,(anonymous_275)
FN:260,(anonymous_276)
FN:69,(anonymous_251)
FN:81,(anonymous_252)
FN:85,(anonymous_253)
FN:91,(anonymous_254)
FN:95,(anonymous_255)
FN:120,(anonymous_256)
FN:131,(anonymous_257)
FN:148,(anonymous_258)
FN:164,(anonymous_259)
FN:172,(anonymous_260)
FN:182,(anonymous_261)
FN:192,(anonymous_263)
FN:198,(anonymous_264)
FN:199,(anonymous_265)
FN:208,(anonymous_266)
FN:209,(anonymous_267)
FN:242,(anonymous_269)
FN:260,(anonymous_271)
FNF:39
FNH:0
FNDA:0,(anonymous_256)
FNDA:0,(anonymous_257)
FNDA:0,(anonymous_258)
FNDA:0,(anonymous_259)
FNDA:0,(anonymous_260)
FNDA:0,(anonymous_261)
FNDA:0,(anonymous_262)
FNDA:0,(anonymous_263)
FNDA:0,(anonymous_264)
FNDA:0,(anonymous_265)
FNDA:0,(anonymous_266)
FNDA:0,(anonymous_267)
FNDA:0,(anonymous_268)
FNDA:0,(anonymous_269)
FNDA:0,(anonymous_270)
FNDA:0,(anonymous_271)
FNDA:0,(anonymous_272)
FNDA:0,(anonymous_273)
FNDA:0,(anonymous_274)
FNDA:0,(anonymous_275)
FNDA:0,(anonymous_276)
FNDA:0,(anonymous_251)
FNDA:0,(anonymous_252)
FNDA:0,(anonymous_253)
FNDA:0,(anonymous_254)
FNDA:0,(anonymous_255)
FNDA:0,(anonymous_256)
FNDA:0,(anonymous_257)
FNDA:0,(anonymous_258)
FNDA:0,(anonymous_259)
FNDA:0,(anonymous_260)
FNDA:0,(anonymous_261)
FNDA:0,(anonymous_263)
FNDA:0,(anonymous_264)
FNDA:0,(anonymous_265)
FNDA:0,(anonymous_266)
FNDA:0,(anonymous_267)
FNDA:0,(anonymous_269)
FNDA:0,(anonymous_271)
DA:30,0
DA:31,0
DA:32,0
DA:33,0
DA:34,0
DA:35,0
DA:37,0
DA:43,0
DA:49,0
DA:50,0
DA:51,0
DA:53,0
DA:54,0
DA:55,0
DA:56,0
DA:57,0
DA:58,0
DA:60,0
DA:70,0
DA:72,0
DA:73,0
DA:74,0
DA:75,0
DA:76,0
DA:82,0
DA:86,0
DA:92,0
DA:96,0
DA:97,0
DA:100,0
DA:102,0
DA:103,0
DA:106,0
DA:107,0
DA:109,0
DA:111,0
DA:112,0
DA:115,0
DA:116,0
DA:117,0
DA:118,0
DA:120,0
DA:121,0
DA:122,0
DA:125,0
DA:128,0
DA:132,0
DA:133,0
DA:136,0
DA:138,0
DA:139,0
DA:142,0
DA:143,0
DA:144,0
DA:145,0
DA:146,0
DA:148,0
DA:149,0
DA:150,0
DA:151,0
DA:152,0
DA:154,0
DA:155,0
DA:158,0
DA:161,0
DA:165,0
DA:166,0
DA:167,0
DA:173,0
DA:178,0
DA:179,0
DA:183,0
DA:188,0
DA:193,0
DA:199,0
DA:200,0
DA:201,0
DA:209,0
DA:210,0
DA:212,0
DA:213,0
DA:216,0
DA:217,0
DA:220,0
DA:231,0
DA:232,0
DA:234,0
DA:235,0
DA:238,0
DA:239,0
DA:242,0
DA:244,0
DA:245,0
DA:250,0
DA:251,0
DA:252,0
DA:255,0
DA:256,0
DA:259,0
DA:260,0
DA:263,0
DA:270,0
LF:102
LH:0
BRDA:92,0,0,0
BRDA:92,0,1,0
BRDA:96,1,0,0
BRDA:96,1,1,0
BRDA:96,1,2,0
BRDA:111,2,0,0
BRDA:111,2,1,0
BRDA:121,3,0,0
BRDA:121,3,1,0
BRDA:132,4,0,0
BRDA:132,4,1,0
BRDA:132,4,2,0
BRDA:154,5,0,0
BRDA:154,5,1,0
BRDA:176,6,0,0
BRDA:176,6,1,0
BRDA:200,7,0,0
BRDA:200,7,1,0
BRDA:200,7,2,0
BRDA:212,8,0,0
BRDA:212,8,1,0
BRDA:216,9,0,0
BRDA:216,9,1,0
BRDA:216,10,0,0
BRDA:216,10,1,0
BRDA:216,10,2,0
BRDA:238,11,0,0
BRDA:238,11,1,0
BRDA:234,12,0,0
BRDA:234,12,1,0
BRDA:244,13,0,0
BRDA:244,13,1,0
BRDA:251,14,0,0
BRDA:251,14,1,0
BRDA:251,14,2,0
BRDA:96,15,0,0
BRDA:96,15,1,0
BRDA:102,16,0,0
BRDA:102,16,1,0
BRDA:111,17,0,0
BRDA:111,17,1,0
BRDA:121,18,0,0
BRDA:121,18,1,0
BRDA:132,19,0,0
BRDA:132,19,1,0
BRDA:138,20,0,0
BRDA:138,20,1,0
BRDA:154,21,0,0
BRDA:154,21,1,0
BRDA:176,22,0,0
BRDA:176,22,1,0
BRDA:200,23,0,0
BRDA:200,23,1,0
BRDA:200,24,0,0
BRDA:200,24,1,0
BRDA:212,25,0,0
BRDA:212,25,1,0
BRDA:216,26,0,0
BRDA:216,26,1,0
BRDA:216,27,0,0
BRDA:216,27,1,0
BRDA:216,27,2,0
BRDA:234,28,0,0
BRDA:234,28,1,0
BRDA:238,29,0,0
BRDA:238,29,1,0
BRDA:244,30,0,0
BRDA:244,30,1,0
BRDA:251,31,0,0
BRDA:251,31,1,0
BRDA:251,32,0,0
BRDA:251,32,1,0
BRF:72
BRH:0
end_of_record
TN:
SF:D:\Project Numerical\frontend\src\js\src\popover.js
FN:65,(anonymous_339)
FN:69,(anonymous_340)
FN:73,(anonymous_341)
FN:77,(anonymous_342)
FN:83,(anonymous_343)
FN:87,(anonymous_344)
FN:94,(anonymous_345)
FN:98,(anonymous_346)
FN:104,(anonymous_347)
FN:105,(anonymous_348)
FN:65,(anonymous_333)
FN:69,(anonymous_334)
FN:73,(anonymous_335)
FN:77,(anonymous_336)
FN:83,(anonymous_337)
FN:87,(anonymous_338)
FN:94,(anonymous_339)
FN:98,(anonymous_340)
FN:104,(anonymous_341)
FN:105,(anonymous_342)
FNF:20
FNH:0
FNDA:0,(anonymous_339)
FNDA:0,(anonymous_340)
FNDA:0,(anonymous_341)
FNDA:0,(anonymous_342)
FNDA:0,(anonymous_343)
FNDA:0,(anonymous_344)
FNDA:0,(anonymous_345)
FNDA:0,(anonymous_346)
FNDA:0,(anonymous_347)
FNDA:0,(anonymous_348)
FNDA:0,(anonymous_333)
FNDA:0,(anonymous_334)
FNDA:0,(anonymous_335)
FNDA:0,(anonymous_336)
FNDA:0,(anonymous_337)
FNDA:0,(anonymous_338)
FNDA:0,(anonymous_339)
FNDA:0,(anonymous_340)
FNDA:0,(anonymous_341)
FNDA:0,(anonymous_342)
DA:17,0
DA:18,0
DA:19,0
DA:20,0
DA:22,0
DA:35,0
DA:40,0
DA:53,0
DA:54,0
DA:66,0
DA:70,0
DA:74,0
DA:78,0
DA:84,0
DA:88,0
DA:89,0
DA:95,0
DA:99,0
DA:105,0
DA:106,0
DA:108,0
DA:109,0
DA:110,0
DA:113,0
DA:126,0
LF:25
LH:0
BRDA:84,0,0,0
BRDA:84,0,1,0
BRDA:108,1,0,0
BRDA:108,1,1,0
BRDA:109,2,0,0
BRDA:109,2,1,0
BRDA:108,3,0,0
BRDA:108,3,1,0
BRDA:109,4,0,0
BRDA:109,4,1,0
BRF:10
BRH:0
end_of_record
TN:
SF:D:\Project Numerical\frontend\src\js\src\scrollspy.js
FN:68,(anonymous_349)
FN:77,(anonymous_350)
FN:85,(anonymous_351)
FN:89,(anonymous_352)
FN:95,(anonymous_353)
FN:114,(anonymous_354)
FN:130,(anonymous_355)
FN:131,(anonymous_356)
FN:132,(anonymous_357)
FN:138,(anonymous_358)
FN:145,(anonymous_359)
FN:159,(anonymous_360)
FN:165,(anonymous_361)
FN:172,(anonymous_362)
FN:178,(anonymous_363)
FN:214,(anonymous_364)
FN:220,(anonymous_365)
FN:230,(anonymous_366)
FN:234,(anonymous_367)
FN:238,(anonymous_368)
FN:240,(anonymous_369)
FN:250,(anonymous_370)
FN:252,(anonymous_371)
FN:253,(anonymous_372)
FN:258,(anonymous_373)
FN:259,(anonymous_374)
FN:281,(anonymous_375)
FN:283,(anonymous_376)
FN:68,(anonymous_343)
FN:85,(anonymous_345)
FN:89,(anonymous_346)
FN:95,(anonymous_347)
FN:114,(anonymous_348)
FN:130,(anonymous_349)
FN:132,(anonymous_351)
FN:138,(anonymous_352)
FN:145,(anonymous_353)
FN:159,(anonymous_354)
FN:165,(anonymous_355)
FN:172,(anonymous_356)
FN:178,(anonymous_357)
FN:214,(anonymous_358)
FN:220,(anonymous_359)
FN:230,(anonymous_360)
FN:234,(anonymous_361)
FN:238,(anonymous_362)
FN:240,(anonymous_363)
FN:250,(anonymous_364)
FN:252,(anonymous_365)
FN:253,(anonymous_366)
FN:258,(anonymous_367)
FN:259,(anonymous_368)
FN:281,(anonymous_369)
FN:283,(anonymous_370)
FNF:54
FNH:0
FNDA:0,(anonymous_349)
FNDA:0,(anonymous_350)
FNDA:0,(anonymous_351)
FNDA:0,(anonymous_352)
FNDA:0,(anonymous_353)
FNDA:0,(anonymous_354)
FNDA:0,(anonymous_355)
FNDA:0,(anonymous_356)
FNDA:0,(anonymous_357)
FNDA:0,(anonymous_358)
FNDA:0,(anonymous_359)
FNDA:0,(anonymous_360)
FNDA:0,(anonymous_361)
FNDA:0,(anonymous_362)
FNDA:0,(anonymous_363)
FNDA:0,(anonymous_364)
FNDA:0,(anonymous_365)
FNDA:0,(anonymous_366)
FNDA:0,(anonymous_367)
FNDA:0,(anonymous_368)
FNDA:0,(anonymous_369)
FNDA:0,(anonymous_370)
FNDA:0,(anonymous_371)
FNDA:0,(anonymous_372)
FNDA:0,(anonymous_373)
FNDA:0,(anonymous_374)
FNDA:0,(anonymous_375)
FNDA:0,(anonymous_376)
FNDA:0,(anonymous_343)
FNDA:0,(anonymous_345)
FNDA:0,(anonymous_346)
FNDA:0,(anonymous_347)
FNDA:0,(anonymous_348)
FNDA:0,(anonymous_349)
FNDA:0,(anonymous_351)
FNDA:0,(anonymous_352)
FNDA:0,(anonymous_353)
FNDA:0,(anonymous_354)
FNDA:0,(anonymous_355)
FNDA:0,(anonymous_356)
FNDA:0,(anonymous_357)
FNDA:0,(anonymous_358)
FNDA:0,(anonymous_359)
FNDA:0,(anonymous_360)
FNDA:0,(anonymous_361)
FNDA:0,(anonymous_362)
FNDA:0,(anonymous_363)
FNDA:0,(anonymous_364)
FNDA:0,(anonymous_365)
FNDA:0,(anonymous_366)
FNDA:0,(anonymous_367)
FNDA:0,(anonymous_368)
FNDA:0,(anonymous_369)
FNDA:0,(anonymous_370)
DA:25,0
DA:26,0
DA:27,0
DA:28,0
DA:30,0
DA:36,0
DA:42,0
DA:43,0
DA:44,0
DA:46,0
DA:47,0
DA:49,0
DA:50,0
DA:51,0
DA:52,0
DA:53,0
DA:54,0
DA:55,0
DA:56,0
DA:58,0
DA:59,0
DA:69,0
DA:70,0
DA:71,0
DA:72,0
DA:73,0
DA:74,0
DA:75,0
DA:77,0
DA:79,0
DA:80,0
DA:86,0
DA:90,0
DA:96,0
DA:100,0
DA:104,0
DA:108,0
DA:109,0
DA:110,0
DA:112,0
DA:114,0
DA:115,0
DA:116,0
DA:118,0
DA:119,0
DA:120,0
DA:121,0
DA:128,0
DA:130,0
DA:131,0
DA:133,0
DA:134,0
DA:139,0
DA:140,0
DA:146,0
DA:152,0
DA:154,0
DA:156,0
DA:160,0
DA:166,0
DA:173,0
DA:179,0
DA:180,0
DA:181,0
DA:183,0
DA:184,0
DA:187,0
DA:188,0
DA:190,0
DA:191,0
DA:194,0
DA:197,0
DA:198,0
DA:199,0
DA:200,0
DA:203,0
DA:204,0
DA:208,0
DA:209,0
DA:215,0
DA:217,0
DA:219,0
DA:220,0
DA:222,0
DA:224,0
DA:225,0
DA:226,0
DA:229,0
DA:233,0
DA:234,0
DA:237,0
DA:239,0
DA:240,0
DA:245,0
DA:251,0
DA:252,0
DA:253,0
DA:259,0
DA:260,0
DA:262,0
DA:263,0
DA:266,0
DA:267,0
DA:270,0
DA:281,0
DA:282,0
DA:283,0
DA:293,0
LF:108
LH:0
BRDA:70,0,0,0
BRDA:70,0,1,0
BRDA:58,1,0,0
BRDA:58,1,1,0
BRDA:101,2,0,0
BRDA:101,2,1,0
BRDA:105,3,0,0
BRDA:105,3,1,0
BRDA:116,4,0,0
BRDA:116,4,1,0
BRDA:118,5,0,0
BRDA:118,5,1,0
BRDA:120,6,0,0
BRDA:120,6,1,0
BRDA:120,7,0,0
BRDA:120,7,1,0
BRDA:149,8,0,0
BRDA:149,8,1,0
BRDA:149,9,0,0
BRDA:149,9,1,0
BRDA:152,10,0,0
BRDA:152,10,1,0
BRDA:161,11,0,0
BRDA:161,11,1,0
BRDA:166,12,0,0
BRDA:166,12,1,0
BRDA:174,13,0,0
BRDA:174,13,1,0
BRDA:187,14,0,0
BRDA:187,14,1,0
BRDA:183,15,0,0
BRDA:183,15,1,0
BRDA:190,16,0,0
BRDA:190,16,1,0
BRDA:197,17,0,0
BRDA:197,17,1,0
BRDA:197,18,0,0
BRDA:197,18,1,0
BRDA:197,18,2,0
BRDA:204,19,0,0
BRDA:204,19,1,0
BRDA:204,19,2,0
BRDA:204,19,3,0
BRDA:204,19,4,0
BRDA:226,20,0,0
BRDA:226,20,1,0
BRDA:262,21,0,0
BRDA:262,21,1,0
BRDA:266,22,0,0
BRDA:266,22,1,0
BRDA:58,23,0,0
BRDA:58,23,1,0
BRDA:105,24,0,0
BRDA:105,24,1,0
BRDA:70,25,0,0
BRDA:70,25,1,0
BRDA:97,26,0,0
BRDA:97,26,1,0
BRDA:101,27,0,0
BRDA:101,27,1,0
BRDA:105,28,0,0
BRDA:105,28,1,0
BRDA:116,29,0,0
BRDA:116,29,1,0
BRDA:118,30,0,0
BRDA:118,30,1,0
BRDA:120,31,0,0
BRDA:120,31,1,0
BRDA:149,32,0,0
BRDA:149,32,1,0
BRDA:149,33,0,0
BRDA:149,33,1,0
BRDA:152,34,0,0
BRDA:152,34,1,0
BRDA:183,35,0,0
BRDA:183,35,1,0
BRDA:187,36,0,0
BRDA:187,36,1,0
BRDA:190,37,0,0
BRDA:190,37,1,0
BRDA:197,38,0,0
BRDA:197,38,1,0
BRDA:204,39,0,0
BRDA:204,39,1,0
BRDA:204,39,2,0
BRDA:204,39,3,0
BRDA:208,40,0,0
BRDA:208,40,1,0
BRDA:225,41,0,0
BRDA:225,41,1,0
BRDA:262,42,0,0
BRDA:262,42,1,0
BRDA:266,43,0,0
BRDA:266,43,1,0
BRF:94
BRH:0
end_of_record
TN:
SF:D:\Project Numerical\frontend\src\js\src\tab.js
FN:57,(anonymous_377)
FN:63,(anonymous_378)
FN:96,(anonymous_379)
FN:114,(anonymous_380)
FN:122,(anonymous_381)
FN:132,(anonymous_382)
FN:168,(anonymous_383)
FN:181,(anonymous_384)
FN:182,(anonymous_385)
FN:202,(anonymous_386)
FN:57,(anonymous_371)
FN:63,(anonymous_372)
FN:96,(anonymous_373)
FN:114,(anonymous_374)
FN:132,(anonymous_376)
FN:168,(anonymous_377)
FN:181,(anonymous_378)
FN:182,(anonymous_379)
FNF:18
FNH:0
FNDA:0,(anonymous_377)
FNDA:0,(anonymous_378)
FNDA:0,(anonymous_379)
FNDA:0,(anonymous_380)
FNDA:0,(anonymous_381)
FNDA:0,(anonymous_382)
FNDA:0,(anonymous_383)
FNDA:0,(anonymous_384)
FNDA:0,(anonymous_385)
FNDA:0,(anonymous_386)
FNDA:0,(anonymous_371)
FNDA:0,(anonymous_372)
FNDA:0,(anonymous_373)
FNDA:0,(anonymous_374)
FNDA:0,(anonymous_376)
FNDA:0,(anonymous_377)
FNDA:0,(anonymous_378)
FNDA:0,(anonymous_379)
DA:24,0
DA:25,0
DA:26,0
DA:27,0
DA:29,0
DA:30,0
DA:31,0
DA:32,0
DA:33,0
DA:35,0
DA:36,0
DA:37,0
DA:38,0
DA:40,0
DA:41,0
DA:42,0
DA:43,0
DA:44,0
DA:45,0
DA:46,0
DA:58,0
DA:64,0
DA:67,0
DA:71,0
DA:72,0
DA:74,0
DA:75,0
DA:76,0
DA:77,0
DA:80,0
DA:86,0
DA:90,0
DA:91,0
DA:94,0
DA:96,0
DA:97,0
DA:100,0
DA:105,0
DA:106,0
DA:108,0
DA:115,0
DA:119,0
DA:120,0
DA:122,0
DA:124,0
DA:125,0
DA:126,0
DA:128,0
DA:133,0
DA:134,0
DA:136,0
DA:138,0
DA:139,0
DA:142,0
DA:143,0
DA:147,0
DA:148,0
DA:149,0
DA:152,0
DA:154,0
DA:155,0
DA:158,0
DA:159,0
DA:160,0
DA:163,0
DA:164,0
DA:166,0
DA:167,0
DA:168,0
DA:171,0
DA:174,0
DA:175,0
DA:182,0
DA:183,0
DA:185,0
DA:186,0
DA:187,0
DA:190,0
DA:202,0
DA:203,0
DA:204,0
DA:207,0
DA:208,0
DA:211,0
DA:212,0
DA:222,0
LF:86
LH:0
BRDA:64,0,0,0
BRDA:64,0,1,0
BRDA:64,1,0,0
BRDA:64,1,1,0
BRDA:64,1,2,0
BRDA:74,2,0,0
BRDA:74,2,1,0
BRDA:75,3,0,0
BRDA:75,3,1,0
BRDA:75,4,0,0
BRDA:75,4,1,0
BRDA:81,5,0,0
BRDA:81,5,1,0
BRDA:90,6,0,0
BRDA:90,6,1,0
BRDA:86,7,0,0
BRDA:86,7,1,0
BRDA:86,7,2,0
BRDA:106,8,0,0
BRDA:106,8,1,0
BRDA:117,9,0,0
BRDA:117,9,1,0
BRDA:119,10,0,0
BRDA:119,10,1,0
BRDA:119,10,2,0
BRDA:120,11,0,0
BRDA:120,11,1,0
BRDA:120,11,2,0
BRDA:125,12,0,0
BRDA:125,12,1,0
BRDA:124,13,0,0
BRDA:124,13,1,0
BRDA:133,14,0,0
BRDA:133,14,1,0
BRDA:138,15,0,0
BRDA:138,15,1,0
BRDA:142,16,0,0
BRDA:142,16,1,0
BRDA:148,17,0,0
BRDA:148,17,1,0
BRDA:154,18,0,0
BRDA:154,18,1,0
BRDA:163,19,0,0
BRDA:163,19,1,0
BRDA:159,20,0,0
BRDA:159,20,1,0
BRDA:159,20,2,0
BRDA:163,21,0,0
BRDA:163,21,1,0
BRDA:166,22,0,0
BRDA:166,22,1,0
BRDA:174,23,0,0
BRDA:174,23,1,0
BRDA:185,24,0,0
BRDA:185,24,1,0
BRDA:186,25,0,0
BRDA:186,25,1,0
BRDA:203,26,0,0
BRDA:203,26,1,0
BRDA:207,27,0,0
BRDA:207,27,1,0
BRDA:75,28,0,0
BRDA:75,28,1,0
BRDA:64,29,0,0
BRDA:64,29,1,0
BRDA:74,30,0,0
BRDA:74,30,1,0
BRDA:75,31,0,0
BRDA:75,31,1,0
BRDA:75,32,0,0
BRDA:75,32,1,0
BRDA:81,33,0,0
BRDA:81,33,1,0
BRDA:90,34,0,0
BRDA:90,34,1,0
BRDA:90,35,0,0
BRDA:90,35,1,0
BRDA:90,35,2,0
BRDA:105,36,0,0
BRDA:105,36,1,0
BRDA:116,37,0,0
BRDA:116,37,1,0
BRDA:115,38,0,0
BRDA:115,38,1,0
BRDA:115,38,2,0
BRDA:120,39,0,0
BRDA:120,39,1,0
BRDA:120,39,2,0
BRDA:124,40,0,0
BRDA:124,40,1,0
BRDA:124,41,0,0
BRDA:124,41,1,0
BRDA:133,42,0,0
BRDA:133,42,1,0
BRDA:138,43,0,0
BRDA:138,43,1,0
BRDA:142,44,0,0
BRDA:142,44,1,0
BRDA:148,45,0,0
BRDA:148,45,1,0
BRDA:154,46,0,0
BRDA:154,46,1,0
BRDA:159,47,0,0
BRDA:159,47,1,0
BRDA:159,48,0,0
BRDA:159,48,1,0
BRDA:163,49,0,0
BRDA:163,49,1,0
BRDA:163,50,0,0
BRDA:163,50,1,0
BRDA:166,51,0,0
BRDA:166,51,1,0
BRDA:174,52,0,0
BRDA:174,52,1,0
BRDA:185,53,0,0
BRDA:185,53,1,0
BRDA:186,54,0,0
BRDA:186,54,1,0
BRDA:203,55,0,0
BRDA:203,55,1,0
BRDA:207,56,0,0
BRDA:207,56,1,0
BRF:122
BRH:0
end_of_record
TN:
SF:D:\Project Numerical\frontend\src\js\src\toast.js
FN:61,(anonymous_387)
FN:73,(anonymous_388)
FN:77,(anonymous_389)
FN:81,(anonymous_390)
FN:87,(anonymous_391)
FN:100,(anonymous_392)
FN:115,(anonymous_393)
FN:126,(anonymous_394)
FN:137,(anonymous_395)
FN:149,(anonymous_396)
FN:161,(anonymous_397)
FN:170,(anonymous_398)
FN:175,(anonymous_399)
FN:202,(anonymous_400)
FN:203,(anonymous_401)
FN:204,(anonymous_402)
FN:205,(anonymous_403)
FN:206,(anonymous_404)
FN:209,(anonymous_405)
FN:216,(anonymous_406)
FN:217,(anonymous_407)
FN:61,(anonymous_381)
FN:73,(anonymous_382)
FN:77,(anonymous_383)
FN:81,(anonymous_384)
FN:87,(anonymous_385)
FN:100,(anonymous_386)
FN:115,(anonymous_387)
FN:126,(anonymous_388)
FN:137,(anonymous_389)
FN:149,(anonymous_390)
FN:161,(anonymous_391)
FN:170,(anonymous_392)
FN:175,(anonymous_393)
FN:202,(anonymous_394)
FN:203,(anonymous_395)
FN:204,(anonymous_396)
FN:205,(anonymous_397)
FN:206,(anonymous_398)
FN:209,(anonymous_399)
FN:216,(anonymous_400)
FN:217,(anonymous_401)
FNF:42
FNH:0
FNDA:0,(anonymous_387)
FNDA:0,(anonymous_388)
FNDA:0,(anonymous_389)
FNDA:0,(anonymous_390)
FNDA:0,(anonymous_391)
FNDA:0,(anonymous_392)
FNDA:0,(anonymous_393)
FNDA:0,(anonymous_394)
FNDA:0,(anonymous_395)
FNDA:0,(anonymous_396)
FNDA:0,(anonymous_397)
FNDA:0,(anonymous_398)
FNDA:0,(anonymous_399)
FNDA:0,(anonymous_400)
FNDA:0,(anonymous_401)
FNDA:0,(anonymous_402)
FNDA:0,(anonymous_403)
FNDA:0,(anonymous_404)
FNDA:0,(anonymous_405)
FNDA:0,(anonymous_406)
FNDA:0,(anonymous_407)
FNDA:0,(anonymous_381)
FNDA:0,(anonymous_382)
FNDA:0,(anonymous_383)
FNDA:0,(anonymous_384)
FNDA:0,(anonymous_385)
FNDA:0,(anonymous_386)
FNDA:0,(anonymous_387)
FNDA:0,(anonymous_388)
FNDA:0,(anonymous_389)
FNDA:0,(anonymous_390)
FNDA:0,(anonymous_391)
FNDA:0,(anonymous_392)
FNDA:0,(anonymous_393)
FNDA:0,(anonymous_394)
FNDA:0,(anonymous_395)
FNDA:0,(anonymous_396)
FNDA:0,(anonymous_397)
FNDA:0,(anonymous_398)
FNDA:0,(anonymous_399)
FNDA:0,(anonymous_400)
FNDA:0,(anonymous_401)
DA:24,0
DA:25,0
DA:26,0
DA:28,0
DA:29,0
DA:30,0
DA:31,0
DA:32,0
DA:33,0
DA:34,0
DA:35,0
DA:37,0
DA:38,0
DA:39,0
DA:40,0
DA:42,0
DA:48,0
DA:62,0
DA:64,0
DA:65,0
DA:66,0
DA:67,0
DA:68,0
DA:74,0
DA:78,0
DA:82,0
DA:88,0
DA:90,0
DA:91,0
DA:94,0
DA:96,0
DA:97,0
DA:100,0
DA:101,0
DA:102,0
DA:104,0
DA:107,0
DA:108,0
DA:109,0
DA:110,0
DA:112,0
DA:116,0
DA:117,0
DA:120,0
DA:122,0
DA:123,0
DA:126,0
DA:127,0
DA:128,0
DA:129,0
DA:130,0
DA:133,0
DA:134,0
DA:138,0
DA:140,0
DA:141,0
DA:144,0
DA:150,0
DA:156,0
DA:158,0
DA:162,0
DA:163,0
DA:166,0
DA:167,0
DA:170,0
DA:171,0
DA:176,0
DA:179,0
DA:180,0
DA:183,0
DA:184,0
DA:189,0
DA:190,0
DA:191,0
DA:194,0
DA:195,0
DA:196,0
DA:199,0
DA:203,0
DA:204,0
DA:205,0
DA:206,0
DA:210,0
DA:211,0
DA:217,0
DA:218,0
DA:220,0
DA:221,0
DA:222,0
DA:225,0
DA:231,0
DA:240,0
LF:92
LH:0
BRDA:88,0,0,0
BRDA:88,0,1,0
BRDA:96,1,0,0
BRDA:96,1,1,0
BRDA:116,2,0,0
BRDA:116,2,1,0
BRDA:116,2,2,0
BRDA:140,3,0,0
BRDA:140,3,1,0
BRDA:153,4,0,0
BRDA:153,4,1,0
BRDA:153,5,0,0
BRDA:153,5,1,0
BRDA:162,6,0,0
BRDA:162,6,1,0
BRDA:162,6,2,0
BRDA:162,6,3,0
BRDA:177,7,0,0
BRDA:177,7,1,0
BRDA:177,7,2,0
BRDA:177,7,3,0
BRDA:189,8,0,0
BRDA:189,8,1,0
BRDA:195,9,0,0
BRDA:195,9,1,0
BRDA:195,9,2,0
BRDA:220,10,0,0
BRDA:220,10,1,0
BRDA:221,11,0,0
BRDA:221,11,1,0
BRDA:90,12,0,0
BRDA:90,12,1,0
BRDA:96,13,0,0
BRDA:96,13,1,0
BRDA:116,14,0,0
BRDA:116,14,1,0
BRDA:122,15,0,0
BRDA:122,15,1,0
BRDA:140,16,0,0
BRDA:140,16,1,0
BRDA:153,17,0,0
BRDA:153,17,1,0
BRDA:153,18,0,0
BRDA:153,18,1,0
BRDA:162,19,0,0
BRDA:162,19,1,0
BRDA:166,20,0,0
BRDA:166,20,1,0
BRDA:166,21,0,0
BRDA:166,21,1,0
BRDA:177,22,0,0
BRDA:177,22,1,0
BRDA:177,22,2,0
BRDA:177,22,3,0
BRDA:189,23,0,0
BRDA:189,23,1,0
BRDA:195,24,0,0
BRDA:195,24,1,0
BRDA:195,25,0,0
BRDA:195,25,1,0
BRDA:220,26,0,0
BRDA:220,26,1,0
BRDA:221,27,0,0
BRDA:221,27,1,0
BRF:64
BRH:0
end_of_record
TN:
SF:D:\Project Numerical\frontend\src\js\src\tooltip.js
FN:127,(anonymous_281)
FN:150,(anonymous_282)
FN:154,(anonymous_283)
FN:158,(anonymous_284)
FN:162,(anonymous_285)
FN:168,(anonymous_286)
FN:172,(anonymous_287)
FN:176,(anonymous_288)
FN:180,(anonymous_289)
FN:205,(anonymous_290)
FN:218,(anonymous_291)
FN:288,(anonymous_293)
FN:293,(anonymous_294)
FN:308,(anonymous_295)
FN:341,(anonymous_296)
FN:314,(anonymous_297)
FN:353,(anonymous_298)
FN:361,(anonymous_299)
FN:365,(anonymous_300)
FN:381,(anonymous_301)
FN:385,(anonymous_302)
FN:397,(anonymous_303)
FN:429,(anonymous_304)
FN:435,(anonymous_305)
FN:449,(anonymous_306)
FN:453,(anonymous_307)
FN:457,(anonymous_308)
FN:461,(anonymous_309)
FN:467,(anonymous_310)
FN:471,(anonymous_311)
FN:503,(anonymous_312)
FN:506,(anonymous_313)
FN:519,(anonymous_314)
FN:523,(anonymous_315)
FN:527,(anonymous_316)
FN:530,(anonymous_317)
FN:532,(anonymous_318)
FN:541,(anonymous_319)
FN:542,(anonymous_320)
FN:546,(anonymous_321)
FN:565,(anonymous_322)
FN:579,(anonymous_323)
FN:602,(anonymous_324)
FN:609,(anonymous_325)
FN:631,(anonymous_326)
FN:638,(anonymous_327)
FN:648,(anonymous_328)
FN:651,(anonymous_329)
FN:689,(anonymous_330)
FN:704,(anonymous_331)
FN:709,(anonymous_332)
FN:710,(anonymous_333)
FN:714,(anonymous_334)
FN:718,(anonymous_335)
FN:730,(anonymous_336)
FN:739,(anonymous_337)
FN:740,(anonymous_338)
FN:127,(anonymous_276)
FN:150,(anonymous_277)
FN:154,(anonymous_278)
FN:158,(anonymous_279)
FN:162,(anonymous_280)
FN:168,(anonymous_281)
FN:172,(anonymous_282)
FN:176,(anonymous_283)
FN:180,(anonymous_284)
FN:205,(anonymous_285)
FN:218,(anonymous_286)
FN:288,(anonymous_287)
FN:293,(anonymous_288)
FN:308,(anonymous_289)
FN:314,(anonymous_290)
FN:341,(anonymous_291)
FN:353,(anonymous_292)
FN:361,(anonymous_293)
FN:365,(anonymous_294)
FN:381,(anonymous_295)
FN:385,(anonymous_296)
FN:397,(anonymous_297)
FN:429,(anonymous_298)
FN:435,(anonymous_299)
FN:449,(anonymous_300)
FN:453,(anonymous_301)
FN:457,(anonymous_302)
FN:461,(anonymous_303)
FN:467,(anonymous_304)
FN:471,(anonymous_305)
FN:503,(anonymous_306)
FN:506,(anonymous_307)
FN:519,(anonymous_308)
FN:523,(anonymous_309)
FN:527,(anonymous_310)
FN:530,(anonymous_311)
FN:532,(anonymous_312)
FN:541,(anonymous_313)
FN:542,(anonymous_314)
FN:546,(anonymous_315)
FN:565,(anonymous_316)
FN:579,(anonymous_317)
FN:602,(anonymous_318)
FN:609,(anonymous_319)
FN:631,(anonymous_320)
FN:638,(anonymous_321)
FN:648,(anonymous_322)
FN:651,(anonymous_323)
FN:689,(anonymous_324)
FN:704,(anonymous_325)
FN:709,(anonymous_326)
FN:710,(anonymous_327)
FN:714,(anonymous_328)
FN:718,(anonymous_329)
FN:730,(anonymous_330)
FN:739,(anonymous_331)
FN:740,(anonymous_332)
FNF:114
FNH:0
FNDA:0,(anonymous_281)
FNDA:0,(anonymous_282)
FNDA:0,(anonymous_283)
FNDA:0,(anonymous_284)
FNDA:0,(anonymous_285)
FNDA:0,(anonymous_286)
FNDA:0,(anonymous_287)
FNDA:0,(anonymous_288)
FNDA:0,(anonymous_289)
FNDA:0,(anonymous_290)
FNDA:0,(anonymous_291)
FNDA:0,(anonymous_293)
FNDA:0,(anonymous_294)
FNDA:0,(anonymous_295)
FNDA:0,(anonymous_296)
FNDA:0,(anonymous_297)
FNDA:0,(anonymous_298)
FNDA:0,(anonymous_299)
FNDA:0,(anonymous_300)
FNDA:0,(anonymous_301)
FNDA:0,(anonymous_302)
FNDA:0,(anonymous_303)
FNDA:0,(anonymous_304)
FNDA:0,(anonymous_305)
FNDA:0,(anonymous_306)
FNDA:0,(anonymous_307)
FNDA:0,(anonymous_308)
FNDA:0,(anonymous_309)
FNDA:0,(anonymous_310)
FNDA:0,(anonymous_311)
FNDA:0,(anonymous_312)
FNDA:0,(anonymous_313)
FNDA:0,(anonymous_314)
FNDA:0,(anonymous_315)
FNDA:0,(anonymous_316)
FNDA:0,(anonymous_317)
FNDA:0,(anonymous_318)
FNDA:0,(anonymous_319)
FNDA:0,(anonymous_320)
FNDA:0,(anonymous_321)
FNDA:0,(anonymous_322)
FNDA:0,(anonymous_323)
FNDA:0,(anonymous_324)
FNDA:0,(anonymous_325)
FNDA:0,(anonymous_326)
FNDA:0,(anonymous_327)
FNDA:0,(anonymous_328)
FNDA:0,(anonymous_329)
FNDA:0,(anonymous_330)
FNDA:0,(anonymous_331)
FNDA:0,(anonymous_332)
FNDA:0,(anonymous_333)
FNDA:0,(anonymous_334)
FNDA:0,(anonymous_335)
FNDA:0,(anonymous_336)
[...]
DA:34,0
DA:46,0
DA:47,0
DA:49,0
DA:50,0
DA:53,0
DA:54,0
DA:55,0
DA:56,0
DA:57,0
DA:59,0
DA:60,0
DA:61,0
DA:64,0
DA:65,0
DA:68,0
DA:69,0
DA:70,0
DA:77,0
LF:33
LH:0
BRDA:8,0,0,0
BRDA:8,0,1,0
BRDA:9,1,0,0
BRDA:9,1,1,0
BRDA:12,2,0,0
BRDA:12,2,1,0
BRDA:12,2,2,0
BRDA:24,3,0,0
BRDA:24,3,1,0
BRDA:26,4,0,0
BRDA:26,4,1,0
BRDA:49,5,0,0
BRDA:49,5,1,0
BRDA:56,6,0,0
BRDA:56,6,1,0
BRDA:57,7,0,0
BRDA:57,7,1,0
BRDA:64,8,0,0
BRDA:64,8,1,0
BRDA:64,8,2,0
BRDA:9,9,0,0
BRDA:9,9,1,0
BRDA:12,10,0,0
BRDA:12,10,1,0
BRDA:12,11,0,0
BRDA:12,11,1,0
BRDA:23,12,0,0
BRDA:23,12,1,0
BRDA:26,13,0,0
BRDA:26,13,1,0
BRDA:49,14,0,0
BRDA:49,14,1,0
BRDA:56,15,0,0
BRDA:56,15,1,0
BRDA:64,16,0,0
BRDA:64,16,1,0
BRDA:64,17,0,0
BRDA:64,17,1,0
BRF:38
BRH:0
end_of_record
TN:
SF:D:\Project Numerical\frontend\src\node_modules\@popperjs\core\lib\modifiers\arrow.js
FN:19,(anonymous_184)
FN:12,(anonymous_185)
FN:56,(anonymous_186)
FN:12,toPaddingObject
FN:19,arrow
FN:56,effect$1
FNF:6
FNH:0
FNDA:0,(anonymous_184)
FNDA:0,(anonymous_185)
FNDA:0,(anonymous_186)
FNDA:0,toPaddingObject
FNDA:0,arrow
FNDA:0,effect$1
DA:12,0
DA:13,0
DA:16,0
DA:22,0
DA:23,0
DA:24,0
DA:25,0
DA:26,0
DA:27,0
DA:28,0
DA:29,0
DA:30,0
DA:32,0
DA:33,0
DA:36,0
DA:37,0
DA:38,0
DA:39,0
DA:40,0
DA:41,0
DA:42,0
DA:43,0
DA:44,0
DA:47,0
DA:48,0
DA:49,0
DA:50,0
DA:52,0
DA:53,0
DA:57,0
DA:58,0
DA:59,0
DA:60,0
DA:62,0
DA:63,0
DA:67,0
DA:68,0
DA:70,0
DA:71,0
DA:81,0
DA:86,0
DA:89,0
DA:93,0
LF:43
LH:0
BRDA:30,0,0,0
BRDA:30,0,1,0
BRDA:32,1,0,0
BRDA:32,1,1,0
BRDA:32,2,0,0
BRDA:32,2,1,0
BRDA:16,3,0,0
BRDA:16,3,1,0
BRDA:13,4,0,0
BRDA:13,4,1,0
BRDA:38,5,0,0
BRDA:38,5,1,0
BRDA:39,6,0,0
BRDA:39,6,1,0
BRDA:43,7,0,0
BRDA:43,7,1,0
BRDA:43,8,0,0
BRDA:43,8,1,0
BRDA:43,9,0,0
BRDA:43,9,1,0
BRDA:43,10,0,0
BRDA:43,10,1,0
BRDA:60,11,0,0
BRDA:60,11,1,0
BRDA:62,12,0,0
BRDA:62,12,1,0
BRDA:62,12,2,0
BRDA:62,12,3,0
BRDA:62,12,4,0
BRDA:13,13,0,0
BRDA:13,13,1,0
BRDA:16,14,0,0
BRDA:16,14,1,0
BRDA:30,15,0,0
BRDA:30,15,1,0
BRDA:32,16,0,0
BRDA:32,16,1,0
BRDA:32,17,0,0
BRDA:32,17,1,0
BRDA:38,18,0,0
BRDA:38,18,1,0
BRDA:39,19,0,0
BRDA:39,19,1,0
BRDA:43,20,0,0
BRDA:43,20,1,0
BRDA:43,21,0,0
BRDA:43,21,1,0
BRDA:43,22,0,0
BRDA:43,22,1,0
BRDA:43,23,0,0
BRDA:43,23,1,0
BRDA:60,24,0,0
BRDA:60,24,1,0
BRDA:62,25,0,0
BRDA:62,25,1,0
BRDA:67,26,0,0
BRDA:67,26,1,0
BRDA:70,27,0,0
BRDA:70,27,1,0
BRDA:81,28,0,0
BRDA:81,28,1,0
BRF:61
BRH:0
end_of_record
TN:
SF:D:\Project Numerical\frontend\src\node_modules\@popperjs\core\lib\modifiers\computeStyles.js
FN:30,de
FN:19,(anonymous_189)
FN:100,(anonymous_190)
FN:19,roundOffsetsByDPR
FN:100,computeStyles
FNF:5
FNH:0
FNDA:0,de
FNDA:0,(anonymous_189)
FNDA:0,(anonymous_190)
FNDA:0,roundOffsetsByDPR
FNDA:0,computeStyles
DA:10,0
DA:20,0
DA:21,0
DA:22,0
DA:23,0
DA:24,0
DA:33,0
DA:34,0
DA:35,0
DA:36,0
DA:37,0
DA:38,0
DA:39,0
DA:40,0
DA:41,0
DA:43,0
DA:44,0
DA:45,0
DA:46,0
DA:47,0
DA:49,0
DA:50,0
DA:51,0
DA:52,0
DA:53,0
DA:55,0
DA:56,0
DA:57,0
DA:58,0
DA:60,0
DA:61,0
DA:63,0
DA:64,0
DA:65,0
DA:70,0
DA:72,0
DA:73,0
DA:75,0
DA:76,0
DA:79,0
DA:80,0
DA:82,0
DA:83,0
DA:87,0
DA:91,0
DA:94,0
DA:97,0
DA:101,0
DA:102,0
DA:103,0
DA:104,0
DA:105,0
DA:106,0
DA:107,0
DA:108,0
DA:120,0
DA:128,0
DA:129,0
DA:137,0
DA:138,0
DA:146,0
DA:152,0
LF:62
LH:0
BRDA:19,0,0,0
BRDA:19,0,1,0
BRDA:22,1,0,0
BRDA:22,1,1,0
BRDA:25,2,0,0
BRDA:25,2,1,0
BRDA:26,3,0,0
BRDA:26,3,1,0
BRDA:43,4,0,0
BRDA:43,4,1,0
BRDA:45,5,0,0
BRDA:45,5,1,0
BRDA:47,6,0,0
BRDA:47,6,1,0
BRDA:55,7,0,0
BRDA:55,7,1,0
BRDA:60,8,0,0
BRDA:60,8,1,0
BRDA:60,8,2,0
BRDA:60,8,3,0
BRDA:72,9,0,0
BRDA:72,9,1,0
BRDA:72,9,2,0
BRDA:72,9,3,0
BRDA:72,9,4,0
BRDA:76,10,0,0
BRDA:76,10,1,0
BRDA:79,11,0,0
BRDA:79,11,1,0
BRDA:79,11,2,0
BRDA:79,11,3,0
BRDA:79,11,4,0
BRDA:83,12,0,0
BRDA:83,12,1,0
BRDA:89,13,0,0
BRDA:89,13,1,0
BRDA:94,14,0,0
BRDA:94,14,1,0
BRDA:94,15,0,0
BRDA:94,15,1,0
BRDA:94,16,0,0
BRDA:94,16,1,0
BRDA:94,17,0,0
BRDA:94,17,1,0
BRDA:94,18,0,0
BRDA:94,18,1,0
BRDA:97,19,0,0
BRDA:97,19,1,0
BRDA:97,20,0,0
BRDA:97,20,1,0
BRDA:104,21,0,0
BRDA:104,21,1,0
BRDA:106,22,0,0
BRDA:106,22,1,0
BRDA:108,23,0,0
BRDA:108,23,1,0
BRDA:128,24,0,0
BRDA:128,24,1,0
BRDA:137,25,0,0
BRDA:137,25,1,0
BRDA:23,26,0,0
BRDA:23,26,1,0
BRDA:25,27,0,0
BRDA:25,27,1,0
BRDA:26,28,0,0
BRDA:26,28,1,0
BRDA:43,29,0,0
BRDA:43,29,1,0
BRDA:43,30,0,0
BRDA:43,30,1,0
BRDA:45,31,0,0
BRDA:45,31,1,0
BRDA:47,32,0,0
BRDA:47,32,1,0
BRDA:55,33,0,0
BRDA:55,33,1,0
BRDA:60,34,0,0
BRDA:60,34,1,0
BRDA:63,35,0,0
BRDA:63,35,1,0
BRDA:63,36,0,0
BRDA:63,36,1,0
BRDA:72,37,0,0
BRDA:72,37,1,0
BRDA:72,38,0,0
BRDA:72,38,1,0
BRDA:72,38,2,0
BRDA:72,38,3,0
BRDA:76,39,0,0
BRDA:76,39,1,0
BRDA:79,40,0,0
BRDA:79,40,1,0
BRDA:79,41,0,0
BRDA:79,41,1,0
BRDA:79,41,2,0
BRDA:79,41,3,0
BRDA:83,42,0,0
BRDA:83,42,1,0
BRDA:89,43,0,0
BRDA:89,43,1,0
BRDA:91,44,0,0
BRDA:91,44,1,0
BRDA:94,45,0,0
BRDA:94,45,1,0
BRDA:94,46,0,0
BRDA:94,46,1,0
BRDA:94,47,0,0
BRDA:94,47,1,0
BRDA:94,48,0,0
BRDA:94,48,1,0
BRDA:97,49,0,0
BRDA:97,49,1,0
BRDA:97,50,0,0
BRDA:97,50,1,0
BRDA:104,51,0,0
BRDA:104,51,1,0
BRDA:106,52,0,0
BRDA:106,52,1,0
BRDA:108,53,0,0
BRDA:108,53,1,0
BRDA:128,54,0,0
BRDA:128,54,1,0
BRDA:137,55,0,0
BRDA:137,55,1,0
BRF:124
BRH:0
end_of_record
TN:
SF:D:\Project Numerical\frontend\src\node_modules\@popperjs\core\lib\modifiers\eventListeners.js
FN:46,(anonymous_191)
FN:7,(anonymous_192)
FN:19,(anonymous_193)
FN:28,(anonymous_194)
FN:30,(anonymous_195)
FN:7,effect
FN:28,(anonymous_189)
FN:46,fn
FNF:8
FNH:0
FNDA:0,(anonymous_191)
FNDA:0,(anonymous_192)
FNDA:0,(anonymous_193)
FNDA:0,(anonymous_194)
FNDA:0,(anonymous_195)
FNDA:0,effect
FNDA:0,(anonymous_189)
FNDA:0,fn
DA:3,0
DA:8,0
DA:9,0
DA:10,0
DA:11,0
DA:12,0
DA:13,0
DA:14,0
DA:15,0
DA:16,0
DA:18,0
DA:19,0
DA:20,0
DA:24,0
DA:25,0
DA:28,0
DA:29,0
DA:30,0
DA:31,0
DA:35,0
DA:36,0
DA:42,0
LF:22
LH:0
BRDA:12,0,0,0
BRDA:12,0,1,0
BRDA:14,1,0,0
BRDA:14,1,1,0
BRDA:18,2,0,0
BRDA:18,2,1,0
BRDA:24,3,0,0
BRDA:24,3,1,0
BRDA:29,4,0,0
BRDA:29,4,1,0
BRDA:35,5,0,0
BRDA:35,5,1,0
BRDA:12,6,0,0
BRDA:12,6,1,0
BRDA:14,7,0,0
BRDA:14,7,1,0
BRDA:18,8,0,0
BRDA:18,8,1,0
BRDA:24,9,0,0
BRDA:24,9,1,0
BRDA:29,10,0,0
BRDA:29,10,1,0
BRDA:35,11,0,0
BRDA:35,11,1,0
BRF:24
BRH:0
end_of_record
TN:
SF:D:\Project Numerical\frontend\src\node_modules\@popperjs\core\lib\modifiers\flip.js
FN:18,(anonymous_222)
FN:91,(anonymous_223)
FN:9,getExpandedFallbackPlacements
FN:18,flip
FN:43,(anonymous_220)
FN:106,_loop
FN:107,(anonymous_223)
FN:111,(anonymous_224)
FNF:8
FNH:0
FNDA:0,(anonymous_222)
FNDA:0,(anonymous_223)
FNDA:0,getExpandedFallbackPlacements
FNDA:0,flip
FNDA:0,(anonymous_220)
FNDA:0,_loop
FNDA:0,(anonymous_223)
FNDA:0,(anonymous_224)
DA:10,0
DA:11,0
DA:14,0
DA:15,0
DA:19,0
DA:20,0
DA:21,0
DA:23,0
DA:24,0
DA:27,0
DA:28,0
DA:29,0
DA:30,0
DA:31,0
DA:32,0
DA:33,0
DA:34,0
DA:35,0
DA:36,0
DA:37,0
DA:38,0
DA:39,0
DA:40,0
DA:41,0
DA:42,0
DA:43,0
DA:44,0
DA:53,0
DA:54,0
DA:55,0
DA:56,0
DA:57,0
DA:59,0
DA:60,0
DA:62,0
DA:64,0
DA:65,0
DA:66,0
DA:67,0
DA:74,0
DA:76,0
DA:77,0
DA:80,0
DA:81,0
DA:83,0
DA:84,0
DA:87,0
DA:88,0
DA:91,0
DA:92,0
DA:94,0
DA:95,0
DA:96,0
DA:99,0
DA:102,0
DA:104,0
DA:106,0
DA:107,0
DA:108,0
DA:110,0
DA:111,0
DA:112,0
DA:117,0
DA:118,0
DA:119,0
DA:123,0
DA:124,0
DA:126,0
DA:130,0
DA:131,0
DA:132,0
DA:133,0
DA:138,0
LF:73
LH:0
BRDA:23,0,0,0
BRDA:23,0,1,0
BRDA:66,1,0,0
BRDA:66,1,1,0
BRDA:74,2,0,0
BRDA:74,2,1,0
BRDA:74,3,0,0
BRDA:74,3,1,0
BRDA:74,4,0,0
BRDA:74,4,1,0
BRDA:76,5,0,0
BRDA:76,5,1,0
BRDA:91,6,0,0
BRDA:91,6,1,0
BRDA:83,7,0,0
BRDA:83,7,1,0
BRDA:87,8,0,0
BRDA:87,8,1,0
BRDA:102,9,0,0
BRDA:102,9,1,0
BRDA:123,10,0,0
BRDA:123,10,1,0
BRDA:130,11,0,0
BRDA:130,11,1,0
BRDA:10,12,0,0
BRDA:10,12,1,0
BRDA:23,13,0,0
BRDA:23,13,1,0
BRDA:28,14,0,0
BRDA:28,14,1,0
BRDA:30,15,0,0
BRDA:30,15,1,0
BRDA:37,16,0,0
BRDA:37,16,1,0
BRDA:42,17,0,0
BRDA:42,17,1,0
BRDA:42,18,0,0
BRDA:42,18,1,0
BRDA:42,19,0,0
BRDA:42,19,1,0
BRDA:44,20,0,0
BRDA:44,20,1,0
BRDA:66,21,0,0
BRDA:66,21,1,0
BRDA:74,22,0,0
BRDA:74,22,1,0
BRDA:74,23,0,0
BRDA:74,23,1,0
BRDA:74,24,0,0
BRDA:74,24,1,0
BRDA:76,25,0,0
BRDA:76,25,1,0
BRDA:83,26,0,0
BRDA:83,26,1,0
BRDA:87,27,0,0
BRDA:87,27,1,0
BRDA:91,28,0,0
BRDA:91,28,1,0
BRDA:102,29,0,0
BRDA:102,29,1,0
BRDA:104,30,0,0
BRDA:104,30,1,0
BRDA:110,31,0,0
BRDA:110,31,1,0
BRDA:117,32,0,0
BRDA:117,32,1,0
BRDA:126,33,0,0
BRDA:126,33,1,0
BRDA:130,34,0,0
BRDA:130,34,1,0
BRF:70
BRH:0
end_of_record
TN:
SF:D:\Project Numerical\frontend\src\node_modules\@popperjs\core\lib\modifiers\hide.js
FN:4,De
FN:20,Se
FN:21,(anonymous_226)
FN:26,(anonymous_227)
FN:26,hide
FNF:5
FNH:0
FNDA:0,De
FNDA:0,Se
FNDA:0,(anonymous_226)
FNDA:0,(anonymous_227)
FNDA:0,hide
DA:5,0
DA:6,0
DA:12,0
DA:21,0
DA:22,0
DA:27,0
DA:28,0
DA:29,0
DA:30,0
DA:31,0
DA:32,0
DA:35,0
DA:38,0
DA:39,0
DA:40,0
DA:41,0
DA:42,0
DA:48,0
DA:55,0
LF:19
LH:0
BRDA:12,0,0,0
BRDA:12,0,1,0
BRDA:5,1,0,0
BRDA:5,1,1,0
BRF:4
BRH:0
end_of_record
TN:
SF:D:\Project Numerical\frontend\src\node_modules\@popperjs\core\lib\modifiers\offset.js
FN:24,(anonymous_228)
FN:30,(anonymous_229)
FN:3,(anonymous_230)
FN:3,distanceAndSkiddingToXY
FN:24,offset
FNF:5
FNH:0
FNDA:0,(anonymous_228)
FNDA:0,(anonymous_229)
FNDA:0,(anonymous_230)
FNDA:0,distanceAndSkiddingToXY
FNDA:0,offset
DA:4,0
DA:5,0
DA:7,0
DA:10,0
DA:11,0
DA:13,0
DA:14,0
DA:15,0
DA:25,0
DA:26,0
DA:27,0
DA:28,0
DA:29,0
DA:30,0
DA:31,0
DA:32,0
DA:34,0
DA:35,0
DA:36,0
DA:38,0
DA:39,0
DA:40,0
DA:43,0
DA:47,0
LF:24
LH:0
BRDA:29,0,0,0
BRDA:29,0,1,0
BRDA:5,1,0,0
BRDA:5,1,1,0
BRDA:7,2,0,0
BRDA:7,2,1,0
BRDA:13,3,0,0
BRDA:13,3,1,0
BRDA:14,4,0,0
BRDA:14,4,1,0
BRDA:15,5,0,0
BRDA:15,5,1,0
BRDA:38,6,0,0
BRDA:38,6,1,0
BRDA:5,7,0,0
BRDA:5,7,1,0
BRDA:7,8,0,0
BRDA:7,8,1,0
BRDA:13,9,0,0
BRDA:13,9,1,0
BRDA:14,10,0,0
BRDA:14,10,1,0
BRDA:29,11,0,0
BRDA:29,11,1,0
BRDA:38,12,0,0
BRDA:38,12,1,0
BRF:26
BRH:0
end_of_record
TN:
SF:D:\Project Numerical\frontend\src\node_modules\@popperjs\core\lib\modifiers\popperOffsets.js
FN:3,(anonymous_231)
FN:3,popperOffsets
FNF:2
FNH:0
FNDA:0,(anonymous_231)
FNDA:0,popperOffsets
DA:4,0
DA:5,0
DA:10,0
DA:19,0
LF:4
LH:0
BRF:0
BRH:0
end_of_record
TN:
SF:D:\Project Numerical\frontend\src\node_modules\@popperjs\core\lib\modifiers\preventOverflow.js
FN:13,(anonymous_232)
FN:13,preventOverflow
FNF:2
FNH:0
FNDA:0,(anonymous_232)
FNDA:0,preventOverflow
DA:14,0
DA:15,0
DA:16,0
DA:17,0
DA:18,0
DA:19,0
DA:20,0
DA:21,0
DA:22,0
DA:23,0
DA:24,0
DA:25,0
DA:26,0
DA:27,0
DA:28,0
DA:29,0
DA:35,0
DA:36,0
DA:37,0
DA:38,0
DA:39,0
DA:40,0
DA:41,0
DA:42,0
DA:43,0
DA:46,0
DA:51,0
DA:52,0
DA:55,0
DA:56,0
DA:57,0
DA:58,0
DA:59,0
DA:60,0
DA:61,0
DA:62,0
DA:63,0
DA:64,0
DA:67,0
DA:68,0
DA:72,0
DA:73,0
DA:74,0
DA:80,0
DA:81,0
DA:82,0
DA:83,0
DA:84,0
DA:85,0
DA:86,0
DA:87,0
DA:89,0
DA:90,0
DA:91,0
DA:92,0
DA:95,0
DA:96,0
DA:98,0
DA:100,0
DA:102,0
DA:104,0
DA:106,0
DA:108,0
DA:109,0
DA:113,0
DA:117,0
LF:66
LH:0
BRDA:18,0,0,0
BRDA:18,0,1,0
BRDA:20,1,0,0
BRDA:20,1,1,0
BRDA:26,2,0,0
BRDA:26,2,1,0
BRDA:28,3,0,0
BRDA:28,3,1,0
BRDA:43,4,0,0
BRDA:43,4,1,0
BRDA:51,5,0,0
BRDA:51,5,1,0
BRDA:55,6,0,0
BRDA:55,6,1,0
BRDA:55,7,0,0
BRDA:55,7,1,0
BRDA:56,8,0,0
BRDA:56,8,1,0
BRDA:57,9,0,0
BRDA:57,9,1,0
BRDA:58,10,0,0
BRDA:58,10,1,0
BRDA:62,11,0,0
BRDA:62,11,1,0
BRDA:63,12,0,0
BRDA:63,12,1,0
BRDA:64,13,0,0
BRDA:64,13,1,0
BRDA:68,14,0,0
BRDA:68,14,1,0
BRDA:68,15,0,0
BRDA:68,15,1,0
BRDA:72,16,0,0
BRDA:81,17,0,0
BRDA:81,17,1,0
BRDA:82,18,0,0
BRDA:82,18,1,0
BRDA:83,19,0,0
BRDA:83,19,1,0
BRDA:84,20,0,0
BRDA:84,20,1,0
BRDA:84,21,0,0
BRDA:84,21,1,0
BRDA:84,22,0,0
BRDA:84,22,1,0
BRDA:84,23,0,0
BRDA:84,23,1,0
BRDA:85,24,0,0
BRDA:85,24,1,0
BRDA:89,25,0,0
BRDA:89,25,1,0
BRDA:90,26,0,0
BRDA:90,26,1,0
BRDA:90,27,0,0
BRDA:90,27,1,0
BRDA:95,28,0,0
BRDA:95,28,1,0
BRDA:96,29,0,0
BRDA:96,29,1,0
BRDA:98,30,0,0
BRDA:98,30,1,0
BRDA:106,31,0,0
BRDA:106,31,1,0
BRDA:106,32,0,0
BRDA:106,32,1,0
BRDA:18,33,0,0
BRDA:18,33,1,0
BRDA:20,34,0,0
BRDA:20,34,1,0
BRDA:26,35,0,0
BRDA:26,35,1,0
BRDA:28,36,0,0
BRDA:28,36,1,0
BRDA:43,37,0,0
BRDA:43,37,1,0
BRDA:51,38,0,0
BRDA:51,38,1,0
BRDA:55,39,0,0
BRDA:55,39,1,0
BRDA:55,40,0,0
BRDA:55,40,1,0
BRDA:56,41,0,0
BRDA:56,41,1,0
BRDA:57,42,0,0
BRDA:57,42,1,0
BRDA:58,43,0,0
BRDA:58,43,1,0
BRDA:62,44,0,0
BRDA:62,44,1,0
BRDA:63,45,0,0
BRDA:63,45,1,0
BRDA:64,46,0,0
BRDA:64,46,1,0
BRDA:68,47,0,0
BRDA:68,47,1,0
BRDA:68,48,0,0
BRDA:68,48,1,0
BRDA:72,49,0,0
BRDA:72,49,1,0
BRDA:81,50,0,0
BRDA:81,50,1,0
BRDA:82,51,0,0
BRDA:82,51,1,0
BRDA:83,52,0,0
BRDA:83,52,1,0
BRDA:84,53,0,0
BRDA:84,53,1,0
BRDA:84,54,0,0
BRDA:84,54,1,0
BRDA:84,55,0,0
BRDA:84,55,1,0
BRDA:84,56,0,0
BRDA:84,56,1,0
BRDA:85,57,0,0
BRDA:85,57,1,0
BRDA:89,58,0,0
BRDA:89,58,1,0
BRDA:90,59,0,0
BRDA:90,59,1,0
BRDA:90,60,0,0
BRDA:90,60,1,0
BRDA:95,61,0,0
BRDA:95,61,1,0
BRDA:96,62,0,0
BRDA:96,62,1,0
BRDA:98,63,0,0
BRDA:98,63,1,0
BRDA:106,64,0,0
BRDA:106,64,1,0
BRDA:106,65,0,0
BRDA:106,65,1,0
BRF:131
BRH:0
end_of_record
TN:
SF:D:\Project Numerical\frontend\src\node_modules\@popperjs\core\lib\utils\computeAutoPlacement.js
FN:19,(anonymous_218)
FN:22,(anonymous_219)
FN:35,(anonymous_220)
FN:44,(anonymous_221)
FN:5,computeAutoPlacement
FNF:5
FNH:0
FNDA:0,(anonymous_218)
FNDA:0,(anonymous_219)
FNDA:0,(anonymous_220)
FNDA:0,(anonymous_221)
FNDA:0,computeAutoPlacement
DA:5,0
DA:6,0
DA:7,0
DA:10,0
DA:11,0
DA:12,0
DA:13,0
DA:14,0
DA:15,0
DA:16,0
DA:17,0
DA:18,0
DA:19,0
DA:20,0
DA:22,0
DA:23,0
DA:26,0
DA:27,0
DA:35,0
DA:36,0
DA:42,0
DA:44,0
DA:45,0
LF:23
LH:0
BRDA:5,0,0,0
BRDA:5,0,1,0
BRDA:17,1,0,0
BRDA:17,1,1,0
BRDA:19,2,0,0
BRDA:19,2,1,0
BRDA:19,3,0,0
BRDA:19,3,1,0
BRDA:26,4,0,0
BRDA:26,4,1,0
BRDA:6,5,0,0
BRDA:6,5,1,0
BRDA:17,6,0,0
BRDA:17,6,1,0
BRDA:19,7,0,0
BRDA:19,7,1,0
BRDA:19,8,0,0
BRDA:19,8,1,0
BRDA:26,9,0,0
BRDA:26,9,1,0
BRF:20
BRH:0
end_of_record
TN:
SF:D:\Project Numerical\frontend\src\node_modules\@popperjs\core\lib\utils\computeOffsets.js
FN:5,computeOffsets
FNF:1
FNH:0
FNDA:0,computeOffsets
DA:6,0
DA:7,0
DA:8,0
DA:9,0
DA:10,0
DA:11,0
DA:12,0
DA:15,0
DA:17,0
DA:21,0
DA:24,0
DA:28,0
DA:31,0
DA:35,0
DA:38,0
DA:42,0
DA:45,0
DA:51,0
DA:53,0
DA:54,0
DA:56,0
DA:58,0
DA:59,0
DA:62,0
DA:63,0
DA:69,0
LF:26
LH:0
BRDA:9,0,0,0
BRDA:9,0,1,0
BRDA:10,1,0,0
BRDA:10,1,1,0
BRDA:16,2,0,0
BRDA:16,2,1,0
BRDA:16,2,2,0
BRDA:16,2,3,0
BRDA:16,2,4,0
BRDA:51,3,0,0
BRDA:51,3,1,0
BRDA:53,4,0,0
BRDA:53,4,1,0
BRDA:54,5,0,0
BRDA:54,5,1,0
BRDA:57,6,0,0
BRDA:57,6,1,0
BRDA:9,7,0,0
BRDA:9,7,1,0
BRDA:10,8,0,0
BRDA:10,8,1,0
BRDA:51,9,0,0
BRDA:51,9,1,0
BRDA:53,10,0,0
BRDA:53,10,1,0
BRDA:54,11,0,0
BRDA:54,11,1,0
BRDA:57,12,0,0
BRDA:57,12,1,0
BRF:29
BRH:0
end_of_record
TN:
SF:D:\Project Numerical\frontend\src\node_modules\@popperjs\core\lib\utils\debounce.js
FN:5,(anonymous_258)
FN:6,(anonymous_259)
FN:1,debounce
FN:3,(anonymous_248)
FN:6,(anonymous_250)
FNF:5
FNH:0
FNDA:0,(anonymous_258)
FNDA:0,(anonymous_259)
FNDA:0,debounce
FNDA:0,(anonymous_248)
FNDA:0,(anonymous_250)
DA:3,0
DA:4,0
DA:5,0
DA:6,0
DA:7,0
DA:8,0
DA:13,0
LF:7
LH:0
BRDA:4,0,0,0
BRDA:4,0,1,0
BRDA:4,1,0,0
BRDA:4,1,1,0
BRF:4
BRH:0
end_of_record
TN:
SF:D:\Project Numerical\frontend\src\node_modules\@popperjs\core\lib\utils\detectOverflow.js
FN:55,(anonymous_216)
FN:11,detectOverflow
FNF:2
FNH:0
FNDA:0,(anonymous_216)
FNDA:0,detectOverflow
DA:11,0
DA:12,0
DA:13,0
DA:16,0
DA:17,0
DA:18,0
DA:19,0
DA:20,0
DA:21,0
DA:22,0
DA:23,0
DA:24,0
DA:25,0
DA:26,0
DA:27,0
DA:28,0
DA:29,0
DA:30,0
DA:31,0
DA:32,0
DA:33,0
DA:34,0
DA:35,0
DA:41,0
DA:42,0
DA:45,0
DA:51,0
DA:53,0
DA:54,0
DA:55,0
DA:56,0
DA:57,0
DA:58,0
DA:62,0
LF:34
LH:0
BRDA:11,0,0,0
BRDA:11,0,1,0
BRDA:18,1,0,0
BRDA:18,1,1,0
BRDA:20,2,0,0
BRDA:20,2,1,0
BRDA:22,3,0,0
BRDA:22,3,1,0
BRDA:24,4,0,0
BRDA:24,4,1,0
BRDA:26,5,0,0
BRDA:26,5,1,0
BRDA:28,6,0,0
BRDA:28,6,1,0
BRDA:29,7,0,0
BRDA:29,7,1,0
BRDA:30,8,0,0
BRDA:30,8,1,0
BRDA:32,9,0,0
BRDA:32,9,1,0
BRDA:33,10,0,0
BRDA:33,11,0,0
BRDA:42,12,0,0
BRDA:42,12,1,0
BRDA:53,13,0,0
BRDA:53,13,1,0
BRDA:53,14,0,0
BRDA:53,14,1,0
BRDA:56,15,0,0
BRDA:56,15,1,0
BRDA:57,16,0,0
BRDA:57,16,1,0
BRDA:12,17,0,0
BRDA:12,17,1,0
BRDA:18,18,0,0
BRDA:18,18,1,0
BRDA:20,19,0,0
BRDA:20,19,1,0
BRDA:22,20,0,0
BRDA:22,20,1,0
BRDA:24,21,0,0
BRDA:24,21,1,0
BRDA:26,22,0,0
BRDA:26,22,1,0
BRDA:28,23,0,0
BRDA:28,23,1,0
BRDA:29,24,0,0
BRDA:29,24,1,0
BRDA:30,25,0,0
BRDA:30,25,1,0
BRDA:32,26,0,0
BRDA:32,26,1,0
BRDA:33,27,0,0
BRDA:33,27,1,0
BRDA:33,28,0,0
BRDA:33,28,1,0
BRDA:42,29,0,0
BRDA:42,29,1,0
BRDA:53,30,0,0
BRDA:53,30,1,0
BRDA:56,31,0,0
BRDA:56,31,1,0
BRDA:57,32,0,0
BRDA:57,32,1,0
BRF:64
BRH:0
end_of_record
TN:
SF:D:\Project Numerical\frontend\src\node_modules\@popperjs\core\lib\utils\expandToHashMap.js
FN:2,(anonymous_183)
FN:1,expandToHashMap
FNF:2
FNH:0
FNDA:0,(anonymous_183)
FNDA:0,expandToHashMap
DA:2,0
DA:3,0
DA:4,0
LF:3
LH:0
BRF:0
BRH:0
end_of_record
TN:
SF:D:\Project Numerical\frontend\src\node_modules\@popperjs\core\lib\utils\getAltAxis.js
FN:1,getAltAxis
FNF:1
FNH:0
FNDA:0,getAltAxis
DA:2,0
LF:1
LH:0
BRDA:2,0,0,0
BRDA:2,1,0,0
BRDA:2,1,1,0
BRF:3
BRH:0
end_of_record
TN:
SF:D:\Project Numerical\frontend\src\node_modules\@popperjs\core\lib\utils\getBasePlacement.js
FN:2,getBasePlacement
FNF:1
FNH:0
FNDA:0,getBasePlacement
DA:3,0
LF:1
LH:0
BRF:0
BRH:0
end_of_record
TN:
SF:D:\Project Numerical\frontend\src\node_modules\@popperjs\core\lib\utils\getFreshSideObject.js
FN:1,getFreshSideObject
FNF:1
FNH:0
FNDA:0,getFreshSideObject
DA:2,0
LF:1
LH:0
BRF:0
BRH:0
end_of_record
TN:
SF:D:\Project Numerical\frontend\src\node_modules\@popperjs\core\lib\utils\getMainAxisFromPlacement.js
FN:1,getMainAxisFromPlacement
FNF:1
FNH:0
FNDA:0,getMainAxisFromPlacement
DA:2,0
LF:1
LH:0
BRDA:2,0,0,0
BRDA:2,0,1,0
BRF:2
BRH:0
end_of_record
TN:
SF:D:\Project Numerical\frontend\src\node_modules\@popperjs\core\lib\utils\getOppositePlacement.js
FN:8,(anonymous_197)
FN:7,getOppositePlacement
FNF:2
FNH:0
FNDA:0,(anonymous_197)
FNDA:0,getOppositePlacement
DA:1,0
DA:8,0
DA:9,0
LF:3
LH:0
BRF:0
BRH:0
end_of_record
TN:
SF:D:\Project Numerical\frontend\src\node_modules\@popperjs\core\lib\utils\getOppositeVariationPlacement.js
FN:6,(anonymous_199)
FN:5,getOppositeVariationPlacement
FNF:2
FNH:0
FNDA:0,(anonymous_199)
FNDA:0,getOppositeVariationPlacement
DA:1,0
DA:6,0
DA:7,0
LF:3
LH:0
BRF:0
BRH:0
end_of_record
TN:
SF:D:\Project Numerical\frontend\src\node_modules\@popperjs\core\lib\utils\getVariation.js
FN:1,getVariation
FNF:1
FNH:0
FNDA:0,getVariation
DA:2,0
LF:1
LH:0
BRF:0
BRH:0
end_of_record
TN:
SF:D:\Project Numerical\frontend\src\node_modules\@popperjs\core\lib\utils\math.js
FNF:0
FNH:0
DA:1,0
DA:2,0
DA:3,0
LF:3
LH:0
BRF:0
BRH:0
end_of_record
TN:
SF:D:\Project Numerical\frontend\src\node_modules\@popperjs\core\lib\utils\mergeByName.js
FN:2,(anonymous_248)
FN:11,(anonymous_249)
FN:1,mergeByName
FNF:3
FNH:0
FNDA:0,(anonymous_248)
FNDA:0,(anonymous_249)
FNDA:0,mergeByName
DA:2,0
DA:3,0
DA:4,0
DA:8,0
DA:11,0
DA:12,0
LF:6
LH:0
BRDA:4,0,0,0
BRDA:4,0,1,0
BRDA:4,1,0,0
BRDA:4,1,1,0
BRF:4
BRH:0
end_of_record
TN:
SF:D:\Project Numerical\frontend\src\node_modules\@popperjs\core\lib\utils\mergePaddingObject.js
FN:2,mergePaddingObject
FNF:1
FNH:0
FNDA:0,mergePaddingObject
DA:3,0
LF:1
LH:0
BRF:0
BRH:0
end_of_record
TN:
SF:D:\Project Numerical\frontend\src\node_modules\@popperjs\core\lib\utils\orderModifiers.js
FN:11,s
FN:14,(anonymous_237)
FN:7,(anonymous_238)
FN:26,(anonymous_239)
FN:35,(anonymous_245)
FN:39,(anonymous_246)
FN:40,(anonymous_247)
FN:3,order
FN:35,orderModifiers
FNF:9
FNH:0
FNDA:0,s
FNDA:0,(anonymous_237)
FNDA:0,(anonymous_238)
FNDA:0,(anonymous_239)
FNDA:0,(anonymous_245)
FNDA:0,(anonymous_246)
FNDA:0,(anonymous_247)
FNDA:0,order
FNDA:0,orderModifiers
DA:4,0
DA:5,0
DA:6,0
DA:7,0
DA:8,0
DA:12,0
DA:13,0
DA:14,0
DA:15,0
DA:16,0
DA:18,0
DA:19,0
DA:23,0
DA:26,0
DA:27,0
DA:29,0
DA:32,0
DA:37,0
DA:39,0
DA:40,0
DA:41,0
LF:21
LH:0
BRDA:13,0,0,0
BRDA:13,0,1,0
BRDA:13,1,0,0
BRDA:13,1,1,0
BRDA:15,2,0,0
BRDA:15,2,1,0
BRDA:18,3,0,0
BRDA:18,3,1,0
BRDA:27,4,0,0
BRDA:27,4,1,0
BRDA:15,5,0,0
BRDA:15,5,1,0
BRDA:18,6,0,0
BRDA:18,6,1,0
BRDA:27,7,0,0
BRDA:27,7,1,0
BRF:16
BRH:0
end_of_record
TN:
SF:D:\Project Numerical\frontend\src\node_modules\@popperjs\core\lib\utils\rectToClientRect.js
FN:1,rectToClientRect
FNF:1
FNH:0
FNDA:0,rectToClientRect
DA:2,0
LF:1
LH:0
BRF:0
BRH:0
end_of_record
TN:
SF:D:\Project Numerical\frontend\src\node_modules\@popperjs\core\lib\utils\within.js
FN:2,within
FNF:1
FNH:0
FNDA:0,within
DA:3,0
LF:1
LH:0
BRF:0
BRH:0
end_of_record
